<?xml version="1.0" encoding="UTF-8"?>
<!-- Generated by org.testng.reporters.JUnitXMLReporter -->
<testsuite hostname="ASUS" ignored="0" name="Regression Test" tests="5" failures="3" timestamp="2022-12-13T13:20:17 GMT" time="35.48" errors="0">
  <testcase name="bankManagerShouldAddCustomerSuccessfully" time="3.155" classname="com.bank.testsuite.BankTest"/>
  <testcase name="bankManagerShouldOpenAccountSuccessfully" time="1.208" classname="com.bank.testsuite.BankTest"/>
  <testcase name="customerShouldDepositMoneySuccessfully" time="0.723" classname="com.bank.testsuite.BankTest">
    <failure type="org.openqa.selenium.support.ui.UnexpectedTagNameException" message="Element should have been &amp;quot;select&amp;quot; but was &amp;quot;option&amp;quot;
Build info: version: &amp;apos;4.6.0&amp;apos;, revision: &amp;apos;79f1c02ae20&amp;apos;
System info: os.name: &amp;apos;Windows 10&amp;apos;, os.arch: &amp;apos;amd64&amp;apos;, os.version: &amp;apos;10.0&amp;apos;, java.version: &amp;apos;1.8.0_121&amp;apos;
Driver info: driver.version: unknown">
      <![CDATA[org.openqa.selenium.support.ui.UnexpectedTagNameException: Element should have been "select" but was "option"
Build info: version: '4.6.0', revision: '79f1c02ae20'
System info: os.name: 'Windows 10', os.arch: 'amd64', os.version: '10.0', java.version: '1.8.0_121'
Driver info: driver.version: unknown
at org.openqa.selenium.support.ui.Select.<init>(Select.java:49)
at com.bank.utility.UtilityClass.selectByVisibleTextFromDropDown(UtilityClass.java:146)
at com.bank.pages.CustomerLoginPage.selectYourNameFromDropDown(CustomerLoginPage.java:34)
at com.bank.testsuite.BankTest.customerShouldDepositMoneySuccessfully(BankTest.java:72)
at java.util.ArrayList.forEach(ArrayList.java:1249)
at com.intellij.rt.testng.IDEARemoteTestNG.run(IDEARemoteTestNG.java:66)
at com.intellij.rt.testng.RemoteTestNGStarter.main(RemoteTestNGStarter.java:109)
... Removed 24 stack frames]]>
    </failure>
  </testcase> <!-- customerShouldDepositMoneySuccessfully -->
  <testcase name="customerShouldLoginAndLogoutSuccessfully" time="7.286" classname="com.bank.testsuite.BankTest">
    <failure type="java.lang.StackOverflowError">
      <![CDATA[java.lang.StackOverflowError
at java.util.regex.Pattern$BmpCharProperty.match(Pattern.java:3797)
at java.util.regex.Pattern$GroupHead.match(Pattern.java:4658)
at java.util.regex.Pattern$Branch.match(Pattern.java:4604)
at java.util.regex.Pattern$Branch.match(Pattern.java:4602)
at java.util.regex.Pattern$Branch.match(Pattern.java:4602)
at java.util.regex.Pattern$BranchConn.match(Pattern.java:4568)
at java.util.regex.Pattern$GroupTail.match(Pattern.java:4717)
at java.util.regex.Pattern$Curly.match0(Pattern.java:4279)
at java.util.regex.Pattern$Curly.match(Pattern.java:4234)
at java.util.regex.Pattern$GroupHead.match(Pattern.java:4658)
at java.util.regex.Pattern$Branch.match(Pattern.java:4604)
at java.util.regex.Pattern$Branch.match(Pattern.java:4602)
at java.util.regex.Pattern$BmpCharProperty.match(Pattern.java:3798)
at java.util.regex.Pattern$Start.match(Pattern.java:3461)
at java.util.regex.Matcher.search(Matcher.java:1248)
at java.util.regex.Matcher.find(Matcher.java:664)
at java.util.Formatter.parse(Formatter.java:2549)
at java.util.Formatter.format(Formatter.java:2501)
at java.util.Formatter.format(Formatter.java:2455)
at java.lang.String.format(String.java:2940)
at org.openqa.selenium.remote.RemoteWebElement.toString(RemoteWebElement.java:410)
at org.openqa.selenium.support.pagefactory.internal.LocatingElementHandler.invoke(LocatingElementHandler.java:52)
at com.sun.proxy.$Proxy14.toString(Unknown Source)
at java.lang.String.valueOf(String.java:2994)
at java.lang.StringBuilder.append(StringBuilder.java:131)
at com.bank.pages.CustomerLoginPage.verifyLogoutTab(CustomerLoginPage.java:52)
at com.bank.pages.CustomerLoginPage.verifyLogoutTab(CustomerLoginPage.java:53)
at com.bank.pages.CustomerLoginPage.verifyLogoutTab(CustomerLoginPage.java:53)
at com.bank.pages.CustomerLoginPage.verifyLogoutTab(CustomerLoginPage.java:53)
at com.bank.pages.CustomerLoginPage.verifyLogoutTab(CustomerLoginPage.java:53)
at com.bank.pages.CustomerLoginPage.verifyLogoutTab(CustomerLoginPage.java:53)
at com.bank.pages.CustomerLoginPage.verifyLogoutTab(CustomerLoginPage.java:53)
at com.bank.pages.CustomerLoginPage.verifyLogoutTab(CustomerLoginPage.java:53)
at com.bank.pages.CustomerLoginPage.verifyLogoutTab(CustomerLoginPage.java:53)
at com.bank.pages.CustomerLoginPage.verifyLogoutTab(CustomerLoginPage.java:53)
at com.bank.pages.CustomerLoginPage.verifyLogoutTab(CustomerLoginPage.java:53)
at com.bank.pages.CustomerLoginPage.verifyLogoutTab(CustomerLoginPage.java:53)
at com.bank.pages.CustomerLoginPage.verifyLogoutTab(CustomerLoginPage.java:53)
at com.bank.pages.CustomerLoginPage.verifyLogoutTab(CustomerLoginPage.java:53)
at com.bank.pages.CustomerLoginPage.verifyLogoutTab(CustomerLoginPage.java:53)
at com.bank.pages.CustomerLoginPage.verifyLogoutTab(CustomerLoginPage.java:53)
at com.bank.pages.CustomerLoginPage.verifyLogoutTab(CustomerLoginPage.java:53)
at com.bank.pages.CustomerLoginPage.verifyLogoutTab(CustomerLoginPage.java:53)
at com.bank.pages.CustomerLoginPage.verifyLogoutTab(CustomerLoginPage.java:53)
at com.bank.pages.CustomerLoginPage.verifyLogoutTab(CustomerLoginPage.java:53)
at com.bank.pages.CustomerLoginPage.verifyLogoutTab(CustomerLoginPage.java:53)
at com.bank.pages.CustomerLoginPage.verifyLogoutTab(CustomerLoginPage.java:53)
at com.bank.pages.CustomerLoginPage.verifyLogoutTab(CustomerLoginPage.java:53)
at com.bank.pages.CustomerLoginPage.verifyLogoutTab(CustomerLoginPage.java:53)
at com.bank.pages.CustomerLoginPage.verifyLogoutTab(CustomerLoginPage.java:53)
at com.bank.pages.CustomerLoginPage.verifyLogoutTab(CustomerLoginPage.java:53)
at com.bank.pages.CustomerLoginPage.verifyLogoutTab(CustomerLoginPage.java:53)
at com.bank.pages.CustomerLoginPage.verifyLogoutTab(CustomerLoginPage.java:53)
at com.bank.pages.CustomerLoginPage.verifyLogoutTab(CustomerLoginPage.java:53)
at com.bank.pages.CustomerLoginPage.verifyLogoutTab(CustomerLoginPage.java:53)
at com.bank.pages.CustomerLoginPage.verifyLogoutTab(CustomerLoginPage.java:53)
at com.bank.pages.CustomerLoginPage.verifyLogoutTab(CustomerLoginPage.java:53)
at com.bank.pages.CustomerLoginPage.verifyLogoutTab(CustomerLoginPage.java:53)
at com.bank.pages.CustomerLoginPage.verifyLogoutTab(CustomerLoginPage.java:53)
at com.bank.pages.CustomerLoginPage.verifyLogoutTab(CustomerLoginPage.java:53)
at com.bank.pages.CustomerLoginPage.verifyLogoutTab(CustomerLoginPage.java:53)
at com.bank.pages.CustomerLoginPage.verifyLogoutTab(CustomerLoginPage.java:53)
at com.bank.pages.CustomerLoginPage.verifyLogoutTab(CustomerLoginPage.java:53)
at com.bank.pages.CustomerLoginPage.verifyLogoutTab(CustomerLoginPage.java:53)
at com.bank.pages.CustomerLoginPage.verifyLogoutTab(CustomerLoginPage.java:53)
at com.bank.pages.CustomerLoginPage.verifyLogoutTab(CustomerLoginPage.java:53)
at com.bank.pages.CustomerLoginPage.verifyLogoutTab(CustomerLoginPage.java:53)
at com.bank.pages.CustomerLoginPage.verifyLogoutTab(CustomerLoginPage.java:53)
at com.bank.pages.CustomerLoginPage.verifyLogoutTab(CustomerLoginPage.java:53)
at com.bank.pages.CustomerLoginPage.verifyLogoutTab(CustomerLoginPage.java:53)
at com.bank.pages.CustomerLoginPage.verifyLogoutTab(CustomerLoginPage.java:53)
at com.bank.pages.CustomerLoginPage.verifyLogoutTab(CustomerLoginPage.java:53)
at com.bank.pages.CustomerLoginPage.verifyLogoutTab(CustomerLoginPage.java:53)
at com.bank.pages.CustomerLoginPage.verifyLogoutTab(CustomerLoginPage.java:53)
at com.bank.pages.CustomerLoginPage.verifyLogoutTab(CustomerLoginPage.java:53)
at com.bank.pages.CustomerLoginPage.verifyLogoutTab(CustomerLoginPage.java:53)
at com.bank.pages.CustomerLoginPage.verifyLogoutTab(CustomerLoginPage.java:53)
at com.bank.pages.CustomerLoginPage.verifyLogoutTab(CustomerLoginPage.java:53)
at com.bank.pages.CustomerLoginPage.verifyLogoutTab(CustomerLoginPage.java:53)
at com.bank.pages.CustomerLoginPage.verifyLogoutTab(CustomerLoginPage.java:53)
at com.bank.pages.CustomerLoginPage.verifyLogoutTab(CustomerLoginPage.java:53)
at com.bank.pages.CustomerLoginPage.verifyLogoutTab(CustomerLoginPage.java:53)
at com.bank.pages.CustomerLoginPage.verifyLogoutTab(CustomerLoginPage.java:53)
at com.bank.pages.CustomerLoginPage.verifyLogoutTab(CustomerLoginPage.java:53)
at com.bank.pages.CustomerLoginPage.verifyLogoutTab(CustomerLoginPage.java:53)
at com.bank.pages.CustomerLoginPage.verifyLogoutTab(CustomerLoginPage.java:53)
at com.bank.pages.CustomerLoginPage.verifyLogoutTab(CustomerLoginPage.java:53)
at com.bank.pages.CustomerLoginPage.verifyLogoutTab(CustomerLoginPage.java:53)
at com.bank.pages.CustomerLoginPage.verifyLogoutTab(CustomerLoginPage.java:53)
at com.bank.pages.CustomerLoginPage.verifyLogoutTab(CustomerLoginPage.java:53)
at com.bank.pages.CustomerLoginPage.verifyLogoutTab(CustomerLoginPage.java:53)
at com.bank.pages.CustomerLoginPage.verifyLogoutTab(CustomerLoginPage.java:53)
at com.bank.pages.CustomerLoginPage.verifyLogoutTab(CustomerLoginPage.java:53)
at com.bank.pages.CustomerLoginPage.verifyLogoutTab(CustomerLoginPage.java:53)
at com.bank.pages.CustomerLoginPage.verifyLogoutTab(CustomerLoginPage.java:53)
at com.bank.pages.CustomerLoginPage.verifyLogoutTab(CustomerLoginPage.java:53)
at com.bank.pages.CustomerLoginPage.verifyLogoutTab(CustomerLoginPage.java:53)
at com.bank.pages.CustomerLoginPage.verifyLogoutTab(CustomerLoginPage.java:53)
at com.bank.pages.CustomerLoginPage.verifyLogoutTab(CustomerLoginPage.java:53)
at com.bank.pages.CustomerLoginPage.verifyLogoutTab(CustomerLoginPage.java:53)
at com.bank.pages.CustomerLoginPage.verifyLogoutTab(CustomerLoginPage.java:53)
at com.bank.pages.CustomerLoginPage.verifyLogoutTab(CustomerLoginPage.java:53)
at com.bank.pages.CustomerLoginPage.verifyLogoutTab(CustomerLoginPage.java:53)
at com.bank.pages.CustomerLoginPage.verifyLogoutTab(CustomerLoginPage.java:53)
at com.bank.pages.CustomerLoginPage.verifyLogoutTab(CustomerLoginPage.java:53)
at com.bank.pages.CustomerLoginPage.verifyLogoutTab(CustomerLoginPage.java:53)
at com.bank.pages.CustomerLoginPage.verifyLogoutTab(CustomerLoginPage.java:53)
at com.bank.pages.CustomerLoginPage.verifyLogoutTab(CustomerLoginPage.java:53)
at com.bank.pages.CustomerLoginPage.verifyLogoutTab(CustomerLoginPage.java:53)
at com.bank.pages.CustomerLoginPage.verifyLogoutTab(CustomerLoginPage.java:53)
at com.bank.pages.CustomerLoginPage.verifyLogoutTab(CustomerLoginPage.java:53)
at com.bank.pages.CustomerLoginPage.verifyLogoutTab(CustomerLoginPage.java:53)
at com.bank.pages.CustomerLoginPage.verifyLogoutTab(CustomerLoginPage.java:53)
at com.bank.pages.CustomerLoginPage.verifyLogoutTab(CustomerLoginPage.java:53)
at com.bank.pages.CustomerLoginPage.verifyLogoutTab(CustomerLoginPage.java:53)
at com.bank.pages.CustomerLoginPage.verifyLogoutTab(CustomerLoginPage.java:53)
at com.bank.pages.CustomerLoginPage.verifyLogoutTab(CustomerLoginPage.java:53)
at com.bank.pages.CustomerLoginPage.verifyLogoutTab(CustomerLoginPage.java:53)
at com.bank.pages.CustomerLoginPage.verifyLogoutTab(CustomerLoginPage.java:53)
at com.bank.pages.CustomerLoginPage.verifyLogoutTab(CustomerLoginPage.java:53)
at com.bank.pages.CustomerLoginPage.verifyLogoutTab(CustomerLoginPage.java:53)
at com.bank.pages.CustomerLoginPage.verifyLogoutTab(CustomerLoginPage.java:53)
at com.bank.pages.CustomerLoginPage.verifyLogoutTab(CustomerLoginPage.java:53)
at com.bank.pages.CustomerLoginPage.verifyLogoutTab(CustomerLoginPage.java:53)
at com.bank.pages.CustomerLoginPage.verifyLogoutTab(CustomerLoginPage.java:53)
at com.bank.pages.CustomerLoginPage.verifyLogoutTab(CustomerLoginPage.java:53)
at com.bank.pages.CustomerLoginPage.verifyLogoutTab(CustomerLoginPage.java:53)
at com.bank.pages.CustomerLoginPage.verifyLogoutTab(CustomerLoginPage.java:53)
at com.bank.pages.CustomerLoginPage.verifyLogoutTab(CustomerLoginPage.java:53)
at com.bank.pages.CustomerLoginPage.verifyLogoutTab(CustomerLoginPage.java:53)
at com.bank.pages.CustomerLoginPage.verifyLogoutTab(CustomerLoginPage.java:53)
at com.bank.pages.CustomerLoginPage.verifyLogoutTab(CustomerLoginPage.java:53)
at com.bank.pages.CustomerLoginPage.verifyLogoutTab(CustomerLoginPage.java:53)
at com.bank.pages.CustomerLoginPage.verifyLogoutTab(CustomerLoginPage.java:53)
at com.bank.pages.CustomerLoginPage.verifyLogoutTab(CustomerLoginPage.java:53)
at com.bank.pages.CustomerLoginPage.verifyLogoutTab(CustomerLoginPage.java:53)
at com.bank.pages.CustomerLoginPage.verifyLogoutTab(CustomerLoginPage.java:53)
at com.bank.pages.CustomerLoginPage.verifyLogoutTab(CustomerLoginPage.java:53)
at com.bank.pages.CustomerLoginPage.verifyLogoutTab(CustomerLoginPage.java:53)
at com.bank.pages.CustomerLoginPage.verifyLogoutTab(CustomerLoginPage.java:53)
at com.bank.pages.CustomerLoginPage.verifyLogoutTab(CustomerLoginPage.java:53)
at com.bank.pages.CustomerLoginPage.verifyLogoutTab(CustomerLoginPage.java:53)
at com.bank.pages.CustomerLoginPage.verifyLogoutTab(CustomerLoginPage.java:53)
at com.bank.pages.CustomerLoginPage.verifyLogoutTab(CustomerLoginPage.java:53)
at com.bank.pages.CustomerLoginPage.verifyLogoutTab(CustomerLoginPage.java:53)
at com.bank.pages.CustomerLoginPage.verifyLogoutTab(CustomerLoginPage.java:53)
at com.bank.pages.CustomerLoginPage.verifyLogoutTab(CustomerLoginPage.java:53)
at com.bank.pages.CustomerLoginPage.verifyLogoutTab(CustomerLoginPage.java:53)
at com.bank.pages.CustomerLoginPage.verifyLogoutTab(CustomerLoginPage.java:53)
at com.bank.pages.CustomerLoginPage.verifyLogoutTab(CustomerLoginPage.java:53)
at com.bank.pages.CustomerLoginPage.verifyLogoutTab(CustomerLoginPage.java:53)
at com.bank.pages.CustomerLoginPage.verifyLogoutTab(CustomerLoginPage.java:53)
at com.bank.pages.CustomerLoginPage.verifyLogoutTab(CustomerLoginPage.java:53)
at com.bank.pages.CustomerLoginPage.verifyLogoutTab(CustomerLoginPage.java:53)
at com.bank.pages.CustomerLoginPage.verifyLogoutTab(CustomerLoginPage.java:53)
at com.bank.pages.CustomerLoginPage.verifyLogoutTab(CustomerLoginPage.java:53)
at com.bank.pages.CustomerLoginPage.verifyLogoutTab(CustomerLoginPage.java:53)
at com.bank.pages.CustomerLoginPage.verifyLogoutTab(CustomerLoginPage.java:53)
at com.bank.pages.CustomerLoginPage.verifyLogoutTab(CustomerLoginPage.java:53)
at com.bank.pages.CustomerLoginPage.verifyLogoutTab(CustomerLoginPage.java:53)
at com.bank.pages.CustomerLoginPage.verifyLogoutTab(CustomerLoginPage.java:53)
at com.bank.pages.CustomerLoginPage.verifyLogoutTab(CustomerLoginPage.java:53)
at com.bank.pages.CustomerLoginPage.verifyLogoutTab(CustomerLoginPage.java:53)
at com.bank.pages.CustomerLoginPage.verifyLogoutTab(CustomerLoginPage.java:53)
at com.bank.pages.CustomerLoginPage.verifyLogoutTab(CustomerLoginPage.java:53)
at com.bank.pages.CustomerLoginPage.verifyLogoutTab(CustomerLoginPage.java:53)
at com.bank.pages.CustomerLoginPage.verifyLogoutTab(CustomerLoginPage.java:53)
at com.bank.pages.CustomerLoginPage.verifyLogoutTab(CustomerLoginPage.java:53)
at com.bank.pages.CustomerLoginPage.verifyLogoutTab(CustomerLoginPage.java:53)
at com.bank.pages.CustomerLoginPage.verifyLogoutTab(CustomerLoginPage.java:53)
at com.bank.pages.CustomerLoginPage.verifyLogoutTab(CustomerLoginPage.java:53)
at com.bank.pages.CustomerLoginPage.verifyLogoutTab(CustomerLoginPage.java:53)
at com.bank.pages.CustomerLoginPage.verifyLogoutTab(CustomerLoginPage.java:53)
at com.bank.pages.CustomerLoginPage.verifyLogoutTab(CustomerLoginPage.java:53)
at com.bank.pages.CustomerLoginPage.verifyLogoutTab(CustomerLoginPage.java:53)
at com.bank.pages.CustomerLoginPage.verifyLogoutTab(CustomerLoginPage.java:53)
at com.bank.pages.CustomerLoginPage.verifyLogoutTab(CustomerLoginPage.java:53)
at com.bank.pages.CustomerLoginPage.verifyLogoutTab(CustomerLoginPage.java:53)
at com.bank.pages.CustomerLoginPage.verifyLogoutTab(CustomerLoginPage.java:53)
at com.bank.pages.CustomerLoginPage.verifyLogoutTab(CustomerLoginPage.java:53)
at com.bank.pages.CustomerLoginPage.verifyLogoutTab(CustomerLoginPage.java:53)
at com.bank.pages.CustomerLoginPage.verifyLogoutTab(CustomerLoginPage.java:53)
at com.bank.pages.CustomerLoginPage.verifyLogoutTab(CustomerLoginPage.java:53)
at com.bank.pages.CustomerLoginPage.verifyLogoutTab(CustomerLoginPage.java:53)
at com.bank.pages.CustomerLoginPage.verifyLogoutTab(CustomerLoginPage.java:53)
at com.bank.pages.CustomerLoginPage.verifyLogoutTab(CustomerLoginPage.java:53)
at com.bank.pages.CustomerLoginPage.verifyLogoutTab(CustomerLoginPage.java:53)
at com.bank.pages.CustomerLoginPage.verifyLogoutTab(CustomerLoginPage.java:53)
at com.bank.pages.CustomerLoginPage.verifyLogoutTab(CustomerLoginPage.java:53)
at com.bank.pages.CustomerLoginPage.verifyLogoutTab(CustomerLoginPage.java:53)
at com.bank.pages.CustomerLoginPage.verifyLogoutTab(CustomerLoginPage.java:53)
at com.bank.pages.CustomerLoginPage.verifyLogoutTab(CustomerLoginPage.java:53)
at com.bank.pages.CustomerLoginPage.verifyLogoutTab(CustomerLoginPage.java:53)
at com.bank.pages.CustomerLoginPage.verifyLogoutTab(CustomerLoginPage.java:53)
at com.bank.pages.CustomerLoginPage.verifyLogoutTab(CustomerLoginPage.java:53)
at com.bank.pages.CustomerLoginPage.verifyLogoutTab(CustomerLoginPage.java:53)
at com.bank.pages.CustomerLoginPage.verifyLogoutTab(CustomerLoginPage.java:53)
at com.bank.pages.CustomerLoginPage.verifyLogoutTab(CustomerLoginPage.java:53)
at com.bank.pages.CustomerLoginPage.verifyLogoutTab(CustomerLoginPage.java:53)
at com.bank.pages.CustomerLoginPage.verifyLogoutTab(CustomerLoginPage.java:53)
at com.bank.pages.CustomerLoginPage.verifyLogoutTab(CustomerLoginPage.java:53)
at com.bank.pages.CustomerLoginPage.verifyLogoutTab(CustomerLoginPage.java:53)
at com.bank.pages.CustomerLoginPage.verifyLogoutTab(CustomerLoginPage.java:53)
at com.bank.pages.CustomerLoginPage.verifyLogoutTab(CustomerLoginPage.java:53)
at com.bank.pages.CustomerLoginPage.verifyLogoutTab(CustomerLoginPage.java:53)
at com.bank.pages.CustomerLoginPage.verifyLogoutTab(CustomerLoginPage.java:53)
at com.bank.pages.CustomerLoginPage.verifyLogoutTab(CustomerLoginPage.java:53)
at com.bank.pages.CustomerLoginPage.verifyLogoutTab(CustomerLoginPage.java:53)
at com.bank.pages.CustomerLoginPage.verifyLogoutTab(CustomerLoginPage.java:53)
at com.bank.pages.CustomerLoginPage.verifyLogoutTab(CustomerLoginPage.java:53)
at com.bank.pages.CustomerLoginPage.verifyLogoutTab(CustomerLoginPage.java:53)
at com.bank.pages.CustomerLoginPage.verifyLogoutTab(CustomerLoginPage.java:53)
at com.bank.pages.CustomerLoginPage.verifyLogoutTab(CustomerLoginPage.java:53)
at com.bank.pages.CustomerLoginPage.verifyLogoutTab(CustomerLoginPage.java:53)
at com.bank.pages.CustomerLoginPage.verifyLogoutTab(CustomerLoginPage.java:53)
at com.bank.pages.CustomerLoginPage.verifyLogoutTab(CustomerLoginPage.java:53)
at com.bank.pages.CustomerLoginPage.verifyLogoutTab(CustomerLoginPage.java:53)
at com.bank.pages.CustomerLoginPage.verifyLogoutTab(CustomerLoginPage.java:53)
at com.bank.pages.CustomerLoginPage.verifyLogoutTab(CustomerLoginPage.java:53)
at com.bank.pages.CustomerLoginPage.verifyLogoutTab(CustomerLoginPage.java:53)
at com.bank.pages.CustomerLoginPage.verifyLogoutTab(CustomerLoginPage.java:53)
at com.bank.pages.CustomerLoginPage.verifyLogoutTab(CustomerLoginPage.java:53)
at com.bank.pages.CustomerLoginPage.verifyLogoutTab(CustomerLoginPage.java:53)
at com.bank.pages.CustomerLoginPage.verifyLogoutTab(CustomerLoginPage.java:53)
at com.bank.pages.CustomerLoginPage.verifyLogoutTab(CustomerLoginPage.java:53)
at com.bank.pages.CustomerLoginPage.verifyLogoutTab(CustomerLoginPage.java:53)
at com.bank.pages.CustomerLoginPage.verifyLogoutTab(CustomerLoginPage.java:53)
at com.bank.pages.CustomerLoginPage.verifyLogoutTab(CustomerLoginPage.java:53)
at com.bank.pages.CustomerLoginPage.verifyLogoutTab(CustomerLoginPage.java:53)
at com.bank.pages.CustomerLoginPage.verifyLogoutTab(CustomerLoginPage.java:53)
at com.bank.pages.CustomerLoginPage.verifyLogoutTab(CustomerLoginPage.java:53)
at com.bank.pages.CustomerLoginPage.verifyLogoutTab(CustomerLoginPage.java:53)
at com.bank.pages.CustomerLoginPage.verifyLogoutTab(CustomerLoginPage.java:53)
at com.bank.pages.CustomerLoginPage.verifyLogoutTab(CustomerLoginPage.java:53)
at com.bank.pages.CustomerLoginPage.verifyLogoutTab(CustomerLoginPage.java:53)
at com.bank.pages.CustomerLoginPage.verifyLogoutTab(CustomerLoginPage.java:53)
at com.bank.pages.CustomerLoginPage.verifyLogoutTab(CustomerLoginPage.java:53)
at com.bank.pages.CustomerLoginPage.verifyLogoutTab(CustomerLoginPage.java:53)
at com.bank.pages.CustomerLoginPage.verifyLogoutTab(CustomerLoginPage.java:53)
at com.bank.pages.CustomerLoginPage.verifyLogoutTab(CustomerLoginPage.java:53)
at com.bank.pages.CustomerLoginPage.verifyLogoutTab(CustomerLoginPage.java:53)
at com.bank.pages.CustomerLoginPage.verifyLogoutTab(CustomerLoginPage.java:53)
at com.bank.pages.CustomerLoginPage.verifyLogoutTab(CustomerLoginPage.java:53)
at com.bank.pages.CustomerLoginPage.verifyLogoutTab(CustomerLoginPage.java:53)
at com.bank.pages.CustomerLoginPage.verifyLogoutTab(CustomerLoginPage.java:53)
at com.bank.pages.CustomerLoginPage.verifyLogoutTab(CustomerLoginPage.java:53)
at com.bank.pages.CustomerLoginPage.verifyLogoutTab(CustomerLoginPage.java:53)
at com.bank.pages.CustomerLoginPage.verifyLogoutTab(CustomerLoginPage.java:53)
at com.bank.pages.CustomerLoginPage.verifyLogoutTab(CustomerLoginPage.java:53)
at com.bank.pages.CustomerLoginPage.verifyLogoutTab(CustomerLoginPage.java:53)
at com.bank.pages.CustomerLoginPage.verifyLogoutTab(CustomerLoginPage.java:53)
at com.bank.pages.CustomerLoginPage.verifyLogoutTab(CustomerLoginPage.java:53)
at com.bank.pages.CustomerLoginPage.verifyLogoutTab(CustomerLoginPage.java:53)
at com.bank.pages.CustomerLoginPage.verifyLogoutTab(CustomerLoginPage.java:53)
at com.bank.pages.CustomerLoginPage.verifyLogoutTab(CustomerLoginPage.java:53)
at com.bank.pages.CustomerLoginPage.verifyLogoutTab(CustomerLoginPage.java:53)
at com.bank.pages.CustomerLoginPage.verifyLogoutTab(CustomerLoginPage.java:53)
at com.bank.pages.CustomerLoginPage.verifyLogoutTab(CustomerLoginPage.java:53)
at com.bank.pages.CustomerLoginPage.verifyLogoutTab(CustomerLoginPage.java:53)
at com.bank.pages.CustomerLoginPage.verifyLogoutTab(CustomerLoginPage.java:53)
at com.bank.pages.CustomerLoginPage.verifyLogoutTab(CustomerLoginPage.java:53)
at com.bank.pages.CustomerLoginPage.verifyLogoutTab(CustomerLoginPage.java:53)
at com.bank.pages.CustomerLoginPage.verifyLogoutTab(CustomerLoginPage.java:53)
at com.bank.pages.CustomerLoginPage.verifyLogoutTab(CustomerLoginPage.java:53)
at com.bank.pages.CustomerLoginPage.verifyLogoutTab(CustomerLoginPage.java:53)
at com.bank.pages.CustomerLoginPage.verifyLogoutTab(CustomerLoginPage.java:53)
at com.bank.pages.CustomerLoginPage.verifyLogoutTab(CustomerLoginPage.java:53)
at com.bank.pages.CustomerLoginPage.verifyLogoutTab(CustomerLoginPage.java:53)
at com.bank.pages.CustomerLoginPage.verifyLogoutTab(CustomerLoginPage.java:53)
at com.bank.pages.CustomerLoginPage.verifyLogoutTab(CustomerLoginPage.java:53)
at com.bank.pages.CustomerLoginPage.verifyLogoutTab(CustomerLoginPage.java:53)
at com.bank.pages.CustomerLoginPage.verifyLogoutTab(CustomerLoginPage.java:53)
at com.bank.pages.CustomerLoginPage.verifyLogoutTab(CustomerLoginPage.java:53)
at com.bank.pages.CustomerLoginPage.verifyLogoutTab(CustomerLoginPage.java:53)
at com.bank.pages.CustomerLoginPage.verifyLogoutTab(CustomerLoginPage.java:53)
at com.bank.pages.CustomerLoginPage.verifyLogoutTab(CustomerLoginPage.java:53)
at com.bank.pages.CustomerLoginPage.verifyLogoutTab(CustomerLoginPage.java:53)
at com.bank.pages.CustomerLoginPage.verifyLogoutTab(CustomerLoginPage.java:53)
at com.bank.pages.CustomerLoginPage.verifyLogoutTab(CustomerLoginPage.java:53)
at com.bank.pages.CustomerLoginPage.verifyLogoutTab(CustomerLoginPage.java:53)
at com.bank.pages.CustomerLoginPage.verifyLogoutTab(CustomerLoginPage.java:53)
at com.bank.pages.CustomerLoginPage.verifyLogoutTab(CustomerLoginPage.java:53)
at com.bank.pages.CustomerLoginPage.verifyLogoutTab(CustomerLoginPage.java:53)
at com.bank.pages.CustomerLoginPage.verifyLogoutTab(CustomerLoginPage.java:53)
at com.bank.pages.CustomerLoginPage.verifyLogoutTab(CustomerLoginPage.java:53)
at com.bank.pages.CustomerLoginPage.verifyLogoutTab(CustomerLoginPage.java:53)
at com.bank.pages.CustomerLoginPage.verifyLogoutTab(CustomerLoginPage.java:53)
at com.bank.pages.CustomerLoginPage.verifyLogoutTab(CustomerLoginPage.java:53)
at com.bank.pages.CustomerLoginPage.verifyLogoutTab(CustomerLoginPage.java:53)
at com.bank.pages.CustomerLoginPage.verifyLogoutTab(CustomerLoginPage.java:53)
at com.bank.pages.CustomerLoginPage.verifyLogoutTab(CustomerLoginPage.java:53)
at com.bank.pages.CustomerLoginPage.verifyLogoutTab(CustomerLoginPage.java:53)
at com.bank.pages.CustomerLoginPage.verifyLogoutTab(CustomerLoginPage.java:53)
at com.bank.pages.CustomerLoginPage.verifyLogoutTab(CustomerLoginPage.java:53)
at com.bank.pages.CustomerLoginPage.verifyLogoutTab(CustomerLoginPage.java:53)
at com.bank.pages.CustomerLoginPage.verifyLogoutTab(CustomerLoginPage.java:53)
at com.bank.pages.CustomerLoginPage.verifyLogoutTab(CustomerLoginPage.java:53)
at com.bank.pages.CustomerLoginPage.verifyLogoutTab(CustomerLoginPage.java:53)
at com.bank.pages.CustomerLoginPage.verifyLogoutTab(CustomerLoginPage.java:53)
at com.bank.pages.CustomerLoginPage.verifyLogoutTab(CustomerLoginPage.java:53)
at com.bank.pages.CustomerLoginPage.verifyLogoutTab(CustomerLoginPage.java:53)
at com.bank.pages.CustomerLoginPage.verifyLogoutTab(CustomerLoginPage.java:53)
at com.bank.pages.CustomerLoginPage.verifyLogoutTab(CustomerLoginPage.java:53)
at com.bank.pages.CustomerLoginPage.verifyLogoutTab(CustomerLoginPage.java:53)
at com.bank.pages.CustomerLoginPage.verifyLogoutTab(CustomerLoginPage.java:53)
at com.bank.pages.CustomerLoginPage.verifyLogoutTab(CustomerLoginPage.java:53)
at com.bank.pages.CustomerLoginPage.verifyLogoutTab(CustomerLoginPage.java:53)
at com.bank.pages.CustomerLoginPage.verifyLogoutTab(CustomerLoginPage.java:53)
at com.bank.pages.CustomerLoginPage.verifyLogoutTab(CustomerLoginPage.java:53)
at com.bank.pages.CustomerLoginPage.verifyLogoutTab(CustomerLoginPage.java:53)
at com.bank.pages.CustomerLoginPage.verifyLogoutTab(CustomerLoginPage.java:53)
at com.bank.pages.CustomerLoginPage.verifyLogoutTab(CustomerLoginPage.java:53)
at com.bank.pages.CustomerLoginPage.verifyLogoutTab(CustomerLoginPage.java:53)
at com.bank.pages.CustomerLoginPage.verifyLogoutTab(CustomerLoginPage.java:53)
at com.bank.pages.CustomerLoginPage.verifyLogoutTab(CustomerLoginPage.java:53)
at com.bank.pages.CustomerLoginPage.verifyLogoutTab(CustomerLoginPage.java:53)
at com.bank.pages.CustomerLoginPage.verifyLogoutTab(CustomerLoginPage.java:53)
at com.bank.pages.CustomerLoginPage.verifyLogoutTab(CustomerLoginPage.java:53)
at com.bank.pages.CustomerLoginPage.verifyLogoutTab(CustomerLoginPage.java:53)
at com.bank.pages.CustomerLoginPage.verifyLogoutTab(CustomerLoginPage.java:53)
at com.bank.pages.CustomerLoginPage.verifyLogoutTab(CustomerLoginPage.java:53)
at com.bank.pages.CustomerLoginPage.verifyLogoutTab(CustomerLoginPage.java:53)
at com.bank.pages.CustomerLoginPage.verifyLogoutTab(CustomerLoginPage.java:53)
at com.bank.pages.CustomerLoginPage.verifyLogoutTab(CustomerLoginPage.java:53)
at com.bank.pages.CustomerLoginPage.verifyLogoutTab(CustomerLoginPage.java:53)
at com.bank.pages.CustomerLoginPage.verifyLogoutTab(CustomerLoginPage.java:53)
at com.bank.pages.CustomerLoginPage.verifyLogoutTab(CustomerLoginPage.java:53)
at com.bank.pages.CustomerLoginPage.verifyLogoutTab(CustomerLoginPage.java:53)
at com.bank.pages.CustomerLoginPage.verifyLogoutTab(CustomerLoginPage.java:53)
at com.bank.pages.CustomerLoginPage.verifyLogoutTab(CustomerLoginPage.java:53)
at com.bank.pages.CustomerLoginPage.verifyLogoutTab(CustomerLoginPage.java:53)
at com.bank.pages.CustomerLoginPage.verifyLogoutTab(CustomerLoginPage.java:53)
at com.bank.pages.CustomerLoginPage.verifyLogoutTab(CustomerLoginPage.java:53)
at com.bank.pages.CustomerLoginPage.verifyLogoutTab(CustomerLoginPage.java:53)
at com.bank.pages.CustomerLoginPage.verifyLogoutTab(CustomerLoginPage.java:53)
at com.bank.pages.CustomerLoginPage.verifyLogoutTab(CustomerLoginPage.java:53)
at com.bank.pages.CustomerLoginPage.verifyLogoutTab(CustomerLoginPage.java:53)
at com.bank.pages.CustomerLoginPage.verifyLogoutTab(CustomerLoginPage.java:53)
at com.bank.pages.CustomerLoginPage.verifyLogoutTab(CustomerLoginPage.java:53)
at com.bank.pages.CustomerLoginPage.verifyLogoutTab(CustomerLoginPage.java:53)
at com.bank.pages.CustomerLoginPage.verifyLogoutTab(CustomerLoginPage.java:53)
at com.bank.pages.CustomerLoginPage.verifyLogoutTab(CustomerLoginPage.java:53)
at com.bank.pages.CustomerLoginPage.verifyLogoutTab(CustomerLoginPage.java:53)
at com.bank.pages.CustomerLoginPage.verifyLogoutTab(CustomerLoginPage.java:53)
at com.bank.pages.CustomerLoginPage.verifyLogoutTab(CustomerLoginPage.java:53)
at com.bank.pages.CustomerLoginPage.verifyLogoutTab(CustomerLoginPage.java:53)
at com.bank.pages.CustomerLoginPage.verifyLogoutTab(CustomerLoginPage.java:53)
at com.bank.pages.CustomerLoginPage.verifyLogoutTab(CustomerLoginPage.java:53)
at com.bank.pages.CustomerLoginPage.verifyLogoutTab(CustomerLoginPage.java:53)
at com.bank.pages.CustomerLoginPage.verifyLogoutTab(CustomerLoginPage.java:53)
at com.bank.pages.CustomerLoginPage.verifyLogoutTab(CustomerLoginPage.java:53)
at com.bank.pages.CustomerLoginPage.verifyLogoutTab(CustomerLoginPage.java:53)
at com.bank.pages.CustomerLoginPage.verifyLogoutTab(CustomerLoginPage.java:53)
at com.bank.pages.CustomerLoginPage.verifyLogoutTab(CustomerLoginPage.java:53)
at com.bank.pages.CustomerLoginPage.verifyLogoutTab(CustomerLoginPage.java:53)
at com.bank.pages.CustomerLoginPage.verifyLogoutTab(CustomerLoginPage.java:53)
at com.bank.pages.CustomerLoginPage.verifyLogoutTab(CustomerLoginPage.java:53)
at com.bank.pages.CustomerLoginPage.verifyLogoutTab(CustomerLoginPage.java:53)
at com.bank.pages.CustomerLoginPage.verifyLogoutTab(CustomerLoginPage.java:53)
at com.bank.pages.CustomerLoginPage.verifyLogoutTab(CustomerLoginPage.java:53)
at com.bank.pages.CustomerLoginPage.verifyLogoutTab(CustomerLoginPage.java:53)
at com.bank.pages.CustomerLoginPage.verifyLogoutTab(CustomerLoginPage.java:53)
at com.bank.pages.CustomerLoginPage.verifyLogoutTab(CustomerLoginPage.java:53)
at com.bank.pages.CustomerLoginPage.verifyLogoutTab(CustomerLoginPage.java:53)
at com.bank.pages.CustomerLoginPage.verifyLogoutTab(CustomerLoginPage.java:53)
at com.bank.pages.CustomerLoginPage.verifyLogoutTab(CustomerLoginPage.java:53)
at com.bank.pages.CustomerLoginPage.verifyLogoutTab(CustomerLoginPage.java:53)
at com.bank.pages.CustomerLoginPage.verifyLogoutTab(CustomerLoginPage.java:53)
at com.bank.pages.CustomerLoginPage.verifyLogoutTab(CustomerLoginPage.java:53)
at com.bank.pages.CustomerLoginPage.verifyLogoutTab(CustomerLoginPage.java:53)
at com.bank.pages.CustomerLoginPage.verifyLogoutTab(CustomerLoginPage.java:53)
at com.bank.pages.CustomerLoginPage.verifyLogoutTab(CustomerLoginPage.java:53)
at com.bank.pages.CustomerLoginPage.verifyLogoutTab(CustomerLoginPage.java:53)
at com.bank.pages.CustomerLoginPage.verifyLogoutTab(CustomerLoginPage.java:53)
at com.bank.pages.CustomerLoginPage.verifyLogoutTab(CustomerLoginPage.java:53)
at com.bank.pages.CustomerLoginPage.verifyLogoutTab(CustomerLoginPage.java:53)
at com.bank.pages.CustomerLoginPage.verifyLogoutTab(CustomerLoginPage.java:53)
at com.bank.pages.CustomerLoginPage.verifyLogoutTab(CustomerLoginPage.java:53)
at com.bank.pages.CustomerLoginPage.verifyLogoutTab(CustomerLoginPage.java:53)
at com.bank.pages.CustomerLoginPage.verifyLogoutTab(CustomerLoginPage.java:53)
at com.bank.pages.CustomerLoginPage.verifyLogoutTab(CustomerLoginPage.java:53)
at com.bank.pages.CustomerLoginPage.verifyLogoutTab(CustomerLoginPage.java:53)
at com.bank.pages.CustomerLoginPage.verifyLogoutTab(CustomerLoginPage.java:53)
at com.bank.pages.CustomerLoginPage.verifyLogoutTab(CustomerLoginPage.java:53)
at com.bank.pages.CustomerLoginPage.verifyLogoutTab(CustomerLoginPage.java:53)
at com.bank.pages.CustomerLoginPage.verifyLogoutTab(CustomerLoginPage.java:53)
at com.bank.pages.CustomerLoginPage.verifyLogoutTab(CustomerLoginPage.java:53)
at com.bank.pages.CustomerLoginPage.verifyLogoutTab(CustomerLoginPage.java:53)
at com.bank.pages.CustomerLoginPage.verifyLogoutTab(CustomerLoginPage.java:53)
at com.bank.pages.CustomerLoginPage.verifyLogoutTab(CustomerLoginPage.java:53)
at com.bank.pages.CustomerLoginPage.verifyLogoutTab(CustomerLoginPage.java:53)
at com.bank.pages.CustomerLoginPage.verifyLogoutTab(CustomerLoginPage.java:53)
at com.bank.pages.CustomerLoginPage.verifyLogoutTab(CustomerLoginPage.java:53)
at com.bank.pages.CustomerLoginPage.verifyLogoutTab(CustomerLoginPage.java:53)
at com.bank.pages.CustomerLoginPage.verifyLogoutTab(CustomerLoginPage.java:53)
at com.bank.pages.CustomerLoginPage.verifyLogoutTab(CustomerLoginPage.java:53)
at com.bank.pages.CustomerLoginPage.verifyLogoutTab(CustomerLoginPage.java:53)
at com.bank.pages.CustomerLoginPage.verifyLogoutTab(CustomerLoginPage.java:53)
at com.bank.pages.CustomerLoginPage.verifyLogoutTab(CustomerLoginPage.java:53)
at com.bank.pages.CustomerLoginPage.verifyLogoutTab(CustomerLoginPage.java:53)
at com.bank.pages.CustomerLoginPage.verifyLogoutTab(CustomerLoginPage.java:53)
at com.bank.pages.CustomerLoginPage.verifyLogoutTab(CustomerLoginPage.java:53)
at com.bank.pages.CustomerLoginPage.verifyLogoutTab(CustomerLoginPage.java:53)
at com.bank.pages.CustomerLoginPage.verifyLogoutTab(CustomerLoginPage.java:53)
at com.bank.pages.CustomerLoginPage.verifyLogoutTab(CustomerLoginPage.java:53)
at com.bank.pages.CustomerLoginPage.verifyLogoutTab(CustomerLoginPage.java:53)
at com.bank.pages.CustomerLoginPage.verifyLogoutTab(CustomerLoginPage.java:53)
at com.bank.pages.CustomerLoginPage.verifyLogoutTab(CustomerLoginPage.java:53)
at com.bank.pages.CustomerLoginPage.verifyLogoutTab(CustomerLoginPage.java:53)
at com.bank.pages.CustomerLoginPage.verifyLogoutTab(CustomerLoginPage.java:53)
at com.bank.pages.CustomerLoginPage.verifyLogoutTab(CustomerLoginPage.java:53)
at com.bank.pages.CustomerLoginPage.verifyLogoutTab(CustomerLoginPage.java:53)
at com.bank.pages.CustomerLoginPage.verifyLogoutTab(CustomerLoginPage.java:53)
at com.bank.pages.CustomerLoginPage.verifyLogoutTab(CustomerLoginPage.java:53)
at com.bank.pages.CustomerLoginPage.verifyLogoutTab(CustomerLoginPage.java:53)
at com.bank.pages.CustomerLoginPage.verifyLogoutTab(CustomerLoginPage.java:53)
at com.bank.pages.CustomerLoginPage.verifyLogoutTab(CustomerLoginPage.java:53)
at com.bank.pages.CustomerLoginPage.verifyLogoutTab(CustomerLoginPage.java:53)
at com.bank.pages.CustomerLoginPage.verifyLogoutTab(CustomerLoginPage.java:53)
at com.bank.pages.CustomerLoginPage.verifyLogoutTab(CustomerLoginPage.java:53)
at com.bank.pages.CustomerLoginPage.verifyLogoutTab(CustomerLoginPage.java:53)
at com.bank.pages.CustomerLoginPage.verifyLogoutTab(CustomerLoginPage.java:53)
at com.bank.pages.CustomerLoginPage.verifyLogoutTab(CustomerLoginPage.java:53)
at com.bank.pages.CustomerLoginPage.verifyLogoutTab(CustomerLoginPage.java:53)
at com.bank.pages.CustomerLoginPage.verifyLogoutTab(CustomerLoginPage.java:53)
at com.bank.pages.CustomerLoginPage.verifyLogoutTab(CustomerLoginPage.java:53)
at com.bank.pages.CustomerLoginPage.verifyLogoutTab(CustomerLoginPage.java:53)
at com.bank.pages.CustomerLoginPage.verifyLogoutTab(CustomerLoginPage.java:53)
at com.bank.pages.CustomerLoginPage.verifyLogoutTab(CustomerLoginPage.java:53)
at com.bank.pages.CustomerLoginPage.verifyLogoutTab(CustomerLoginPage.java:53)
at com.bank.pages.CustomerLoginPage.verifyLogoutTab(CustomerLoginPage.java:53)
at com.bank.pages.CustomerLoginPage.verifyLogoutTab(CustomerLoginPage.java:53)
at com.bank.pages.CustomerLoginPage.verifyLogoutTab(CustomerLoginPage.java:53)
at com.bank.pages.CustomerLoginPage.verifyLogoutTab(CustomerLoginPage.java:53)
at com.bank.pages.CustomerLoginPage.verifyLogoutTab(CustomerLoginPage.java:53)
at com.bank.pages.CustomerLoginPage.verifyLogoutTab(CustomerLoginPage.java:53)
at com.bank.pages.CustomerLoginPage.verifyLogoutTab(CustomerLoginPage.java:53)
at com.bank.pages.CustomerLoginPage.verifyLogoutTab(CustomerLoginPage.java:53)
at com.bank.pages.CustomerLoginPage.verifyLogoutTab(CustomerLoginPage.java:53)
at com.bank.pages.CustomerLoginPage.verifyLogoutTab(CustomerLoginPage.java:53)
at com.bank.pages.CustomerLoginPage.verifyLogoutTab(CustomerLoginPage.java:53)
at com.bank.pages.CustomerLoginPage.verifyLogoutTab(CustomerLoginPage.java:53)
at com.bank.pages.CustomerLoginPage.verifyLogoutTab(CustomerLoginPage.java:53)
at com.bank.pages.CustomerLoginPage.verifyLogoutTab(CustomerLoginPage.java:53)
at com.bank.pages.CustomerLoginPage.verifyLogoutTab(CustomerLoginPage.java:53)
at com.bank.pages.CustomerLoginPage.verifyLogoutTab(CustomerLoginPage.java:53)
at com.bank.pages.CustomerLoginPage.verifyLogoutTab(CustomerLoginPage.java:53)
at com.bank.pages.CustomerLoginPage.verifyLogoutTab(CustomerLoginPage.java:53)
at com.bank.pages.CustomerLoginPage.verifyLogoutTab(CustomerLoginPage.java:53)
at com.bank.pages.CustomerLoginPage.verifyLogoutTab(CustomerLoginPage.java:53)
at com.bank.pages.CustomerLoginPage.verifyLogoutTab(CustomerLoginPage.java:53)
at com.bank.pages.CustomerLoginPage.verifyLogoutTab(CustomerLoginPage.java:53)
at com.bank.pages.CustomerLoginPage.verifyLogoutTab(CustomerLoginPage.java:53)
at com.bank.pages.CustomerLoginPage.verifyLogoutTab(CustomerLoginPage.java:53)
at com.bank.pages.CustomerLoginPage.verifyLogoutTab(CustomerLoginPage.java:53)
at com.bank.pages.CustomerLoginPage.verifyLogoutTab(CustomerLoginPage.java:53)
at com.bank.pages.CustomerLoginPage.verifyLogoutTab(CustomerLoginPage.java:53)
at com.bank.pages.CustomerLoginPage.verifyLogoutTab(CustomerLoginPage.java:53)
at com.bank.pages.CustomerLoginPage.verifyLogoutTab(CustomerLoginPage.java:53)
at com.bank.pages.CustomerLoginPage.verifyLogoutTab(CustomerLoginPage.java:53)
at com.bank.pages.CustomerLoginPage.verifyLogoutTab(CustomerLoginPage.java:53)
at com.bank.pages.CustomerLoginPage.verifyLogoutTab(CustomerLoginPage.java:53)
at com.bank.pages.CustomerLoginPage.verifyLogoutTab(CustomerLoginPage.java:53)
at com.bank.pages.CustomerLoginPage.verifyLogoutTab(CustomerLoginPage.java:53)
at com.bank.pages.CustomerLoginPage.verifyLogoutTab(CustomerLoginPage.java:53)
at com.bank.pages.CustomerLoginPage.verifyLogoutTab(CustomerLoginPage.java:53)
at com.bank.pages.CustomerLoginPage.verifyLogoutTab(CustomerLoginPage.java:53)
at com.bank.pages.CustomerLoginPage.verifyLogoutTab(CustomerLoginPage.java:53)
at com.bank.pages.CustomerLoginPage.verifyLogoutTab(CustomerLoginPage.java:53)
at com.bank.pages.CustomerLoginPage.verifyLogoutTab(CustomerLoginPage.java:53)
at com.bank.pages.CustomerLoginPage.verifyLogoutTab(CustomerLoginPage.java:53)
at com.bank.pages.CustomerLoginPage.verifyLogoutTab(CustomerLoginPage.java:53)
at com.bank.pages.CustomerLoginPage.verifyLogoutTab(CustomerLoginPage.java:53)
at com.bank.pages.CustomerLoginPage.verifyLogoutTab(CustomerLoginPage.java:53)
at com.bank.pages.CustomerLoginPage.verifyLogoutTab(CustomerLoginPage.java:53)
at com.bank.pages.CustomerLoginPage.verifyLogoutTab(CustomerLoginPage.java:53)
at com.bank.pages.CustomerLoginPage.verifyLogoutTab(CustomerLoginPage.java:53)
at com.bank.pages.CustomerLoginPage.verifyLogoutTab(CustomerLoginPage.java:53)
at com.bank.pages.CustomerLoginPage.verifyLogoutTab(CustomerLoginPage.java:53)
at com.bank.pages.CustomerLoginPage.verifyLogoutTab(CustomerLoginPage.java:53)
at com.bank.pages.CustomerLoginPage.verifyLogoutTab(CustomerLoginPage.java:53)
at com.bank.pages.CustomerLoginPage.verifyLogoutTab(CustomerLoginPage.java:53)
at com.bank.pages.CustomerLoginPage.verifyLogoutTab(CustomerLoginPage.java:53)
at com.bank.pages.CustomerLoginPage.verifyLogoutTab(CustomerLoginPage.java:53)
at com.bank.pages.CustomerLoginPage.verifyLogoutTab(CustomerLoginPage.java:53)
at com.bank.pages.CustomerLoginPage.verifyLogoutTab(CustomerLoginPage.java:53)
at com.bank.pages.CustomerLoginPage.verifyLogoutTab(CustomerLoginPage.java:53)
at com.bank.pages.CustomerLoginPage.verifyLogoutTab(CustomerLoginPage.java:53)
at com.bank.pages.CustomerLoginPage.verifyLogoutTab(CustomerLoginPage.java:53)
at com.bank.pages.CustomerLoginPage.verifyLogoutTab(CustomerLoginPage.java:53)
at com.bank.pages.CustomerLoginPage.verifyLogoutTab(CustomerLoginPage.java:53)
at com.bank.pages.CustomerLoginPage.verifyLogoutTab(CustomerLoginPage.java:53)
at com.bank.pages.CustomerLoginPage.verifyLogoutTab(CustomerLoginPage.java:53)
at com.bank.pages.CustomerLoginPage.verifyLogoutTab(CustomerLoginPage.java:53)
at com.bank.pages.CustomerLoginPage.verifyLogoutTab(CustomerLoginPage.java:53)
at com.bank.pages.CustomerLoginPage.verifyLogoutTab(CustomerLoginPage.java:53)
at com.bank.pages.CustomerLoginPage.verifyLogoutTab(CustomerLoginPage.java:53)
at com.bank.pages.CustomerLoginPage.verifyLogoutTab(CustomerLoginPage.java:53)
at com.bank.pages.CustomerLoginPage.verifyLogoutTab(CustomerLoginPage.java:53)
at com.bank.pages.CustomerLoginPage.verifyLogoutTab(CustomerLoginPage.java:53)
at com.bank.pages.CustomerLoginPage.verifyLogoutTab(CustomerLoginPage.java:53)
at com.bank.pages.CustomerLoginPage.verifyLogoutTab(CustomerLoginPage.java:53)
at com.bank.pages.CustomerLoginPage.verifyLogoutTab(CustomerLoginPage.java:53)
at com.bank.pages.CustomerLoginPage.verifyLogoutTab(CustomerLoginPage.java:53)
at com.bank.pages.CustomerLoginPage.verifyLogoutTab(CustomerLoginPage.java:53)
at com.bank.pages.CustomerLoginPage.verifyLogoutTab(CustomerLoginPage.java:53)
at com.bank.pages.CustomerLoginPage.verifyLogoutTab(CustomerLoginPage.java:53)
at com.bank.pages.CustomerLoginPage.verifyLogoutTab(CustomerLoginPage.java:53)
at com.bank.pages.CustomerLoginPage.verifyLogoutTab(CustomerLoginPage.java:53)
at com.bank.pages.CustomerLoginPage.verifyLogoutTab(CustomerLoginPage.java:53)
at com.bank.pages.CustomerLoginPage.verifyLogoutTab(CustomerLoginPage.java:53)
at com.bank.pages.CustomerLoginPage.verifyLogoutTab(CustomerLoginPage.java:53)
at com.bank.pages.CustomerLoginPage.verifyLogoutTab(CustomerLoginPage.java:53)
at com.bank.pages.CustomerLoginPage.verifyLogoutTab(CustomerLoginPage.java:53)
at com.bank.pages.CustomerLoginPage.verifyLogoutTab(CustomerLoginPage.java:53)
at com.bank.pages.CustomerLoginPage.verifyLogoutTab(CustomerLoginPage.java:53)
at com.bank.pages.CustomerLoginPage.verifyLogoutTab(CustomerLoginPage.java:53)
at com.bank.pages.CustomerLoginPage.verifyLogoutTab(CustomerLoginPage.java:53)
at com.bank.pages.CustomerLoginPage.verifyLogoutTab(CustomerLoginPage.java:53)
at com.bank.pages.CustomerLoginPage.verifyLogoutTab(CustomerLoginPage.java:53)
at com.bank.pages.CustomerLoginPage.verifyLogoutTab(CustomerLoginPage.java:53)
at com.bank.pages.CustomerLoginPage.verifyLogoutTab(CustomerLoginPage.java:53)
at com.bank.pages.CustomerLoginPage.verifyLogoutTab(CustomerLoginPage.java:53)
at com.bank.pages.CustomerLoginPage.verifyLogoutTab(CustomerLoginPage.java:53)
at com.bank.pages.CustomerLoginPage.verifyLogoutTab(CustomerLoginPage.java:53)
at com.bank.pages.CustomerLoginPage.verifyLogoutTab(CustomerLoginPage.java:53)
at com.bank.pages.CustomerLoginPage.verifyLogoutTab(CustomerLoginPage.java:53)
at com.bank.pages.CustomerLoginPage.verifyLogoutTab(CustomerLoginPage.java:53)
at com.bank.pages.CustomerLoginPage.verifyLogoutTab(CustomerLoginPage.java:53)
at com.bank.pages.CustomerLoginPage.verifyLogoutTab(CustomerLoginPage.java:53)
at com.bank.pages.CustomerLoginPage.verifyLogoutTab(CustomerLoginPage.java:53)
at com.bank.pages.CustomerLoginPage.verifyLogoutTab(CustomerLoginPage.java:53)
at com.bank.pages.CustomerLoginPage.verifyLogoutTab(CustomerLoginPage.java:53)
at com.bank.pages.CustomerLoginPage.verifyLogoutTab(CustomerLoginPage.java:53)
at com.bank.pages.CustomerLoginPage.verifyLogoutTab(CustomerLoginPage.java:53)
at com.bank.pages.CustomerLoginPage.verifyLogoutTab(CustomerLoginPage.java:53)
at com.bank.pages.CustomerLoginPage.verifyLogoutTab(CustomerLoginPage.java:53)
at com.bank.pages.CustomerLoginPage.verifyLogoutTab(CustomerLoginPage.java:53)
at com.bank.pages.CustomerLoginPage.verifyLogoutTab(CustomerLoginPage.java:53)
at com.bank.pages.CustomerLoginPage.verifyLogoutTab(CustomerLoginPage.java:53)
at com.bank.pages.CustomerLoginPage.verifyLogoutTab(CustomerLoginPage.java:53)
at com.bank.pages.CustomerLoginPage.verifyLogoutTab(CustomerLoginPage.java:53)
at com.bank.pages.CustomerLoginPage.verifyLogoutTab(CustomerLoginPage.java:53)
at com.bank.pages.CustomerLoginPage.verifyLogoutTab(CustomerLoginPage.java:53)
at com.bank.pages.CustomerLoginPage.verifyLogoutTab(CustomerLoginPage.java:53)
at com.bank.pages.CustomerLoginPage.verifyLogoutTab(CustomerLoginPage.java:53)
at com.bank.pages.CustomerLoginPage.verifyLogoutTab(CustomerLoginPage.java:53)
at com.bank.pages.CustomerLoginPage.verifyLogoutTab(CustomerLoginPage.java:53)
at com.bank.pages.CustomerLoginPage.verifyLogoutTab(CustomerLoginPage.java:53)
at com.bank.pages.CustomerLoginPage.verifyLogoutTab(CustomerLoginPage.java:53)
at com.bank.pages.CustomerLoginPage.verifyLogoutTab(CustomerLoginPage.java:53)
at com.bank.pages.CustomerLoginPage.verifyLogoutTab(CustomerLoginPage.java:53)
at com.bank.pages.CustomerLoginPage.verifyLogoutTab(CustomerLoginPage.java:53)
at com.bank.pages.CustomerLoginPage.verifyLogoutTab(CustomerLoginPage.java:53)
at com.bank.pages.CustomerLoginPage.verifyLogoutTab(CustomerLoginPage.java:53)
at com.bank.pages.CustomerLoginPage.verifyLogoutTab(CustomerLoginPage.java:53)
at com.bank.pages.CustomerLoginPage.verifyLogoutTab(CustomerLoginPage.java:53)
at com.bank.pages.CustomerLoginPage.verifyLogoutTab(CustomerLoginPage.java:53)
at com.bank.pages.CustomerLoginPage.verifyLogoutTab(CustomerLoginPage.java:53)
at com.bank.pages.CustomerLoginPage.verifyLogoutTab(CustomerLoginPage.java:53)
at com.bank.pages.CustomerLoginPage.verifyLogoutTab(CustomerLoginPage.java:53)
at com.bank.pages.CustomerLoginPage.verifyLogoutTab(CustomerLoginPage.java:53)
at com.bank.pages.CustomerLoginPage.verifyLogoutTab(CustomerLoginPage.java:53)
at com.bank.pages.CustomerLoginPage.verifyLogoutTab(CustomerLoginPage.java:53)
at com.bank.pages.CustomerLoginPage.verifyLogoutTab(CustomerLoginPage.java:53)
at com.bank.pages.CustomerLoginPage.verifyLogoutTab(CustomerLoginPage.java:53)
at com.bank.pages.CustomerLoginPage.verifyLogoutTab(CustomerLoginPage.java:53)
at com.bank.pages.CustomerLoginPage.verifyLogoutTab(CustomerLoginPage.java:53)
at com.bank.pages.CustomerLoginPage.verifyLogoutTab(CustomerLoginPage.java:53)
at com.bank.pages.CustomerLoginPage.verifyLogoutTab(CustomerLoginPage.java:53)
at com.bank.pages.CustomerLoginPage.verifyLogoutTab(CustomerLoginPage.java:53)
at com.bank.pages.CustomerLoginPage.verifyLogoutTab(CustomerLoginPage.java:53)
at com.bank.pages.CustomerLoginPage.verifyLogoutTab(CustomerLoginPage.java:53)
at com.bank.pages.CustomerLoginPage.verifyLogoutTab(CustomerLoginPage.java:53)
at com.bank.pages.CustomerLoginPage.verifyLogoutTab(CustomerLoginPage.java:53)
at com.bank.pages.CustomerLoginPage.verifyLogoutTab(CustomerLoginPage.java:53)
at com.bank.pages.CustomerLoginPage.verifyLogoutTab(CustomerLoginPage.java:53)
at com.bank.pages.CustomerLoginPage.verifyLogoutTab(CustomerLoginPage.java:53)
at com.bank.pages.CustomerLoginPage.verifyLogoutTab(CustomerLoginPage.java:53)
at com.bank.pages.CustomerLoginPage.verifyLogoutTab(CustomerLoginPage.java:53)
at com.bank.pages.CustomerLoginPage.verifyLogoutTab(CustomerLoginPage.java:53)
at com.bank.pages.CustomerLoginPage.verifyLogoutTab(CustomerLoginPage.java:53)
at com.bank.pages.CustomerLoginPage.verifyLogoutTab(CustomerLoginPage.java:53)
at com.bank.pages.CustomerLoginPage.verifyLogoutTab(CustomerLoginPage.java:53)
at com.bank.pages.CustomerLoginPage.verifyLogoutTab(CustomerLoginPage.java:53)
at com.bank.pages.CustomerLoginPage.verifyLogoutTab(CustomerLoginPage.java:53)
at com.bank.pages.CustomerLoginPage.verifyLogoutTab(CustomerLoginPage.java:53)
at com.bank.pages.CustomerLoginPage.verifyLogoutTab(CustomerLoginPage.java:53)
at com.bank.pages.CustomerLoginPage.verifyLogoutTab(CustomerLoginPage.java:53)
at com.bank.pages.CustomerLoginPage.verifyLogoutTab(CustomerLoginPage.java:53)
at com.bank.pages.CustomerLoginPage.verifyLogoutTab(CustomerLoginPage.java:53)
at com.bank.pages.CustomerLoginPage.verifyLogoutTab(CustomerLoginPage.java:53)
at com.bank.pages.CustomerLoginPage.verifyLogoutTab(CustomerLoginPage.java:53)
at com.bank.pages.CustomerLoginPage.verifyLogoutTab(CustomerLoginPage.java:53)
at com.bank.pages.CustomerLoginPage.verifyLogoutTab(CustomerLoginPage.java:53)
at com.bank.pages.CustomerLoginPage.verifyLogoutTab(CustomerLoginPage.java:53)
at com.bank.pages.CustomerLoginPage.verifyLogoutTab(CustomerLoginPage.java:53)
at com.bank.pages.CustomerLoginPage.verifyLogoutTab(CustomerLoginPage.java:53)
at com.bank.pages.CustomerLoginPage.verifyLogoutTab(CustomerLoginPage.java:53)
at com.bank.pages.CustomerLoginPage.verifyLogoutTab(CustomerLoginPage.java:53)
at com.bank.pages.CustomerLoginPage.verifyLogoutTab(CustomerLoginPage.java:53)
at com.bank.pages.CustomerLoginPage.verifyLogoutTab(CustomerLoginPage.java:53)
at com.bank.pages.CustomerLoginPage.verifyLogoutTab(CustomerLoginPage.java:53)
at com.bank.pages.CustomerLoginPage.verifyLogoutTab(CustomerLoginPage.java:53)
at com.bank.pages.CustomerLoginPage.verifyLogoutTab(CustomerLoginPage.java:53)
at com.bank.pages.CustomerLoginPage.verifyLogoutTab(CustomerLoginPage.java:53)
at com.bank.pages.CustomerLoginPage.verifyLogoutTab(CustomerLoginPage.java:53)
at com.bank.pages.CustomerLoginPage.verifyLogoutTab(CustomerLoginPage.java:53)
at com.bank.pages.CustomerLoginPage.verifyLogoutTab(CustomerLoginPage.java:53)
at com.bank.pages.CustomerLoginPage.verifyLogoutTab(CustomerLoginPage.java:53)
at com.bank.pages.CustomerLoginPage.verifyLogoutTab(CustomerLoginPage.java:53)
at com.bank.pages.CustomerLoginPage.verifyLogoutTab(CustomerLoginPage.java:53)
at com.bank.pages.CustomerLoginPage.verifyLogoutTab(CustomerLoginPage.java:53)
at com.bank.pages.CustomerLoginPage.verifyLogoutTab(CustomerLoginPage.java:53)
at com.bank.pages.CustomerLoginPage.verifyLogoutTab(CustomerLoginPage.java:53)
at com.bank.pages.CustomerLoginPage.verifyLogoutTab(CustomerLoginPage.java:53)
at com.bank.pages.CustomerLoginPage.verifyLogoutTab(CustomerLoginPage.java:53)
at com.bank.pages.CustomerLoginPage.verifyLogoutTab(CustomerLoginPage.java:53)
at com.bank.pages.CustomerLoginPage.verifyLogoutTab(CustomerLoginPage.java:53)
at com.bank.pages.CustomerLoginPage.verifyLogoutTab(CustomerLoginPage.java:53)
at com.bank.pages.CustomerLoginPage.verifyLogoutTab(CustomerLoginPage.java:53)
at com.bank.pages.CustomerLoginPage.verifyLogoutTab(CustomerLoginPage.java:53)
at com.bank.pages.CustomerLoginPage.verifyLogoutTab(CustomerLoginPage.java:53)
at com.bank.pages.CustomerLoginPage.verifyLogoutTab(CustomerLoginPage.java:53)
at com.bank.pages.CustomerLoginPage.verifyLogoutTab(CustomerLoginPage.java:53)
at com.bank.pages.CustomerLoginPage.verifyLogoutTab(CustomerLoginPage.java:53)
at com.bank.pages.CustomerLoginPage.verifyLogoutTab(CustomerLoginPage.java:53)
at com.bank.pages.CustomerLoginPage.verifyLogoutTab(CustomerLoginPage.java:53)
at com.bank.pages.CustomerLoginPage.verifyLogoutTab(CustomerLoginPage.java:53)
at com.bank.pages.CustomerLoginPage.verifyLogoutTab(CustomerLoginPage.java:53)
at com.bank.pages.CustomerLoginPage.verifyLogoutTab(CustomerLoginPage.java:53)
at com.bank.pages.CustomerLoginPage.verifyLogoutTab(CustomerLoginPage.java:53)
at com.bank.pages.CustomerLoginPage.verifyLogoutTab(CustomerLoginPage.java:53)
at com.bank.pages.CustomerLoginPage.verifyLogoutTab(CustomerLoginPage.java:53)
at com.bank.pages.CustomerLoginPage.verifyLogoutTab(CustomerLoginPage.java:53)
at com.bank.pages.CustomerLoginPage.verifyLogoutTab(CustomerLoginPage.java:53)
at com.bank.pages.CustomerLoginPage.verifyLogoutTab(CustomerLoginPage.java:53)
at com.bank.pages.CustomerLoginPage.verifyLogoutTab(CustomerLoginPage.java:53)
at com.bank.pages.CustomerLoginPage.verifyLogoutTab(CustomerLoginPage.java:53)
at com.bank.pages.CustomerLoginPage.verifyLogoutTab(CustomerLoginPage.java:53)
at com.bank.pages.CustomerLoginPage.verifyLogoutTab(CustomerLoginPage.java:53)
at com.bank.pages.CustomerLoginPage.verifyLogoutTab(CustomerLoginPage.java:53)
at com.bank.pages.CustomerLoginPage.verifyLogoutTab(CustomerLoginPage.java:53)
at com.bank.pages.CustomerLoginPage.verifyLogoutTab(CustomerLoginPage.java:53)
at com.bank.pages.CustomerLoginPage.verifyLogoutTab(CustomerLoginPage.java:53)
at com.bank.pages.CustomerLoginPage.verifyLogoutTab(CustomerLoginPage.java:53)
at com.bank.pages.CustomerLoginPage.verifyLogoutTab(CustomerLoginPage.java:53)
at com.bank.pages.CustomerLoginPage.verifyLogoutTab(CustomerLoginPage.java:53)
at com.bank.pages.CustomerLoginPage.verifyLogoutTab(CustomerLoginPage.java:53)
at com.bank.pages.CustomerLoginPage.verifyLogoutTab(CustomerLoginPage.java:53)
at com.bank.pages.CustomerLoginPage.verifyLogoutTab(CustomerLoginPage.java:53)
at com.bank.pages.CustomerLoginPage.verifyLogoutTab(CustomerLoginPage.java:53)
at com.bank.pages.CustomerLoginPage.verifyLogoutTab(CustomerLoginPage.java:53)
at com.bank.pages.CustomerLoginPage.verifyLogoutTab(CustomerLoginPage.java:53)
at com.bank.pages.CustomerLoginPage.verifyLogoutTab(CustomerLoginPage.java:53)
at com.bank.pages.CustomerLoginPage.verifyLogoutTab(CustomerLoginPage.java:53)
at com.bank.pages.CustomerLoginPage.verifyLogoutTab(CustomerLoginPage.java:53)
at com.bank.pages.CustomerLoginPage.verifyLogoutTab(CustomerLoginPage.java:53)
at com.bank.pages.CustomerLoginPage.verifyLogoutTab(CustomerLoginPage.java:53)
at com.bank.pages.CustomerLoginPage.verifyLogoutTab(CustomerLoginPage.java:53)
at com.bank.pages.CustomerLoginPage.verifyLogoutTab(CustomerLoginPage.java:53)
at com.bank.pages.CustomerLoginPage.verifyLogoutTab(CustomerLoginPage.java:53)
at com.bank.pages.CustomerLoginPage.verifyLogoutTab(CustomerLoginPage.java:53)
at com.bank.pages.CustomerLoginPage.verifyLogoutTab(CustomerLoginPage.java:53)
at com.bank.pages.CustomerLoginPage.verifyLogoutTab(CustomerLoginPage.java:53)
at com.bank.pages.CustomerLoginPage.verifyLogoutTab(CustomerLoginPage.java:53)
at com.bank.pages.CustomerLoginPage.verifyLogoutTab(CustomerLoginPage.java:53)
at com.bank.pages.CustomerLoginPage.verifyLogoutTab(CustomerLoginPage.java:53)
at com.bank.pages.CustomerLoginPage.verifyLogoutTab(CustomerLoginPage.java:53)
at com.bank.pages.CustomerLoginPage.verifyLogoutTab(CustomerLoginPage.java:53)
at com.bank.pages.CustomerLoginPage.verifyLogoutTab(CustomerLoginPage.java:53)
at com.bank.pages.CustomerLoginPage.verifyLogoutTab(CustomerLoginPage.java:53)
at com.bank.pages.CustomerLoginPage.verifyLogoutTab(CustomerLoginPage.java:53)
at com.bank.pages.CustomerLoginPage.verifyLogoutTab(CustomerLoginPage.java:53)
at com.bank.pages.CustomerLoginPage.verifyLogoutTab(CustomerLoginPage.java:53)
at com.bank.pages.CustomerLoginPage.verifyLogoutTab(CustomerLoginPage.java:53)
at com.bank.pages.CustomerLoginPage.verifyLogoutTab(CustomerLoginPage.java:53)
at com.bank.pages.CustomerLoginPage.verifyLogoutTab(CustomerLoginPage.java:53)
at com.bank.pages.CustomerLoginPage.verifyLogoutTab(CustomerLoginPage.java:53)
at com.bank.pages.CustomerLoginPage.verifyLogoutTab(CustomerLoginPage.java:53)
at com.bank.pages.CustomerLoginPage.verifyLogoutTab(CustomerLoginPage.java:53)
at com.bank.pages.CustomerLoginPage.verifyLogoutTab(CustomerLoginPage.java:53)
at com.bank.pages.CustomerLoginPage.verifyLogoutTab(CustomerLoginPage.java:53)
at com.bank.pages.CustomerLoginPage.verifyLogoutTab(CustomerLoginPage.java:53)
at com.bank.pages.CustomerLoginPage.verifyLogoutTab(CustomerLoginPage.java:53)
at com.bank.pages.CustomerLoginPage.verifyLogoutTab(CustomerLoginPage.java:53)
at com.bank.pages.CustomerLoginPage.verifyLogoutTab(CustomerLoginPage.java:53)
at com.bank.pages.CustomerLoginPage.verifyLogoutTab(CustomerLoginPage.java:53)
at com.bank.pages.CustomerLoginPage.verifyLogoutTab(CustomerLoginPage.java:53)
at com.bank.pages.CustomerLoginPage.verifyLogoutTab(CustomerLoginPage.java:53)
at com.bank.pages.CustomerLoginPage.verifyLogoutTab(CustomerLoginPage.java:53)
at com.bank.pages.CustomerLoginPage.verifyLogoutTab(CustomerLoginPage.java:53)
at com.bank.pages.CustomerLoginPage.verifyLogoutTab(CustomerLoginPage.java:53)
at com.bank.pages.CustomerLoginPage.verifyLogoutTab(CustomerLoginPage.java:53)
at com.bank.pages.CustomerLoginPage.verifyLogoutTab(CustomerLoginPage.java:53)
at com.bank.pages.CustomerLoginPage.verifyLogoutTab(CustomerLoginPage.java:53)
at com.bank.pages.CustomerLoginPage.verifyLogoutTab(CustomerLoginPage.java:53)
at com.bank.pages.CustomerLoginPage.verifyLogoutTab(CustomerLoginPage.java:53)
at com.bank.pages.CustomerLoginPage.verifyLogoutTab(CustomerLoginPage.java:53)
at com.bank.pages.CustomerLoginPage.verifyLogoutTab(CustomerLoginPage.java:53)
at com.bank.pages.CustomerLoginPage.verifyLogoutTab(CustomerLoginPage.java:53)
at com.bank.pages.CustomerLoginPage.verifyLogoutTab(CustomerLoginPage.java:53)
at com.bank.pages.CustomerLoginPage.verifyLogoutTab(CustomerLoginPage.java:53)
at com.bank.pages.CustomerLoginPage.verifyLogoutTab(CustomerLoginPage.java:53)
at com.bank.pages.CustomerLoginPage.verifyLogoutTab(CustomerLoginPage.java:53)
at com.bank.pages.CustomerLoginPage.verifyLogoutTab(CustomerLoginPage.java:53)
at com.bank.pages.CustomerLoginPage.verifyLogoutTab(CustomerLoginPage.java:53)
at com.bank.pages.CustomerLoginPage.verifyLogoutTab(CustomerLoginPage.java:53)
at com.bank.pages.CustomerLoginPage.verifyLogoutTab(CustomerLoginPage.java:53)
at com.bank.pages.CustomerLoginPage.verifyLogoutTab(CustomerLoginPage.java:53)
at com.bank.pages.CustomerLoginPage.verifyLogoutTab(CustomerLoginPage.java:53)
at com.bank.pages.CustomerLoginPage.verifyLogoutTab(CustomerLoginPage.java:53)
at com.bank.pages.CustomerLoginPage.verifyLogoutTab(CustomerLoginPage.java:53)
at com.bank.pages.CustomerLoginPage.verifyLogoutTab(CustomerLoginPage.java:53)
at com.bank.pages.CustomerLoginPage.verifyLogoutTab(CustomerLoginPage.java:53)
at com.bank.pages.CustomerLoginPage.verifyLogoutTab(CustomerLoginPage.java:53)
at com.bank.pages.CustomerLoginPage.verifyLogoutTab(CustomerLoginPage.java:53)
at com.bank.pages.CustomerLoginPage.verifyLogoutTab(CustomerLoginPage.java:53)
at com.bank.pages.CustomerLoginPage.verifyLogoutTab(CustomerLoginPage.java:53)
at com.bank.pages.CustomerLoginPage.verifyLogoutTab(CustomerLoginPage.java:53)
at com.bank.pages.CustomerLoginPage.verifyLogoutTab(CustomerLoginPage.java:53)
at com.bank.pages.CustomerLoginPage.verifyLogoutTab(CustomerLoginPage.java:53)
at com.bank.pages.CustomerLoginPage.verifyLogoutTab(CustomerLoginPage.java:53)
at com.bank.pages.CustomerLoginPage.verifyLogoutTab(CustomerLoginPage.java:53)
at com.bank.pages.CustomerLoginPage.verifyLogoutTab(CustomerLoginPage.java:53)
at com.bank.pages.CustomerLoginPage.verifyLogoutTab(CustomerLoginPage.java:53)
at com.bank.pages.CustomerLoginPage.verifyLogoutTab(CustomerLoginPage.java:53)
at com.bank.pages.CustomerLoginPage.verifyLogoutTab(CustomerLoginPage.java:53)
at com.bank.pages.CustomerLoginPage.verifyLogoutTab(CustomerLoginPage.java:53)
at com.bank.pages.CustomerLoginPage.verifyLogoutTab(CustomerLoginPage.java:53)
at com.bank.pages.CustomerLoginPage.verifyLogoutTab(CustomerLoginPage.java:53)
at com.bank.pages.CustomerLoginPage.verifyLogoutTab(CustomerLoginPage.java:53)
at com.bank.pages.CustomerLoginPage.verifyLogoutTab(CustomerLoginPage.java:53)
at com.bank.pages.CustomerLoginPage.verifyLogoutTab(CustomerLoginPage.java:53)
at com.bank.pages.CustomerLoginPage.verifyLogoutTab(CustomerLoginPage.java:53)
at com.bank.pages.CustomerLoginPage.verifyLogoutTab(CustomerLoginPage.java:53)
at com.bank.pages.CustomerLoginPage.verifyLogoutTab(CustomerLoginPage.java:53)
at com.bank.pages.CustomerLoginPage.verifyLogoutTab(CustomerLoginPage.java:53)
at com.bank.pages.CustomerLoginPage.verifyLogoutTab(CustomerLoginPage.java:53)
at com.bank.pages.CustomerLoginPage.verifyLogoutTab(CustomerLoginPage.java:53)
at com.bank.pages.CustomerLoginPage.verifyLogoutTab(CustomerLoginPage.java:53)
at com.bank.pages.CustomerLoginPage.verifyLogoutTab(CustomerLoginPage.java:53)
at com.bank.pages.CustomerLoginPage.verifyLogoutTab(CustomerLoginPage.java:53)
at com.bank.pages.CustomerLoginPage.verifyLogoutTab(CustomerLoginPage.java:53)
at com.bank.pages.CustomerLoginPage.verifyLogoutTab(CustomerLoginPage.java:53)
at com.bank.pages.CustomerLoginPage.verifyLogoutTab(CustomerLoginPage.java:53)
at com.bank.pages.CustomerLoginPage.verifyLogoutTab(CustomerLoginPage.java:53)
at com.bank.pages.CustomerLoginPage.verifyLogoutTab(CustomerLoginPage.java:53)
at com.bank.pages.CustomerLoginPage.verifyLogoutTab(CustomerLoginPage.java:53)
at com.bank.pages.CustomerLoginPage.verifyLogoutTab(CustomerLoginPage.java:53)
at com.bank.pages.CustomerLoginPage.verifyLogoutTab(CustomerLoginPage.java:53)
at com.bank.pages.CustomerLoginPage.verifyLogoutTab(CustomerLoginPage.java:53)
at com.bank.pages.CustomerLoginPage.verifyLogoutTab(CustomerLoginPage.java:53)
at com.bank.pages.CustomerLoginPage.verifyLogoutTab(CustomerLoginPage.java:53)
at com.bank.pages.CustomerLoginPage.verifyLogoutTab(CustomerLoginPage.java:53)
at com.bank.pages.CustomerLoginPage.verifyLogoutTab(CustomerLoginPage.java:53)
at com.bank.pages.CustomerLoginPage.verifyLogoutTab(CustomerLoginPage.java:53)
at com.bank.pages.CustomerLoginPage.verifyLogoutTab(CustomerLoginPage.java:53)
at com.bank.pages.CustomerLoginPage.verifyLogoutTab(CustomerLoginPage.java:53)
at com.bank.pages.CustomerLoginPage.verifyLogoutTab(CustomerLoginPage.java:53)
at com.bank.pages.CustomerLoginPage.verifyLogoutTab(CustomerLoginPage.java:53)
at com.bank.pages.CustomerLoginPage.verifyLogoutTab(CustomerLoginPage.java:53)
at com.bank.pages.CustomerLoginPage.verifyLogoutTab(CustomerLoginPage.java:53)
at com.bank.pages.CustomerLoginPage.verifyLogoutTab(CustomerLoginPage.java:53)
at com.bank.pages.CustomerLoginPage.verifyLogoutTab(CustomerLoginPage.java:53)
at com.bank.pages.CustomerLoginPage.verifyLogoutTab(CustomerLoginPage.java:53)
at com.bank.pages.CustomerLoginPage.verifyLogoutTab(CustomerLoginPage.java:53)
at com.bank.pages.CustomerLoginPage.verifyLogoutTab(CustomerLoginPage.java:53)
at com.bank.pages.CustomerLoginPage.verifyLogoutTab(CustomerLoginPage.java:53)
at com.bank.pages.CustomerLoginPage.verifyLogoutTab(CustomerLoginPage.java:53)
at com.bank.pages.CustomerLoginPage.verifyLogoutTab(CustomerLoginPage.java:53)
at com.bank.pages.CustomerLoginPage.verifyLogoutTab(CustomerLoginPage.java:53)
at com.bank.pages.CustomerLoginPage.verifyLogoutTab(CustomerLoginPage.java:53)
at com.bank.pages.CustomerLoginPage.verifyLogoutTab(CustomerLoginPage.java:53)
at com.bank.pages.CustomerLoginPage.verifyLogoutTab(CustomerLoginPage.java:53)
at com.bank.pages.CustomerLoginPage.verifyLogoutTab(CustomerLoginPage.java:53)
at com.bank.pages.CustomerLoginPage.verifyLogoutTab(CustomerLoginPage.java:53)
at com.bank.pages.CustomerLoginPage.verifyLogoutTab(CustomerLoginPage.java:53)
at com.bank.pages.CustomerLoginPage.verifyLogoutTab(CustomerLoginPage.java:53)
at com.bank.pages.CustomerLoginPage.verifyLogoutTab(CustomerLoginPage.java:53)
at com.bank.pages.CustomerLoginPage.verifyLogoutTab(CustomerLoginPage.java:53)
at com.bank.pages.CustomerLoginPage.verifyLogoutTab(CustomerLoginPage.java:53)
at com.bank.pages.CustomerLoginPage.verifyLogoutTab(CustomerLoginPage.java:53)
at com.bank.pages.CustomerLoginPage.verifyLogoutTab(CustomerLoginPage.java:53)
at com.bank.pages.CustomerLoginPage.verifyLogoutTab(CustomerLoginPage.java:53)
at com.bank.pages.CustomerLoginPage.verifyLogoutTab(CustomerLoginPage.java:53)
at com.bank.pages.CustomerLoginPage.verifyLogoutTab(CustomerLoginPage.java:53)
at com.bank.pages.CustomerLoginPage.verifyLogoutTab(CustomerLoginPage.java:53)
at com.bank.pages.CustomerLoginPage.verifyLogoutTab(CustomerLoginPage.java:53)
at com.bank.pages.CustomerLoginPage.verifyLogoutTab(CustomerLoginPage.java:53)
at com.bank.pages.CustomerLoginPage.verifyLogoutTab(CustomerLoginPage.java:53)
at com.bank.pages.CustomerLoginPage.verifyLogoutTab(CustomerLoginPage.java:53)
at com.bank.pages.CustomerLoginPage.verifyLogoutTab(CustomerLoginPage.java:53)
at com.bank.pages.CustomerLoginPage.verifyLogoutTab(CustomerLoginPage.java:53)
at com.bank.pages.CustomerLoginPage.verifyLogoutTab(CustomerLoginPage.java:53)
at com.bank.pages.CustomerLoginPage.verifyLogoutTab(CustomerLoginPage.java:53)
at com.bank.pages.CustomerLoginPage.verifyLogoutTab(CustomerLoginPage.java:53)
at com.bank.pages.CustomerLoginPage.verifyLogoutTab(CustomerLoginPage.java:53)
at com.bank.pages.CustomerLoginPage.verifyLogoutTab(CustomerLoginPage.java:53)
at com.bank.pages.CustomerLoginPage.verifyLogoutTab(CustomerLoginPage.java:53)
at com.bank.pages.CustomerLoginPage.verifyLogoutTab(CustomerLoginPage.java:53)
at com.bank.pages.CustomerLoginPage.verifyLogoutTab(CustomerLoginPage.java:53)
at com.bank.pages.CustomerLoginPage.verifyLogoutTab(CustomerLoginPage.java:53)
at com.bank.pages.CustomerLoginPage.verifyLogoutTab(CustomerLoginPage.java:53)
at com.bank.pages.CustomerLoginPage.verifyLogoutTab(CustomerLoginPage.java:53)
at com.bank.pages.CustomerLoginPage.verifyLogoutTab(CustomerLoginPage.java:53)
at com.bank.pages.CustomerLoginPage.verifyLogoutTab(CustomerLoginPage.java:53)
at com.bank.pages.CustomerLoginPage.verifyLogoutTab(CustomerLoginPage.java:53)
at com.bank.pages.CustomerLoginPage.verifyLogoutTab(CustomerLoginPage.java:53)
at com.bank.pages.CustomerLoginPage.verifyLogoutTab(CustomerLoginPage.java:53)
at com.bank.pages.CustomerLoginPage.verifyLogoutTab(CustomerLoginPage.java:53)
at com.bank.pages.CustomerLoginPage.verifyLogoutTab(CustomerLoginPage.java:53)
at com.bank.pages.CustomerLoginPage.verifyLogoutTab(CustomerLoginPage.java:53)
at com.bank.pages.CustomerLoginPage.verifyLogoutTab(CustomerLoginPage.java:53)
at com.bank.pages.CustomerLoginPage.verifyLogoutTab(CustomerLoginPage.java:53)
at com.bank.pages.CustomerLoginPage.verifyLogoutTab(CustomerLoginPage.java:53)
at com.bank.pages.CustomerLoginPage.verifyLogoutTab(CustomerLoginPage.java:53)
at com.bank.pages.CustomerLoginPage.verifyLogoutTab(CustomerLoginPage.java:53)
at com.bank.pages.CustomerLoginPage.verifyLogoutTab(CustomerLoginPage.java:53)
at com.bank.pages.CustomerLoginPage.verifyLogoutTab(CustomerLoginPage.java:53)
at com.bank.pages.CustomerLoginPage.verifyLogoutTab(CustomerLoginPage.java:53)
at com.bank.pages.CustomerLoginPage.verifyLogoutTab(CustomerLoginPage.java:53)
at com.bank.pages.CustomerLoginPage.verifyLogoutTab(CustomerLoginPage.java:53)
at com.bank.pages.CustomerLoginPage.verifyLogoutTab(CustomerLoginPage.java:53)
at com.bank.pages.CustomerLoginPage.verifyLogoutTab(CustomerLoginPage.java:53)
at com.bank.pages.CustomerLoginPage.verifyLogoutTab(CustomerLoginPage.java:53)
at com.bank.pages.CustomerLoginPage.verifyLogoutTab(CustomerLoginPage.java:53)
at com.bank.pages.CustomerLoginPage.verifyLogoutTab(CustomerLoginPage.java:53)
at com.bank.pages.CustomerLoginPage.verifyLogoutTab(CustomerLoginPage.java:53)
at com.bank.pages.CustomerLoginPage.verifyLogoutTab(CustomerLoginPage.java:53)
at com.bank.pages.CustomerLoginPage.verifyLogoutTab(CustomerLoginPage.java:53)
at com.bank.pages.CustomerLoginPage.verifyLogoutTab(CustomerLoginPage.java:53)
at com.bank.pages.CustomerLoginPage.verifyLogoutTab(CustomerLoginPage.java:53)
at com.bank.pages.CustomerLoginPage.verifyLogoutTab(CustomerLoginPage.java:53)
at com.bank.pages.CustomerLoginPage.verifyLogoutTab(CustomerLoginPage.java:53)
at com.bank.pages.CustomerLoginPage.verifyLogoutTab(CustomerLoginPage.java:53)
at com.bank.pages.CustomerLoginPage.verifyLogoutTab(CustomerLoginPage.java:53)
at com.bank.pages.CustomerLoginPage.verifyLogoutTab(CustomerLoginPage.java:53)
at com.bank.pages.CustomerLoginPage.verifyLogoutTab(CustomerLoginPage.java:53)
at com.bank.pages.CustomerLoginPage.verifyLogoutTab(CustomerLoginPage.java:53)
at com.bank.pages.CustomerLoginPage.verifyLogoutTab(CustomerLoginPage.java:53)
at com.bank.pages.CustomerLoginPage.verifyLogoutTab(CustomerLoginPage.java:53)
at com.bank.pages.CustomerLoginPage.verifyLogoutTab(CustomerLoginPage.java:53)
at com.bank.pages.CustomerLoginPage.verifyLogoutTab(CustomerLoginPage.java:53)
at com.bank.pages.CustomerLoginPage.verifyLogoutTab(CustomerLoginPage.java:53)
at com.bank.pages.CustomerLoginPage.verifyLogoutTab(CustomerLoginPage.java:53)
at com.bank.pages.CustomerLoginPage.verifyLogoutTab(CustomerLoginPage.java:53)
at com.bank.pages.CustomerLoginPage.verifyLogoutTab(CustomerLoginPage.java:53)
at com.bank.pages.CustomerLoginPage.verifyLogoutTab(CustomerLoginPage.java:53)
at com.bank.pages.CustomerLoginPage.verifyLogoutTab(CustomerLoginPage.java:53)
at com.bank.pages.CustomerLoginPage.verifyLogoutTab(CustomerLoginPage.java:53)
at com.bank.pages.CustomerLoginPage.verifyLogoutTab(CustomerLoginPage.java:53)
at com.bank.pages.CustomerLoginPage.verifyLogoutTab(CustomerLoginPage.java:53)
at com.bank.pages.CustomerLoginPage.verifyLogoutTab(CustomerLoginPage.java:53)
at com.bank.pages.CustomerLoginPage.verifyLogoutTab(CustomerLoginPage.java:53)
at com.bank.pages.CustomerLoginPage.verifyLogoutTab(CustomerLoginPage.java:53)
at com.bank.pages.CustomerLoginPage.verifyLogoutTab(CustomerLoginPage.java:53)
at com.bank.pages.CustomerLoginPage.verifyLogoutTab(CustomerLoginPage.java:53)
at com.bank.pages.CustomerLoginPage.verifyLogoutTab(CustomerLoginPage.java:53)
at com.bank.pages.CustomerLoginPage.verifyLogoutTab(CustomerLoginPage.java:53)
at com.bank.pages.CustomerLoginPage.verifyLogoutTab(CustomerLoginPage.java:53)
at com.bank.pages.CustomerLoginPage.verifyLogoutTab(CustomerLoginPage.java:53)
at com.bank.pages.CustomerLoginPage.verifyLogoutTab(CustomerLoginPage.java:53)
at com.bank.pages.CustomerLoginPage.verifyLogoutTab(CustomerLoginPage.java:53)
at com.bank.pages.CustomerLoginPage.verifyLogoutTab(CustomerLoginPage.java:53)
at com.bank.pages.CustomerLoginPage.verifyLogoutTab(CustomerLoginPage.java:53)
at com.bank.pages.CustomerLoginPage.verifyLogoutTab(CustomerLoginPage.java:53)
at com.bank.pages.CustomerLoginPage.verifyLogoutTab(CustomerLoginPage.java:53)
at com.bank.pages.CustomerLoginPage.verifyLogoutTab(CustomerLoginPage.java:53)
at com.bank.pages.CustomerLoginPage.verifyLogoutTab(CustomerLoginPage.java:53)
at com.bank.pages.CustomerLoginPage.verifyLogoutTab(CustomerLoginPage.java:53)
at com.bank.pages.CustomerLoginPage.verifyLogoutTab(CustomerLoginPage.java:53)
at com.bank.pages.CustomerLoginPage.verifyLogoutTab(CustomerLoginPage.java:53)
at com.bank.pages.CustomerLoginPage.verifyLogoutTab(CustomerLoginPage.java:53)
at com.bank.pages.CustomerLoginPage.verifyLogoutTab(CustomerLoginPage.java:53)
at com.bank.pages.CustomerLoginPage.verifyLogoutTab(CustomerLoginPage.java:53)
at com.bank.pages.CustomerLoginPage.verifyLogoutTab(CustomerLoginPage.java:53)
at com.bank.pages.CustomerLoginPage.verifyLogoutTab(CustomerLoginPage.java:53)
at com.bank.pages.CustomerLoginPage.verifyLogoutTab(CustomerLoginPage.java:53)
at com.bank.pages.CustomerLoginPage.verifyLogoutTab(CustomerLoginPage.java:53)
at com.bank.pages.CustomerLoginPage.verifyLogoutTab(CustomerLoginPage.java:53)
at com.bank.pages.CustomerLoginPage.verifyLogoutTab(CustomerLoginPage.java:53)
at com.bank.pages.CustomerLoginPage.verifyLogoutTab(CustomerLoginPage.java:53)
at com.bank.pages.CustomerLoginPage.verifyLogoutTab(CustomerLoginPage.java:53)
at com.bank.pages.CustomerLoginPage.verifyLogoutTab(CustomerLoginPage.java:53)
at com.bank.pages.CustomerLoginPage.verifyLogoutTab(CustomerLoginPage.java:53)
at com.bank.pages.CustomerLoginPage.verifyLogoutTab(CustomerLoginPage.java:53)
at com.bank.pages.CustomerLoginPage.verifyLogoutTab(CustomerLoginPage.java:53)
at com.bank.pages.CustomerLoginPage.verifyLogoutTab(CustomerLoginPage.java:53)
at com.bank.pages.CustomerLoginPage.verifyLogoutTab(CustomerLoginPage.java:53)
at com.bank.pages.CustomerLoginPage.verifyLogoutTab(CustomerLoginPage.java:53)
at com.bank.pages.CustomerLoginPage.verifyLogoutTab(CustomerLoginPage.java:53)
at com.bank.pages.CustomerLoginPage.verifyLogoutTab(CustomerLoginPage.java:53)
at com.bank.pages.CustomerLoginPage.verifyLogoutTab(CustomerLoginPage.java:53)
at com.bank.pages.CustomerLoginPage.verifyLogoutTab(CustomerLoginPage.java:53)
at com.bank.pages.CustomerLoginPage.verifyLogoutTab(CustomerLoginPage.java:53)
at com.bank.pages.CustomerLoginPage.verifyLogoutTab(CustomerLoginPage.java:53)
at com.bank.pages.CustomerLoginPage.verifyLogoutTab(CustomerLoginPage.java:53)
at com.bank.pages.CustomerLoginPage.verifyLogoutTab(CustomerLoginPage.java:53)
at com.bank.pages.CustomerLoginPage.verifyLogoutTab(CustomerLoginPage.java:53)
at com.bank.pages.CustomerLoginPage.verifyLogoutTab(CustomerLoginPage.java:53)
at com.bank.pages.CustomerLoginPage.verifyLogoutTab(CustomerLoginPage.java:53)
at com.bank.pages.CustomerLoginPage.verifyLogoutTab(CustomerLoginPage.java:53)
at com.bank.pages.CustomerLoginPage.verifyLogoutTab(CustomerLoginPage.java:53)
at com.bank.pages.CustomerLoginPage.verifyLogoutTab(CustomerLoginPage.java:53)
at com.bank.pages.CustomerLoginPage.verifyLogoutTab(CustomerLoginPage.java:53)
at com.bank.pages.CustomerLoginPage.verifyLogoutTab(CustomerLoginPage.java:53)
at com.bank.pages.CustomerLoginPage.verifyLogoutTab(CustomerLoginPage.java:53)
at com.bank.pages.CustomerLoginPage.verifyLogoutTab(CustomerLoginPage.java:53)
at com.bank.pages.CustomerLoginPage.verifyLogoutTab(CustomerLoginPage.java:53)
at com.bank.pages.CustomerLoginPage.verifyLogoutTab(CustomerLoginPage.java:53)
at com.bank.pages.CustomerLoginPage.verifyLogoutTab(CustomerLoginPage.java:53)
at com.bank.pages.CustomerLoginPage.verifyLogoutTab(CustomerLoginPage.java:53)
at com.bank.pages.CustomerLoginPage.verifyLogoutTab(CustomerLoginPage.java:53)
at com.bank.pages.CustomerLoginPage.verifyLogoutTab(CustomerLoginPage.java:53)
at com.bank.pages.CustomerLoginPage.verifyLogoutTab(CustomerLoginPage.java:53)
at com.bank.pages.CustomerLoginPage.verifyLogoutTab(CustomerLoginPage.java:53)
at com.bank.pages.CustomerLoginPage.verifyLogoutTab(CustomerLoginPage.java:53)
at com.bank.pages.CustomerLoginPage.verifyLogoutTab(CustomerLoginPage.java:53)
at com.bank.pages.CustomerLoginPage.verifyLogoutTab(CustomerLoginPage.java:53)
at com.bank.pages.CustomerLoginPage.verifyLogoutTab(CustomerLoginPage.java:53)
at com.bank.pages.CustomerLoginPage.verifyLogoutTab(CustomerLoginPage.java:53)
at com.bank.pages.CustomerLoginPage.verifyLogoutTab(CustomerLoginPage.java:53)
at com.bank.pages.CustomerLoginPage.verifyLogoutTab(CustomerLoginPage.java:53)
at com.bank.pages.CustomerLoginPage.verifyLogoutTab(CustomerLoginPage.java:53)
at com.bank.pages.CustomerLoginPage.verifyLogoutTab(CustomerLoginPage.java:53)
at com.bank.pages.CustomerLoginPage.verifyLogoutTab(CustomerLoginPage.java:53)
at com.bank.pages.CustomerLoginPage.verifyLogoutTab(CustomerLoginPage.java:53)
at com.bank.pages.CustomerLoginPage.verifyLogoutTab(CustomerLoginPage.java:53)
at com.bank.pages.CustomerLoginPage.verifyLogoutTab(CustomerLoginPage.java:53)
at com.bank.pages.CustomerLoginPage.verifyLogoutTab(CustomerLoginPage.java:53)
at com.bank.pages.CustomerLoginPage.verifyLogoutTab(CustomerLoginPage.java:53)
at com.bank.pages.CustomerLoginPage.verifyLogoutTab(CustomerLoginPage.java:53)
at com.bank.pages.CustomerLoginPage.verifyLogoutTab(CustomerLoginPage.java:53)
at com.bank.pages.CustomerLoginPage.verifyLogoutTab(CustomerLoginPage.java:53)
at com.bank.pages.CustomerLoginPage.verifyLogoutTab(CustomerLoginPage.java:53)
at com.bank.pages.CustomerLoginPage.verifyLogoutTab(CustomerLoginPage.java:53)
at com.bank.pages.CustomerLoginPage.verifyLogoutTab(CustomerLoginPage.java:53)
at com.bank.pages.CustomerLoginPage.verifyLogoutTab(CustomerLoginPage.java:53)
at com.bank.pages.CustomerLoginPage.verifyLogoutTab(CustomerLoginPage.java:53)
at com.bank.pages.CustomerLoginPage.verifyLogoutTab(CustomerLoginPage.java:53)
at com.bank.pages.CustomerLoginPage.verifyLogoutTab(CustomerLoginPage.java:53)
at com.bank.pages.CustomerLoginPage.verifyLogoutTab(CustomerLoginPage.java:53)
at com.bank.pages.CustomerLoginPage.verifyLogoutTab(CustomerLoginPage.java:53)
at com.bank.pages.CustomerLoginPage.verifyLogoutTab(CustomerLoginPage.java:53)
at com.bank.pages.CustomerLoginPage.verifyLogoutTab(CustomerLoginPage.java:53)
at com.bank.pages.CustomerLoginPage.verifyLogoutTab(CustomerLoginPage.java:53)
at com.bank.pages.CustomerLoginPage.verifyLogoutTab(CustomerLoginPage.java:53)
at com.bank.pages.CustomerLoginPage.verifyLogoutTab(CustomerLoginPage.java:53)
at com.bank.pages.CustomerLoginPage.verifyLogoutTab(CustomerLoginPage.java:53)
at com.bank.pages.CustomerLoginPage.verifyLogoutTab(CustomerLoginPage.java:53)
at com.bank.pages.CustomerLoginPage.verifyLogoutTab(CustomerLoginPage.java:53)
at com.bank.pages.CustomerLoginPage.verifyLogoutTab(CustomerLoginPage.java:53)
at com.bank.pages.CustomerLoginPage.verifyLogoutTab(CustomerLoginPage.java:53)
at com.bank.pages.CustomerLoginPage.verifyLogoutTab(CustomerLoginPage.java:53)
at com.bank.pages.CustomerLoginPage.verifyLogoutTab(CustomerLoginPage.java:53)
at com.bank.pages.CustomerLoginPage.verifyLogoutTab(CustomerLoginPage.java:53)
at com.bank.pages.CustomerLoginPage.verifyLogoutTab(CustomerLoginPage.java:53)
at com.bank.pages.CustomerLoginPage.verifyLogoutTab(CustomerLoginPage.java:53)
at com.bank.pages.CustomerLoginPage.verifyLogoutTab(CustomerLoginPage.java:53)
at com.bank.pages.CustomerLoginPage.verifyLogoutTab(CustomerLoginPage.java:53)
at com.bank.pages.CustomerLoginPage.verifyLogoutTab(CustomerLoginPage.java:53)
at com.bank.pages.CustomerLoginPage.verifyLogoutTab(CustomerLoginPage.java:53)
at com.bank.pages.CustomerLoginPage.verifyLogoutTab(CustomerLoginPage.java:53)
at com.bank.pages.CustomerLoginPage.verifyLogoutTab(CustomerLoginPage.java:53)
at com.bank.pages.CustomerLoginPage.verifyLogoutTab(CustomerLoginPage.java:53)
at com.bank.pages.CustomerLoginPage.verifyLogoutTab(CustomerLoginPage.java:53)
at com.bank.pages.CustomerLoginPage.verifyLogoutTab(CustomerLoginPage.java:53)
at com.bank.pages.CustomerLoginPage.verifyLogoutTab(CustomerLoginPage.java:53)
at com.bank.pages.CustomerLoginPage.verifyLogoutTab(CustomerLoginPage.java:53)
at com.bank.pages.CustomerLoginPage.verifyLogoutTab(CustomerLoginPage.java:53)
at com.bank.pages.CustomerLoginPage.verifyLogoutTab(CustomerLoginPage.java:53)
at com.bank.pages.CustomerLoginPage.verifyLogoutTab(CustomerLoginPage.java:53)
at com.bank.pages.CustomerLoginPage.verifyLogoutTab(CustomerLoginPage.java:53)
at com.bank.pages.CustomerLoginPage.verifyLogoutTab(CustomerLoginPage.java:53)
at com.bank.pages.CustomerLoginPage.verifyLogoutTab(CustomerLoginPage.java:53)
at com.bank.pages.CustomerLoginPage.verifyLogoutTab(CustomerLoginPage.java:53)
at com.bank.pages.CustomerLoginPage.verifyLogoutTab(CustomerLoginPage.java:53)
at com.bank.pages.CustomerLoginPage.verifyLogoutTab(CustomerLoginPage.java:53)
at com.bank.pages.CustomerLoginPage.verifyLogoutTab(CustomerLoginPage.java:53)
at com.bank.pages.CustomerLoginPage.verifyLogoutTab(CustomerLoginPage.java:53)
at com.bank.pages.CustomerLoginPage.verifyLogoutTab(CustomerLoginPage.java:53)
at com.bank.pages.CustomerLoginPage.verifyLogoutTab(CustomerLoginPage.java:53)
at com.bank.pages.CustomerLoginPage.verifyLogoutTab(CustomerLoginPage.java:53)
at com.bank.pages.CustomerLoginPage.verifyLogoutTab(CustomerLoginPage.java:53)
at com.bank.pages.CustomerLoginPage.verifyLogoutTab(CustomerLoginPage.java:53)
at com.bank.pages.CustomerLoginPage.verifyLogoutTab(CustomerLoginPage.java:53)
at com.bank.pages.CustomerLoginPage.verifyLogoutTab(CustomerLoginPage.java:53)
at com.bank.pages.CustomerLoginPage.verifyLogoutTab(CustomerLoginPage.java:53)
at com.bank.pages.CustomerLoginPage.verifyLogoutTab(CustomerLoginPage.java:53)
at com.bank.pages.CustomerLoginPage.verifyLogoutTab(CustomerLoginPage.java:53)
at com.bank.pages.CustomerLoginPage.verifyLogoutTab(CustomerLoginPage.java:53)
at com.bank.pages.CustomerLoginPage.verifyLogoutTab(CustomerLoginPage.java:53)
at com.bank.pages.CustomerLoginPage.verifyLogoutTab(CustomerLoginPage.java:53)
at com.bank.pages.CustomerLoginPage.verifyLogoutTab(CustomerLoginPage.java:53)
at com.bank.pages.CustomerLoginPage.verifyLogoutTab(CustomerLoginPage.java:53)
at com.bank.pages.CustomerLoginPage.verifyLogoutTab(CustomerLoginPage.java:53)
at com.bank.pages.CustomerLoginPage.verifyLogoutTab(CustomerLoginPage.java:53)
at com.bank.pages.CustomerLoginPage.verifyLogoutTab(CustomerLoginPage.java:53)
at com.bank.pages.CustomerLoginPage.verifyLogoutTab(CustomerLoginPage.java:53)
at com.bank.pages.CustomerLoginPage.verifyLogoutTab(CustomerLoginPage.java:53)
at com.bank.pages.CustomerLoginPage.verifyLogoutTab(CustomerLoginPage.java:53)
at com.bank.pages.CustomerLoginPage.verifyLogoutTab(CustomerLoginPage.java:53)
at com.bank.pages.CustomerLoginPage.verifyLogoutTab(CustomerLoginPage.java:53)
at com.bank.pages.CustomerLoginPage.verifyLogoutTab(CustomerLoginPage.java:53)
at com.bank.pages.CustomerLoginPage.verifyLogoutTab(CustomerLoginPage.java:53)
at com.bank.pages.CustomerLoginPage.verifyLogoutTab(CustomerLoginPage.java:53)
at com.bank.pages.CustomerLoginPage.verifyLogoutTab(CustomerLoginPage.java:53)
at com.bank.pages.CustomerLoginPage.verifyLogoutTab(CustomerLoginPage.java:53)
at com.bank.pages.CustomerLoginPage.verifyLogoutTab(CustomerLoginPage.java:53)
at com.bank.pages.CustomerLoginPage.verifyLogoutTab(CustomerLoginPage.java:53)
at com.bank.pages.CustomerLoginPage.verifyLogoutTab(CustomerLoginPage.java:53)
at com.bank.pages.CustomerLoginPage.verifyLogoutTab(CustomerLoginPage.java:53)
at com.bank.pages.CustomerLoginPage.verifyLogoutTab(CustomerLoginPage.java:53)
at com.bank.pages.CustomerLoginPage.verifyLogoutTab(CustomerLoginPage.java:53)
at com.bank.pages.CustomerLoginPage.verifyLogoutTab(CustomerLoginPage.java:53)
at com.bank.pages.CustomerLoginPage.verifyLogoutTab(CustomerLoginPage.java:53)
at com.bank.pages.CustomerLoginPage.verifyLogoutTab(CustomerLoginPage.java:53)
at com.bank.pages.CustomerLoginPage.verifyLogoutTab(CustomerLoginPage.java:53)
at com.bank.pages.CustomerLoginPage.verifyLogoutTab(CustomerLoginPage.java:53)
at com.bank.pages.CustomerLoginPage.verifyLogoutTab(CustomerLoginPage.java:53)
... Removed 3 stack frames]]>
    </failure>
  </testcase> <!-- customerShouldLoginAndLogoutSuccessfully -->
  <testcase name="customerShouldWithdrawMoneySuccessfully" time="0.801" classname="com.bank.testsuite.BankTest">
    <failure type="org.openqa.selenium.support.ui.UnexpectedTagNameException" message="Element should have been &amp;quot;select&amp;quot; but was &amp;quot;option&amp;quot;
Build info: version: &amp;apos;4.6.0&amp;apos;, revision: &amp;apos;79f1c02ae20&amp;apos;
System info: os.name: &amp;apos;Windows 10&amp;apos;, os.arch: &amp;apos;amd64&amp;apos;, os.version: &amp;apos;10.0&amp;apos;, java.version: &amp;apos;1.8.0_121&amp;apos;
Driver info: driver.version: unknown">
      <![CDATA[org.openqa.selenium.support.ui.UnexpectedTagNameException: Element should have been "select" but was "option"
Build info: version: '4.6.0', revision: '79f1c02ae20'
System info: os.name: 'Windows 10', os.arch: 'amd64', os.version: '10.0', java.version: '1.8.0_121'
Driver info: driver.version: unknown
at org.openqa.selenium.support.ui.Select.<init>(Select.java:49)
at com.bank.utility.UtilityClass.selectByVisibleTextFromDropDown(UtilityClass.java:146)
at com.bank.pages.CustomerLoginPage.selectYourNameFromDropDown(CustomerLoginPage.java:34)
at com.bank.testsuite.BankTest.customerShouldWithdrawMoneySuccessfully(BankTest.java:86)
at java.util.ArrayList.forEach(ArrayList.java:1249)
at com.intellij.rt.testng.IDEARemoteTestNG.run(IDEARemoteTestNG.java:66)
at com.intellij.rt.testng.RemoteTestNGStarter.main(RemoteTestNGStarter.java:109)
... Removed 24 stack frames]]>
    </failure>
  </testcase> <!-- customerShouldWithdrawMoneySuccessfully -->
</testsuite> <!-- Regression Test -->
