<?xml version="1.0" encoding="UTF-8"?>
<testsuite name="Login Test"
           tests="5"
           failures="3"
           errors="0"
           skipped="0"
           time="18.651">
  <properties />
            <testcase name="customerShouldLoginAndLogoutSuccessfully" time="3.821" classname="com.bank.testsuite.BankTest">
                <failure type="java.lang.StackOverflowError"
                  message="(null)"
              >
<![CDATA[java.lang.StackOverflowError
  java.util.regex.Pattern$CharProperty.match(Pattern.java:3776)
  java.util.regex.Pattern$GroupHead.match(Pattern.java:4658)
  java.util.regex.Pattern$Branch.match(Pattern.java:4602)
  java.util.regex.Pattern$Branch.match(Pattern.java:4602)
  java.util.regex.Pattern$Branch.match(Pattern.java:4602)
  java.util.regex.Pattern$BranchConn.match(Pattern.java:4568)
  java.util.regex.Pattern$GroupTail.match(Pattern.java:4717)
  java.util.regex.Pattern$Curly.match0(Pattern.java:4279)
  java.util.regex.Pattern$Curly.match(Pattern.java:4234)
  java.util.regex.Pattern$GroupHead.match(Pattern.java:4658)
  java.util.regex.Pattern$Branch.match(Pattern.java:4604)
  java.util.regex.Pattern$Branch.match(Pattern.java:4602)
  java.util.regex.Pattern$BmpCharProperty.match(Pattern.java:3798)
  java.util.regex.Pattern$Start.match(Pattern.java:3461)
  java.util.regex.Matcher.search(Matcher.java:1248)
  java.util.regex.Matcher.find(Matcher.java:664)
  java.util.Formatter.parse(Formatter.java:2549)
  java.util.Formatter.format(Formatter.java:2501)
  java.util.Formatter.format(Formatter.java:2455)
  java.lang.String.format(String.java:2940)
  org.openqa.selenium.remote.RemoteWebElement.toString(RemoteWebElement.java:410)
  sun.reflect.GeneratedMethodAccessor1.invoke(Unknown Source)
  sun.reflect.DelegatingMethodAccessorImpl.invoke(DelegatingMethodAccessorImpl.java:43)
  java.lang.reflect.Method.invoke(Method.java:498)
  org.openqa.selenium.support.pagefactory.internal.LocatingElementHandler.invoke(LocatingElementHandler.java:52)
  com.sun.proxy.$Proxy15.toString(Unknown Source)
  java.lang.String.valueOf(String.java:2994)
  java.lang.StringBuilder.append(StringBuilder.java:131)
  com.bank.pages.CustomerLoginPage.verifyLogoutTab(CustomerLoginPage.java:52)
  com.bank.pages.CustomerLoginPage.verifyLogoutTab(CustomerLoginPage.java:53)
  com.bank.pages.CustomerLoginPage.verifyLogoutTab(CustomerLoginPage.java:53)
  com.bank.pages.CustomerLoginPage.verifyLogoutTab(CustomerLoginPage.java:53)
  com.bank.pages.CustomerLoginPage.verifyLogoutTab(CustomerLoginPage.java:53)
  com.bank.pages.CustomerLoginPage.verifyLogoutTab(CustomerLoginPage.java:53)
  com.bank.pages.CustomerLoginPage.verifyLogoutTab(CustomerLoginPage.java:53)
  com.bank.pages.CustomerLoginPage.verifyLogoutTab(CustomerLoginPage.java:53)
  com.bank.pages.CustomerLoginPage.verifyLogoutTab(CustomerLoginPage.java:53)
  com.bank.pages.CustomerLoginPage.verifyLogoutTab(CustomerLoginPage.java:53)
  com.bank.pages.CustomerLoginPage.verifyLogoutTab(CustomerLoginPage.java:53)
  com.bank.pages.CustomerLoginPage.verifyLogoutTab(CustomerLoginPage.java:53)
  com.bank.pages.CustomerLoginPage.verifyLogoutTab(CustomerLoginPage.java:53)
  com.bank.pages.CustomerLoginPage.verifyLogoutTab(CustomerLoginPage.java:53)
  com.bank.pages.CustomerLoginPage.verifyLogoutTab(CustomerLoginPage.java:53)
  com.bank.pages.CustomerLoginPage.verifyLogoutTab(CustomerLoginPage.java:53)
  com.bank.pages.CustomerLoginPage.verifyLogoutTab(CustomerLoginPage.java:53)
  com.bank.pages.CustomerLoginPage.verifyLogoutTab(CustomerLoginPage.java:53)
  com.bank.pages.CustomerLoginPage.verifyLogoutTab(CustomerLoginPage.java:53)
  com.bank.pages.CustomerLoginPage.verifyLogoutTab(CustomerLoginPage.java:53)
  com.bank.pages.CustomerLoginPage.verifyLogoutTab(CustomerLoginPage.java:53)
  com.bank.pages.CustomerLoginPage.verifyLogoutTab(CustomerLoginPage.java:53)
  com.bank.pages.CustomerLoginPage.verifyLogoutTab(CustomerLoginPage.java:53)
  com.bank.pages.CustomerLoginPage.verifyLogoutTab(CustomerLoginPage.java:53)
  com.bank.pages.CustomerLoginPage.verifyLogoutTab(CustomerLoginPage.java:53)
  com.bank.pages.CustomerLoginPage.verifyLogoutTab(CustomerLoginPage.java:53)
  com.bank.pages.CustomerLoginPage.verifyLogoutTab(CustomerLoginPage.java:53)
  com.bank.pages.CustomerLoginPage.verifyLogoutTab(CustomerLoginPage.java:53)
  com.bank.pages.CustomerLoginPage.verifyLogoutTab(CustomerLoginPage.java:53)
  com.bank.pages.CustomerLoginPage.verifyLogoutTab(CustomerLoginPage.java:53)
  com.bank.pages.CustomerLoginPage.verifyLogoutTab(CustomerLoginPage.java:53)
  com.bank.pages.CustomerLoginPage.verifyLogoutTab(CustomerLoginPage.java:53)
  com.bank.pages.CustomerLoginPage.verifyLogoutTab(CustomerLoginPage.java:53)
  com.bank.pages.CustomerLoginPage.verifyLogoutTab(CustomerLoginPage.java:53)
  com.bank.pages.CustomerLoginPage.verifyLogoutTab(CustomerLoginPage.java:53)
  com.bank.pages.CustomerLoginPage.verifyLogoutTab(CustomerLoginPage.java:53)
  com.bank.pages.CustomerLoginPage.verifyLogoutTab(CustomerLoginPage.java:53)
  com.bank.pages.CustomerLoginPage.verifyLogoutTab(CustomerLoginPage.java:53)
  com.bank.pages.CustomerLoginPage.verifyLogoutTab(CustomerLoginPage.java:53)
  com.bank.pages.CustomerLoginPage.verifyLogoutTab(CustomerLoginPage.java:53)
  com.bank.pages.CustomerLoginPage.verifyLogoutTab(CustomerLoginPage.java:53)
  com.bank.pages.CustomerLoginPage.verifyLogoutTab(CustomerLoginPage.java:53)
  com.bank.pages.CustomerLoginPage.verifyLogoutTab(CustomerLoginPage.java:53)
  com.bank.pages.CustomerLoginPage.verifyLogoutTab(CustomerLoginPage.java:53)
  com.bank.pages.CustomerLoginPage.verifyLogoutTab(CustomerLoginPage.java:53)
  com.bank.pages.CustomerLoginPage.verifyLogoutTab(CustomerLoginPage.java:53)
  com.bank.pages.CustomerLoginPage.verifyLogoutTab(CustomerLoginPage.java:53)
  com.bank.pages.CustomerLoginPage.verifyLogoutTab(CustomerLoginPage.java:53)
  com.bank.pages.CustomerLoginPage.verifyLogoutTab(CustomerLoginPage.java:53)
  com.bank.pages.CustomerLoginPage.verifyLogoutTab(CustomerLoginPage.java:53)
  com.bank.pages.CustomerLoginPage.verifyLogoutTab(CustomerLoginPage.java:53)
  com.bank.pages.CustomerLoginPage.verifyLogoutTab(CustomerLoginPage.java:53)
  com.bank.pages.CustomerLoginPage.verifyLogoutTab(CustomerLoginPage.java:53)
  com.bank.pages.CustomerLoginPage.verifyLogoutTab(CustomerLoginPage.java:53)
  com.bank.pages.CustomerLoginPage.verifyLogoutTab(CustomerLoginPage.java:53)
  com.bank.pages.CustomerLoginPage.verifyLogoutTab(CustomerLoginPage.java:53)
  com.bank.pages.CustomerLoginPage.verifyLogoutTab(CustomerLoginPage.java:53)
  com.bank.pages.CustomerLoginPage.verifyLogoutTab(CustomerLoginPage.java:53)
  com.bank.pages.CustomerLoginPage.verifyLogoutTab(CustomerLoginPage.java:53)
  com.bank.pages.CustomerLoginPage.verifyLogoutTab(CustomerLoginPage.java:53)
  com.bank.pages.CustomerLoginPage.verifyLogoutTab(CustomerLoginPage.java:53)
  com.bank.pages.CustomerLoginPage.verifyLogoutTab(CustomerLoginPage.java:53)
  com.bank.pages.CustomerLoginPage.verifyLogoutTab(CustomerLoginPage.java:53)
  com.bank.pages.CustomerLoginPage.verifyLogoutTab(CustomerLoginPage.java:53)
  com.bank.pages.CustomerLoginPage.verifyLogoutTab(CustomerLoginPage.java:53)
  com.bank.pages.CustomerLoginPage.verifyLogoutTab(CustomerLoginPage.java:53)
  com.bank.pages.CustomerLoginPage.verifyLogoutTab(CustomerLoginPage.java:53)
  com.bank.pages.CustomerLoginPage.verifyLogoutTab(CustomerLoginPage.java:53)
  com.bank.pages.CustomerLoginPage.verifyLogoutTab(CustomerLoginPage.java:53)
  com.bank.pages.CustomerLoginPage.verifyLogoutTab(CustomerLoginPage.java:53)
  com.bank.pages.CustomerLoginPage.verifyLogoutTab(CustomerLoginPage.java:53)
  com.bank.pages.CustomerLoginPage.verifyLogoutTab(CustomerLoginPage.java:53)
  com.bank.pages.CustomerLoginPage.verifyLogoutTab(CustomerLoginPage.java:53)
  com.bank.pages.CustomerLoginPage.verifyLogoutTab(CustomerLoginPage.java:53)
  com.bank.pages.CustomerLoginPage.verifyLogoutTab(CustomerLoginPage.java:53)
  com.bank.pages.CustomerLoginPage.verifyLogoutTab(CustomerLoginPage.java:53)
  com.bank.pages.CustomerLoginPage.verifyLogoutTab(CustomerLoginPage.java:53)
  com.bank.pages.CustomerLoginPage.verifyLogoutTab(CustomerLoginPage.java:53)
  com.bank.pages.CustomerLoginPage.verifyLogoutTab(CustomerLoginPage.java:53)
  com.bank.pages.CustomerLoginPage.verifyLogoutTab(CustomerLoginPage.java:53)
  com.bank.pages.CustomerLoginPage.verifyLogoutTab(CustomerLoginPage.java:53)
  com.bank.pages.CustomerLoginPage.verifyLogoutTab(CustomerLoginPage.java:53)
  com.bank.pages.CustomerLoginPage.verifyLogoutTab(CustomerLoginPage.java:53)
  com.bank.pages.CustomerLoginPage.verifyLogoutTab(CustomerLoginPage.java:53)
  com.bank.pages.CustomerLoginPage.verifyLogoutTab(CustomerLoginPage.java:53)
  com.bank.pages.CustomerLoginPage.verifyLogoutTab(CustomerLoginPage.java:53)
  com.bank.pages.CustomerLoginPage.verifyLogoutTab(CustomerLoginPage.java:53)
  com.bank.pages.CustomerLoginPage.verifyLogoutTab(CustomerLoginPage.java:53)
  com.bank.pages.CustomerLoginPage.verifyLogoutTab(CustomerLoginPage.java:53)
  com.bank.pages.CustomerLoginPage.verifyLogoutTab(CustomerLoginPage.java:53)
  com.bank.pages.CustomerLoginPage.verifyLogoutTab(CustomerLoginPage.java:53)
  com.bank.pages.CustomerLoginPage.verifyLogoutTab(CustomerLoginPage.java:53)
  com.bank.pages.CustomerLoginPage.verifyLogoutTab(CustomerLoginPage.java:53)
  com.bank.pages.CustomerLoginPage.verifyLogoutTab(CustomerLoginPage.java:53)
  com.bank.pages.CustomerLoginPage.verifyLogoutTab(CustomerLoginPage.java:53)
  com.bank.pages.CustomerLoginPage.verifyLogoutTab(CustomerLoginPage.java:53)
  com.bank.pages.CustomerLoginPage.verifyLogoutTab(CustomerLoginPage.java:53)
  com.bank.pages.CustomerLoginPage.verifyLogoutTab(CustomerLoginPage.java:53)
  com.bank.pages.CustomerLoginPage.verifyLogoutTab(CustomerLoginPage.java:53)
  com.bank.pages.CustomerLoginPage.verifyLogoutTab(CustomerLoginPage.java:53)
  com.bank.pages.CustomerLoginPage.verifyLogoutTab(CustomerLoginPage.java:53)
  com.bank.pages.CustomerLoginPage.verifyLogoutTab(CustomerLoginPage.java:53)
  com.bank.pages.CustomerLoginPage.verifyLogoutTab(CustomerLoginPage.java:53)
  com.bank.pages.CustomerLoginPage.verifyLogoutTab(CustomerLoginPage.java:53)
  com.bank.pages.CustomerLoginPage.verifyLogoutTab(CustomerLoginPage.java:53)
  com.bank.pages.CustomerLoginPage.verifyLogoutTab(CustomerLoginPage.java:53)
  com.bank.pages.CustomerLoginPage.verifyLogoutTab(CustomerLoginPage.java:53)
  com.bank.pages.CustomerLoginPage.verifyLogoutTab(CustomerLoginPage.java:53)
  com.bank.pages.CustomerLoginPage.verifyLogoutTab(CustomerLoginPage.java:53)
  com.bank.pages.CustomerLoginPage.verifyLogoutTab(CustomerLoginPage.java:53)
  com.bank.pages.CustomerLoginPage.verifyLogoutTab(CustomerLoginPage.java:53)
  com.bank.pages.CustomerLoginPage.verifyLogoutTab(CustomerLoginPage.java:53)
  com.bank.pages.CustomerLoginPage.verifyLogoutTab(CustomerLoginPage.java:53)
  com.bank.pages.CustomerLoginPage.verifyLogoutTab(CustomerLoginPage.java:53)
  com.bank.pages.CustomerLoginPage.verifyLogoutTab(CustomerLoginPage.java:53)
  com.bank.pages.CustomerLoginPage.verifyLogoutTab(CustomerLoginPage.java:53)
  com.bank.pages.CustomerLoginPage.verifyLogoutTab(CustomerLoginPage.java:53)
  com.bank.pages.CustomerLoginPage.verifyLogoutTab(CustomerLoginPage.java:53)
  com.bank.pages.CustomerLoginPage.verifyLogoutTab(CustomerLoginPage.java:53)
  com.bank.pages.CustomerLoginPage.verifyLogoutTab(CustomerLoginPage.java:53)
  com.bank.pages.CustomerLoginPage.verifyLogoutTab(CustomerLoginPage.java:53)
  com.bank.pages.CustomerLoginPage.verifyLogoutTab(CustomerLoginPage.java:53)
  com.bank.pages.CustomerLoginPage.verifyLogoutTab(CustomerLoginPage.java:53)
  com.bank.pages.CustomerLoginPage.verifyLogoutTab(CustomerLoginPage.java:53)
  com.bank.pages.CustomerLoginPage.verifyLogoutTab(CustomerLoginPage.java:53)
  com.bank.pages.CustomerLoginPage.verifyLogoutTab(CustomerLoginPage.java:53)
  com.bank.pages.CustomerLoginPage.verifyLogoutTab(CustomerLoginPage.java:53)
  com.bank.pages.CustomerLoginPage.verifyLogoutTab(CustomerLoginPage.java:53)
  com.bank.pages.CustomerLoginPage.verifyLogoutTab(CustomerLoginPage.java:53)
  com.bank.pages.CustomerLoginPage.verifyLogoutTab(CustomerLoginPage.java:53)
  com.bank.pages.CustomerLoginPage.verifyLogoutTab(CustomerLoginPage.java:53)
  com.bank.pages.CustomerLoginPage.verifyLogoutTab(CustomerLoginPage.java:53)
  com.bank.pages.CustomerLoginPage.verifyLogoutTab(CustomerLoginPage.java:53)
  com.bank.pages.CustomerLoginPage.verifyLogoutTab(CustomerLoginPage.java:53)
  com.bank.pages.CustomerLoginPage.verifyLogoutTab(CustomerLoginPage.java:53)
  com.bank.pages.CustomerLoginPage.verifyLogoutTab(CustomerLoginPage.java:53)
  com.bank.pages.CustomerLoginPage.verifyLogoutTab(CustomerLoginPage.java:53)
  com.bank.pages.CustomerLoginPage.verifyLogoutTab(CustomerLoginPage.java:53)
  com.bank.pages.CustomerLoginPage.verifyLogoutTab(CustomerLoginPage.java:53)
  com.bank.pages.CustomerLoginPage.verifyLogoutTab(CustomerLoginPage.java:53)
  com.bank.pages.CustomerLoginPage.verifyLogoutTab(CustomerLoginPage.java:53)
  com.bank.pages.CustomerLoginPage.verifyLogoutTab(CustomerLoginPage.java:53)
  com.bank.pages.CustomerLoginPage.verifyLogoutTab(CustomerLoginPage.java:53)
  com.bank.pages.CustomerLoginPage.verifyLogoutTab(CustomerLoginPage.java:53)
  com.bank.pages.CustomerLoginPage.verifyLogoutTab(CustomerLoginPage.java:53)
  com.bank.pages.CustomerLoginPage.verifyLogoutTab(CustomerLoginPage.java:53)
  com.bank.pages.CustomerLoginPage.verifyLogoutTab(CustomerLoginPage.java:53)
  com.bank.pages.CustomerLoginPage.verifyLogoutTab(CustomerLoginPage.java:53)
  com.bank.pages.CustomerLoginPage.verifyLogoutTab(CustomerLoginPage.java:53)
  com.bank.pages.CustomerLoginPage.verifyLogoutTab(CustomerLoginPage.java:53)
  com.bank.pages.CustomerLoginPage.verifyLogoutTab(CustomerLoginPage.java:53)
  com.bank.pages.CustomerLoginPage.verifyLogoutTab(CustomerLoginPage.java:53)
  com.bank.pages.CustomerLoginPage.verifyLogoutTab(CustomerLoginPage.java:53)
  com.bank.pages.CustomerLoginPage.verifyLogoutTab(CustomerLoginPage.java:53)
  com.bank.pages.CustomerLoginPage.verifyLogoutTab(CustomerLoginPage.java:53)
  com.bank.pages.CustomerLoginPage.verifyLogoutTab(CustomerLoginPage.java:53)
  com.bank.pages.CustomerLoginPage.verifyLogoutTab(CustomerLoginPage.java:53)
  com.bank.pages.CustomerLoginPage.verifyLogoutTab(CustomerLoginPage.java:53)
  com.bank.pages.CustomerLoginPage.verifyLogoutTab(CustomerLoginPage.java:53)
  com.bank.pages.CustomerLoginPage.verifyLogoutTab(CustomerLoginPage.java:53)
  com.bank.pages.CustomerLoginPage.verifyLogoutTab(CustomerLoginPage.java:53)
  com.bank.pages.CustomerLoginPage.verifyLogoutTab(CustomerLoginPage.java:53)
  com.bank.pages.CustomerLoginPage.verifyLogoutTab(CustomerLoginPage.java:53)
  com.bank.pages.CustomerLoginPage.verifyLogoutTab(CustomerLoginPage.java:53)
  com.bank.pages.CustomerLoginPage.verifyLogoutTab(CustomerLoginPage.java:53)
  com.bank.pages.CustomerLoginPage.verifyLogoutTab(CustomerLoginPage.java:53)
  com.bank.pages.CustomerLoginPage.verifyLogoutTab(CustomerLoginPage.java:53)
  com.bank.pages.CustomerLoginPage.verifyLogoutTab(CustomerLoginPage.java:53)
  com.bank.pages.CustomerLoginPage.verifyLogoutTab(CustomerLoginPage.java:53)
  com.bank.pages.CustomerLoginPage.verifyLogoutTab(CustomerLoginPage.java:53)
  com.bank.pages.CustomerLoginPage.verifyLogoutTab(CustomerLoginPage.java:53)
  com.bank.pages.CustomerLoginPage.verifyLogoutTab(CustomerLoginPage.java:53)
  com.bank.pages.CustomerLoginPage.verifyLogoutTab(CustomerLoginPage.java:53)
  com.bank.pages.CustomerLoginPage.verifyLogoutTab(CustomerLoginPage.java:53)
  com.bank.pages.CustomerLoginPage.verifyLogoutTab(CustomerLoginPage.java:53)
  com.bank.pages.CustomerLoginPage.verifyLogoutTab(CustomerLoginPage.java:53)
  com.bank.pages.CustomerLoginPage.verifyLogoutTab(CustomerLoginPage.java:53)
  com.bank.pages.CustomerLoginPage.verifyLogoutTab(CustomerLoginPage.java:53)
  com.bank.pages.CustomerLoginPage.verifyLogoutTab(CustomerLoginPage.java:53)
  com.bank.pages.CustomerLoginPage.verifyLogoutTab(CustomerLoginPage.java:53)
  com.bank.pages.CustomerLoginPage.verifyLogoutTab(CustomerLoginPage.java:53)
  com.bank.pages.CustomerLoginPage.verifyLogoutTab(CustomerLoginPage.java:53)
  com.bank.pages.CustomerLoginPage.verifyLogoutTab(CustomerLoginPage.java:53)
  com.bank.pages.CustomerLoginPage.verifyLogoutTab(CustomerLoginPage.java:53)
  com.bank.pages.CustomerLoginPage.verifyLogoutTab(CustomerLoginPage.java:53)
  com.bank.pages.CustomerLoginPage.verifyLogoutTab(CustomerLoginPage.java:53)
  com.bank.pages.CustomerLoginPage.verifyLogoutTab(CustomerLoginPage.java:53)
  com.bank.pages.CustomerLoginPage.verifyLogoutTab(CustomerLoginPage.java:53)
  com.bank.pages.CustomerLoginPage.verifyLogoutTab(CustomerLoginPage.java:53)
  com.bank.pages.CustomerLoginPage.verifyLogoutTab(CustomerLoginPage.java:53)
  com.bank.pages.CustomerLoginPage.verifyLogoutTab(CustomerLoginPage.java:53)
  com.bank.pages.CustomerLoginPage.verifyLogoutTab(CustomerLoginPage.java:53)
  com.bank.pages.CustomerLoginPage.verifyLogoutTab(CustomerLoginPage.java:53)
  com.bank.pages.CustomerLoginPage.verifyLogoutTab(CustomerLoginPage.java:53)
  com.bank.pages.CustomerLoginPage.verifyLogoutTab(CustomerLoginPage.java:53)
  com.bank.pages.CustomerLoginPage.verifyLogoutTab(CustomerLoginPage.java:53)
  com.bank.pages.CustomerLoginPage.verifyLogoutTab(CustomerLoginPage.java:53)
  com.bank.pages.CustomerLoginPage.verifyLogoutTab(CustomerLoginPage.java:53)
  com.bank.pages.CustomerLoginPage.verifyLogoutTab(CustomerLoginPage.java:53)
  com.bank.pages.CustomerLoginPage.verifyLogoutTab(CustomerLoginPage.java:53)
  com.bank.pages.CustomerLoginPage.verifyLogoutTab(CustomerLoginPage.java:53)
  com.bank.pages.CustomerLoginPage.verifyLogoutTab(CustomerLoginPage.java:53)
  com.bank.pages.CustomerLoginPage.verifyLogoutTab(CustomerLoginPage.java:53)
  com.bank.pages.CustomerLoginPage.verifyLogoutTab(CustomerLoginPage.java:53)
  com.bank.pages.CustomerLoginPage.verifyLogoutTab(CustomerLoginPage.java:53)
  com.bank.pages.CustomerLoginPage.verifyLogoutTab(CustomerLoginPage.java:53)
  com.bank.pages.CustomerLoginPage.verifyLogoutTab(CustomerLoginPage.java:53)
  com.bank.pages.CustomerLoginPage.verifyLogoutTab(CustomerLoginPage.java:53)
  com.bank.pages.CustomerLoginPage.verifyLogoutTab(CustomerLoginPage.java:53)
  com.bank.pages.CustomerLoginPage.verifyLogoutTab(CustomerLoginPage.java:53)
  com.bank.pages.CustomerLoginPage.verifyLogoutTab(CustomerLoginPage.java:53)
  com.bank.pages.CustomerLoginPage.verifyLogoutTab(CustomerLoginPage.java:53)
  com.bank.pages.CustomerLoginPage.verifyLogoutTab(CustomerLoginPage.java:53)
  com.bank.pages.CustomerLoginPage.verifyLogoutTab(CustomerLoginPage.java:53)
  com.bank.pages.CustomerLoginPage.verifyLogoutTab(CustomerLoginPage.java:53)
  com.bank.pages.CustomerLoginPage.verifyLogoutTab(CustomerLoginPage.java:53)
  com.bank.pages.CustomerLoginPage.verifyLogoutTab(CustomerLoginPage.java:53)
  com.bank.pages.CustomerLoginPage.verifyLogoutTab(CustomerLoginPage.java:53)
  com.bank.pages.CustomerLoginPage.verifyLogoutTab(CustomerLoginPage.java:53)
  com.bank.pages.CustomerLoginPage.verifyLogoutTab(CustomerLoginPage.java:53)
  com.bank.pages.CustomerLoginPage.verifyLogoutTab(CustomerLoginPage.java:53)
  com.bank.pages.CustomerLoginPage.verifyLogoutTab(CustomerLoginPage.java:53)
  com.bank.pages.CustomerLoginPage.verifyLogoutTab(CustomerLoginPage.java:53)
  com.bank.pages.CustomerLoginPage.verifyLogoutTab(CustomerLoginPage.java:53)
  com.bank.pages.CustomerLoginPage.verifyLogoutTab(CustomerLoginPage.java:53)
  com.bank.pages.CustomerLoginPage.verifyLogoutTab(CustomerLoginPage.java:53)
  com.bank.pages.CustomerLoginPage.verifyLogoutTab(CustomerLoginPage.java:53)
  com.bank.pages.CustomerLoginPage.verifyLogoutTab(CustomerLoginPage.java:53)
  com.bank.pages.CustomerLoginPage.verifyLogoutTab(CustomerLoginPage.java:53)
  com.bank.pages.CustomerLoginPage.verifyLogoutTab(CustomerLoginPage.java:53)
  com.bank.pages.CustomerLoginPage.verifyLogoutTab(CustomerLoginPage.java:53)
  com.bank.pages.CustomerLoginPage.verifyLogoutTab(CustomerLoginPage.java:53)
  com.bank.pages.CustomerLoginPage.verifyLogoutTab(CustomerLoginPage.java:53)
  com.bank.pages.CustomerLoginPage.verifyLogoutTab(CustomerLoginPage.java:53)
  com.bank.pages.CustomerLoginPage.verifyLogoutTab(CustomerLoginPage.java:53)
  com.bank.pages.CustomerLoginPage.verifyLogoutTab(CustomerLoginPage.java:53)
  com.bank.pages.CustomerLoginPage.verifyLogoutTab(CustomerLoginPage.java:53)
  com.bank.pages.CustomerLoginPage.verifyLogoutTab(CustomerLoginPage.java:53)
  com.bank.pages.CustomerLoginPage.verifyLogoutTab(CustomerLoginPage.java:53)
  com.bank.pages.CustomerLoginPage.verifyLogoutTab(CustomerLoginPage.java:53)
  com.bank.pages.CustomerLoginPage.verifyLogoutTab(CustomerLoginPage.java:53)
  com.bank.pages.CustomerLoginPage.verifyLogoutTab(CustomerLoginPage.java:53)
  com.bank.pages.CustomerLoginPage.verifyLogoutTab(CustomerLoginPage.java:53)
  com.bank.pages.CustomerLoginPage.verifyLogoutTab(CustomerLoginPage.java:53)
  com.bank.pages.CustomerLoginPage.verifyLogoutTab(CustomerLoginPage.java:53)
  com.bank.pages.CustomerLoginPage.verifyLogoutTab(CustomerLoginPage.java:53)
  com.bank.pages.CustomerLoginPage.verifyLogoutTab(CustomerLoginPage.java:53)
  com.bank.pages.CustomerLoginPage.verifyLogoutTab(CustomerLoginPage.java:53)
  com.bank.pages.CustomerLoginPage.verifyLogoutTab(CustomerLoginPage.java:53)
  com.bank.pages.CustomerLoginPage.verifyLogoutTab(CustomerLoginPage.java:53)
  com.bank.pages.CustomerLoginPage.verifyLogoutTab(CustomerLoginPage.java:53)
  com.bank.pages.CustomerLoginPage.verifyLogoutTab(CustomerLoginPage.java:53)
  com.bank.pages.CustomerLoginPage.verifyLogoutTab(CustomerLoginPage.java:53)
  com.bank.pages.CustomerLoginPage.verifyLogoutTab(CustomerLoginPage.java:53)
  com.bank.pages.CustomerLoginPage.verifyLogoutTab(CustomerLoginPage.java:53)
  com.bank.pages.CustomerLoginPage.verifyLogoutTab(CustomerLoginPage.java:53)
  com.bank.pages.CustomerLoginPage.verifyLogoutTab(CustomerLoginPage.java:53)
  com.bank.pages.CustomerLoginPage.verifyLogoutTab(CustomerLoginPage.java:53)
  com.bank.pages.CustomerLoginPage.verifyLogoutTab(CustomerLoginPage.java:53)
  com.bank.pages.CustomerLoginPage.verifyLogoutTab(CustomerLoginPage.java:53)
  com.bank.pages.CustomerLoginPage.verifyLogoutTab(CustomerLoginPage.java:53)
  com.bank.pages.CustomerLoginPage.verifyLogoutTab(CustomerLoginPage.java:53)
  com.bank.pages.CustomerLoginPage.verifyLogoutTab(CustomerLoginPage.java:53)
  com.bank.pages.CustomerLoginPage.verifyLogoutTab(CustomerLoginPage.java:53)
  com.bank.pages.CustomerLoginPage.verifyLogoutTab(CustomerLoginPage.java:53)
  com.bank.pages.CustomerLoginPage.verifyLogoutTab(CustomerLoginPage.java:53)
  com.bank.pages.CustomerLoginPage.verifyLogoutTab(CustomerLoginPage.java:53)
  com.bank.pages.CustomerLoginPage.verifyLogoutTab(CustomerLoginPage.java:53)
  com.bank.pages.CustomerLoginPage.verifyLogoutTab(CustomerLoginPage.java:53)
  com.bank.pages.CustomerLoginPage.verifyLogoutTab(CustomerLoginPage.java:53)
  com.bank.pages.CustomerLoginPage.verifyLogoutTab(CustomerLoginPage.java:53)
  com.bank.pages.CustomerLoginPage.verifyLogoutTab(CustomerLoginPage.java:53)
  com.bank.pages.CustomerLoginPage.verifyLogoutTab(CustomerLoginPage.java:53)
  com.bank.pages.CustomerLoginPage.verifyLogoutTab(CustomerLoginPage.java:53)
  com.bank.pages.CustomerLoginPage.verifyLogoutTab(CustomerLoginPage.java:53)
  com.bank.pages.CustomerLoginPage.verifyLogoutTab(CustomerLoginPage.java:53)
  com.bank.pages.CustomerLoginPage.verifyLogoutTab(CustomerLoginPage.java:53)
  com.bank.pages.CustomerLoginPage.verifyLogoutTab(CustomerLoginPage.java:53)
  com.bank.pages.CustomerLoginPage.verifyLogoutTab(CustomerLoginPage.java:53)
  com.bank.pages.CustomerLoginPage.verifyLogoutTab(CustomerLoginPage.java:53)
  com.bank.pages.CustomerLoginPage.verifyLogoutTab(CustomerLoginPage.java:53)
  com.bank.pages.CustomerLoginPage.verifyLogoutTab(CustomerLoginPage.java:53)
  com.bank.pages.CustomerLoginPage.verifyLogoutTab(CustomerLoginPage.java:53)
  com.bank.pages.CustomerLoginPage.verifyLogoutTab(CustomerLoginPage.java:53)
  com.bank.pages.CustomerLoginPage.verifyLogoutTab(CustomerLoginPage.java:53)
  com.bank.pages.CustomerLoginPage.verifyLogoutTab(CustomerLoginPage.java:53)
  com.bank.pages.CustomerLoginPage.verifyLogoutTab(CustomerLoginPage.java:53)
  com.bank.pages.CustomerLoginPage.verifyLogoutTab(CustomerLoginPage.java:53)
  com.bank.pages.CustomerLoginPage.verifyLogoutTab(CustomerLoginPage.java:53)
  com.bank.pages.CustomerLoginPage.verifyLogoutTab(CustomerLoginPage.java:53)
  com.bank.pages.CustomerLoginPage.verifyLogoutTab(CustomerLoginPage.java:53)
  com.bank.pages.CustomerLoginPage.verifyLogoutTab(CustomerLoginPage.java:53)
  com.bank.pages.CustomerLoginPage.verifyLogoutTab(CustomerLoginPage.java:53)
  com.bank.pages.CustomerLoginPage.verifyLogoutTab(CustomerLoginPage.java:53)
  com.bank.pages.CustomerLoginPage.verifyLogoutTab(CustomerLoginPage.java:53)
  com.bank.pages.CustomerLoginPage.verifyLogoutTab(CustomerLoginPage.java:53)
  com.bank.pages.CustomerLoginPage.verifyLogoutTab(CustomerLoginPage.java:53)
  com.bank.pages.CustomerLoginPage.verifyLogoutTab(CustomerLoginPage.java:53)
  com.bank.pages.CustomerLoginPage.verifyLogoutTab(CustomerLoginPage.java:53)
  com.bank.pages.CustomerLoginPage.verifyLogoutTab(CustomerLoginPage.java:53)
  com.bank.pages.CustomerLoginPage.verifyLogoutTab(CustomerLoginPage.java:53)
  com.bank.pages.CustomerLoginPage.verifyLogoutTab(CustomerLoginPage.java:53)
  com.bank.pages.CustomerLoginPage.verifyLogoutTab(CustomerLoginPage.java:53)
  com.bank.pages.CustomerLoginPage.verifyLogoutTab(CustomerLoginPage.java:53)
  com.bank.pages.CustomerLoginPage.verifyLogoutTab(CustomerLoginPage.java:53)
  com.bank.pages.CustomerLoginPage.verifyLogoutTab(CustomerLoginPage.java:53)
  com.bank.pages.CustomerLoginPage.verifyLogoutTab(CustomerLoginPage.java:53)
  com.bank.pages.CustomerLoginPage.verifyLogoutTab(CustomerLoginPage.java:53)
  com.bank.pages.CustomerLoginPage.verifyLogoutTab(CustomerLoginPage.java:53)
  com.bank.pages.CustomerLoginPage.verifyLogoutTab(CustomerLoginPage.java:53)
  com.bank.pages.CustomerLoginPage.verifyLogoutTab(CustomerLoginPage.java:53)
  com.bank.pages.CustomerLoginPage.verifyLogoutTab(CustomerLoginPage.java:53)
  com.bank.pages.CustomerLoginPage.verifyLogoutTab(CustomerLoginPage.java:53)
  com.bank.pages.CustomerLoginPage.verifyLogoutTab(CustomerLoginPage.java:53)
  com.bank.pages.CustomerLoginPage.verifyLogoutTab(CustomerLoginPage.java:53)
  com.bank.pages.CustomerLoginPage.verifyLogoutTab(CustomerLoginPage.java:53)
  com.bank.pages.CustomerLoginPage.verifyLogoutTab(CustomerLoginPage.java:53)
  com.bank.pages.CustomerLoginPage.verifyLogoutTab(CustomerLoginPage.java:53)
  com.bank.pages.CustomerLoginPage.verifyLogoutTab(CustomerLoginPage.java:53)
  com.bank.pages.CustomerLoginPage.verifyLogoutTab(CustomerLoginPage.java:53)
  com.bank.pages.CustomerLoginPage.verifyLogoutTab(CustomerLoginPage.java:53)
  com.bank.pages.CustomerLoginPage.verifyLogoutTab(CustomerLoginPage.java:53)
  com.bank.pages.CustomerLoginPage.verifyLogoutTab(CustomerLoginPage.java:53)
  com.bank.pages.CustomerLoginPage.verifyLogoutTab(CustomerLoginPage.java:53)
  com.bank.pages.CustomerLoginPage.verifyLogoutTab(CustomerLoginPage.java:53)
  com.bank.pages.CustomerLoginPage.verifyLogoutTab(CustomerLoginPage.java:53)
  com.bank.pages.CustomerLoginPage.verifyLogoutTab(CustomerLoginPage.java:53)
  com.bank.pages.CustomerLoginPage.verifyLogoutTab(CustomerLoginPage.java:53)
  com.bank.pages.CustomerLoginPage.verifyLogoutTab(CustomerLoginPage.java:53)
  com.bank.pages.CustomerLoginPage.verifyLogoutTab(CustomerLoginPage.java:53)
  com.bank.pages.CustomerLoginPage.verifyLogoutTab(CustomerLoginPage.java:53)
  com.bank.pages.CustomerLoginPage.verifyLogoutTab(CustomerLoginPage.java:53)
  com.bank.pages.CustomerLoginPage.verifyLogoutTab(CustomerLoginPage.java:53)
  com.bank.pages.CustomerLoginPage.verifyLogoutTab(CustomerLoginPage.java:53)
  com.bank.pages.CustomerLoginPage.verifyLogoutTab(CustomerLoginPage.java:53)
  com.bank.pages.CustomerLoginPage.verifyLogoutTab(CustomerLoginPage.java:53)
  com.bank.pages.CustomerLoginPage.verifyLogoutTab(CustomerLoginPage.java:53)
  com.bank.pages.CustomerLoginPage.verifyLogoutTab(CustomerLoginPage.java:53)
  com.bank.pages.CustomerLoginPage.verifyLogoutTab(CustomerLoginPage.java:53)
  com.bank.pages.CustomerLoginPage.verifyLogoutTab(CustomerLoginPage.java:53)
  com.bank.pages.CustomerLoginPage.verifyLogoutTab(CustomerLoginPage.java:53)
  com.bank.pages.CustomerLoginPage.verifyLogoutTab(CustomerLoginPage.java:53)
  com.bank.pages.CustomerLoginPage.verifyLogoutTab(CustomerLoginPage.java:53)
  com.bank.pages.CustomerLoginPage.verifyLogoutTab(CustomerLoginPage.java:53)
  com.bank.pages.CustomerLoginPage.verifyLogoutTab(CustomerLoginPage.java:53)
  com.bank.pages.CustomerLoginPage.verifyLogoutTab(CustomerLoginPage.java:53)
  com.bank.pages.CustomerLoginPage.verifyLogoutTab(CustomerLoginPage.java:53)
  com.bank.pages.CustomerLoginPage.verifyLogoutTab(CustomerLoginPage.java:53)
  com.bank.pages.CustomerLoginPage.verifyLogoutTab(CustomerLoginPage.java:53)
  com.bank.pages.CustomerLoginPage.verifyLogoutTab(CustomerLoginPage.java:53)
  com.bank.pages.CustomerLoginPage.verifyLogoutTab(CustomerLoginPage.java:53)
  com.bank.pages.CustomerLoginPage.verifyLogoutTab(CustomerLoginPage.java:53)
  com.bank.pages.CustomerLoginPage.verifyLogoutTab(CustomerLoginPage.java:53)
  com.bank.pages.CustomerLoginPage.verifyLogoutTab(CustomerLoginPage.java:53)
  com.bank.pages.CustomerLoginPage.verifyLogoutTab(CustomerLoginPage.java:53)
  com.bank.pages.CustomerLoginPage.verifyLogoutTab(CustomerLoginPage.java:53)
  com.bank.pages.CustomerLoginPage.verifyLogoutTab(CustomerLoginPage.java:53)
  com.bank.pages.CustomerLoginPage.verifyLogoutTab(CustomerLoginPage.java:53)
  com.bank.pages.CustomerLoginPage.verifyLogoutTab(CustomerLoginPage.java:53)
  com.bank.pages.CustomerLoginPage.verifyLogoutTab(CustomerLoginPage.java:53)
  com.bank.pages.CustomerLoginPage.verifyLogoutTab(CustomerLoginPage.java:53)
  com.bank.pages.CustomerLoginPage.verifyLogoutTab(CustomerLoginPage.java:53)
  com.bank.pages.CustomerLoginPage.verifyLogoutTab(CustomerLoginPage.java:53)
  com.bank.pages.CustomerLoginPage.verifyLogoutTab(CustomerLoginPage.java:53)
  com.bank.pages.CustomerLoginPage.verifyLogoutTab(CustomerLoginPage.java:53)
  com.bank.pages.CustomerLoginPage.verifyLogoutTab(CustomerLoginPage.java:53)
  com.bank.pages.CustomerLoginPage.verifyLogoutTab(CustomerLoginPage.java:53)
  com.bank.pages.CustomerLoginPage.verifyLogoutTab(CustomerLoginPage.java:53)
  com.bank.pages.CustomerLoginPage.verifyLogoutTab(CustomerLoginPage.java:53)
  com.bank.pages.CustomerLoginPage.verifyLogoutTab(CustomerLoginPage.java:53)
  com.bank.pages.CustomerLoginPage.verifyLogoutTab(CustomerLoginPage.java:53)
  com.bank.pages.CustomerLoginPage.verifyLogoutTab(CustomerLoginPage.java:53)
  com.bank.pages.CustomerLoginPage.verifyLogoutTab(CustomerLoginPage.java:53)
  com.bank.pages.CustomerLoginPage.verifyLogoutTab(CustomerLoginPage.java:53)
  com.bank.pages.CustomerLoginPage.verifyLogoutTab(CustomerLoginPage.java:53)
  com.bank.pages.CustomerLoginPage.verifyLogoutTab(CustomerLoginPage.java:53)
  com.bank.pages.CustomerLoginPage.verifyLogoutTab(CustomerLoginPage.java:53)
  com.bank.pages.CustomerLoginPage.verifyLogoutTab(CustomerLoginPage.java:53)
  com.bank.pages.CustomerLoginPage.verifyLogoutTab(CustomerLoginPage.java:53)
  com.bank.pages.CustomerLoginPage.verifyLogoutTab(CustomerLoginPage.java:53)
  com.bank.pages.CustomerLoginPage.verifyLogoutTab(CustomerLoginPage.java:53)
  com.bank.pages.CustomerLoginPage.verifyLogoutTab(CustomerLoginPage.java:53)
  com.bank.pages.CustomerLoginPage.verifyLogoutTab(CustomerLoginPage.java:53)
  com.bank.pages.CustomerLoginPage.verifyLogoutTab(CustomerLoginPage.java:53)
  com.bank.pages.CustomerLoginPage.verifyLogoutTab(CustomerLoginPage.java:53)
  com.bank.pages.CustomerLoginPage.verifyLogoutTab(CustomerLoginPage.java:53)
  com.bank.pages.CustomerLoginPage.verifyLogoutTab(CustomerLoginPage.java:53)
  com.bank.pages.CustomerLoginPage.verifyLogoutTab(CustomerLoginPage.java:53)
  com.bank.pages.CustomerLoginPage.verifyLogoutTab(CustomerLoginPage.java:53)
  com.bank.pages.CustomerLoginPage.verifyLogoutTab(CustomerLoginPage.java:53)
  com.bank.pages.CustomerLoginPage.verifyLogoutTab(CustomerLoginPage.java:53)
  com.bank.pages.CustomerLoginPage.verifyLogoutTab(CustomerLoginPage.java:53)
  com.bank.pages.CustomerLoginPage.verifyLogoutTab(CustomerLoginPage.java:53)
  com.bank.pages.CustomerLoginPage.verifyLogoutTab(CustomerLoginPage.java:53)
  com.bank.pages.CustomerLoginPage.verifyLogoutTab(CustomerLoginPage.java:53)
  com.bank.pages.CustomerLoginPage.verifyLogoutTab(CustomerLoginPage.java:53)
  com.bank.pages.CustomerLoginPage.verifyLogoutTab(CustomerLoginPage.java:53)
  com.bank.pages.CustomerLoginPage.verifyLogoutTab(CustomerLoginPage.java:53)
  com.bank.pages.CustomerLoginPage.verifyLogoutTab(CustomerLoginPage.java:53)
  com.bank.pages.CustomerLoginPage.verifyLogoutTab(CustomerLoginPage.java:53)
  com.bank.pages.CustomerLoginPage.verifyLogoutTab(CustomerLoginPage.java:53)
  com.bank.pages.CustomerLoginPage.verifyLogoutTab(CustomerLoginPage.java:53)
  com.bank.pages.CustomerLoginPage.verifyLogoutTab(CustomerLoginPage.java:53)
  com.bank.pages.CustomerLoginPage.verifyLogoutTab(CustomerLoginPage.java:53)
  com.bank.pages.CustomerLoginPage.verifyLogoutTab(CustomerLoginPage.java:53)
  com.bank.pages.CustomerLoginPage.verifyLogoutTab(CustomerLoginPage.java:53)
  com.bank.pages.CustomerLoginPage.verifyLogoutTab(CustomerLoginPage.java:53)
  com.bank.pages.CustomerLoginPage.verifyLogoutTab(CustomerLoginPage.java:53)
  com.bank.pages.CustomerLoginPage.verifyLogoutTab(CustomerLoginPage.java:53)
  com.bank.pages.CustomerLoginPage.verifyLogoutTab(CustomerLoginPage.java:53)
  com.bank.pages.CustomerLoginPage.verifyLogoutTab(CustomerLoginPage.java:53)
  com.bank.pages.CustomerLoginPage.verifyLogoutTab(CustomerLoginPage.java:53)
  com.bank.pages.CustomerLoginPage.verifyLogoutTab(CustomerLoginPage.java:53)
  com.bank.pages.CustomerLoginPage.verifyLogoutTab(CustomerLoginPage.java:53)
  com.bank.pages.CustomerLoginPage.verifyLogoutTab(CustomerLoginPage.java:53)
  com.bank.pages.CustomerLoginPage.verifyLogoutTab(CustomerLoginPage.java:53)
  com.bank.pages.CustomerLoginPage.verifyLogoutTab(CustomerLoginPage.java:53)
  com.bank.pages.CustomerLoginPage.verifyLogoutTab(CustomerLoginPage.java:53)
  com.bank.pages.CustomerLoginPage.verifyLogoutTab(CustomerLoginPage.java:53)
  com.bank.pages.CustomerLoginPage.verifyLogoutTab(CustomerLoginPage.java:53)
  com.bank.pages.CustomerLoginPage.verifyLogoutTab(CustomerLoginPage.java:53)
  com.bank.pages.CustomerLoginPage.verifyLogoutTab(CustomerLoginPage.java:53)
  com.bank.pages.CustomerLoginPage.verifyLogoutTab(CustomerLoginPage.java:53)
  com.bank.pages.CustomerLoginPage.verifyLogoutTab(CustomerLoginPage.java:53)
  com.bank.pages.CustomerLoginPage.verifyLogoutTab(CustomerLoginPage.java:53)
  com.bank.pages.CustomerLoginPage.verifyLogoutTab(CustomerLoginPage.java:53)
  com.bank.pages.CustomerLoginPage.verifyLogoutTab(CustomerLoginPage.java:53)
  com.bank.pages.CustomerLoginPage.verifyLogoutTab(CustomerLoginPage.java:53)
  com.bank.pages.CustomerLoginPage.verifyLogoutTab(CustomerLoginPage.java:53)
  com.bank.pages.CustomerLoginPage.verifyLogoutTab(CustomerLoginPage.java:53)
  com.bank.pages.CustomerLoginPage.verifyLogoutTab(CustomerLoginPage.java:53)
  com.bank.pages.CustomerLoginPage.verifyLogoutTab(CustomerLoginPage.java:53)
  com.bank.pages.CustomerLoginPage.verifyLogoutTab(CustomerLoginPage.java:53)
  com.bank.pages.CustomerLoginPage.verifyLogoutTab(CustomerLoginPage.java:53)
  com.bank.pages.CustomerLoginPage.verifyLogoutTab(CustomerLoginPage.java:53)
  com.bank.pages.CustomerLoginPage.verifyLogoutTab(CustomerLoginPage.java:53)
  com.bank.pages.CustomerLoginPage.verifyLogoutTab(CustomerLoginPage.java:53)
  com.bank.pages.CustomerLoginPage.verifyLogoutTab(CustomerLoginPage.java:53)
  com.bank.pages.CustomerLoginPage.verifyLogoutTab(CustomerLoginPage.java:53)
  com.bank.pages.CustomerLoginPage.verifyLogoutTab(CustomerLoginPage.java:53)
  com.bank.pages.CustomerLoginPage.verifyLogoutTab(CustomerLoginPage.java:53)
  com.bank.pages.CustomerLoginPage.verifyLogoutTab(CustomerLoginPage.java:53)
  com.bank.pages.CustomerLoginPage.verifyLogoutTab(CustomerLoginPage.java:53)
  com.bank.pages.CustomerLoginPage.verifyLogoutTab(CustomerLoginPage.java:53)
  com.bank.pages.CustomerLoginPage.verifyLogoutTab(CustomerLoginPage.java:53)
  com.bank.pages.CustomerLoginPage.verifyLogoutTab(CustomerLoginPage.java:53)
  com.bank.pages.CustomerLoginPage.verifyLogoutTab(CustomerLoginPage.java:53)
  com.bank.pages.CustomerLoginPage.verifyLogoutTab(CustomerLoginPage.java:53)
  com.bank.pages.CustomerLoginPage.verifyLogoutTab(CustomerLoginPage.java:53)
  com.bank.pages.CustomerLoginPage.verifyLogoutTab(CustomerLoginPage.java:53)
  com.bank.pages.CustomerLoginPage.verifyLogoutTab(CustomerLoginPage.java:53)
  com.bank.pages.CustomerLoginPage.verifyLogoutTab(CustomerLoginPage.java:53)
  com.bank.pages.CustomerLoginPage.verifyLogoutTab(CustomerLoginPage.java:53)
  com.bank.pages.CustomerLoginPage.verifyLogoutTab(CustomerLoginPage.java:53)
  com.bank.pages.CustomerLoginPage.verifyLogoutTab(CustomerLoginPage.java:53)
  com.bank.pages.CustomerLoginPage.verifyLogoutTab(CustomerLoginPage.java:53)
  com.bank.pages.CustomerLoginPage.verifyLogoutTab(CustomerLoginPage.java:53)
  com.bank.pages.CustomerLoginPage.verifyLogoutTab(CustomerLoginPage.java:53)
  com.bank.pages.CustomerLoginPage.verifyLogoutTab(CustomerLoginPage.java:53)
  com.bank.pages.CustomerLoginPage.verifyLogoutTab(CustomerLoginPage.java:53)
  com.bank.pages.CustomerLoginPage.verifyLogoutTab(CustomerLoginPage.java:53)
  com.bank.pages.CustomerLoginPage.verifyLogoutTab(CustomerLoginPage.java:53)
  com.bank.pages.CustomerLoginPage.verifyLogoutTab(CustomerLoginPage.java:53)
  com.bank.pages.CustomerLoginPage.verifyLogoutTab(CustomerLoginPage.java:53)
  com.bank.pages.CustomerLoginPage.verifyLogoutTab(CustomerLoginPage.java:53)
  com.bank.pages.CustomerLoginPage.verifyLogoutTab(CustomerLoginPage.java:53)
  com.bank.pages.CustomerLoginPage.verifyLogoutTab(CustomerLoginPage.java:53)
  com.bank.pages.CustomerLoginPage.verifyLogoutTab(CustomerLoginPage.java:53)
  com.bank.pages.CustomerLoginPage.verifyLogoutTab(CustomerLoginPage.java:53)
  com.bank.pages.CustomerLoginPage.verifyLogoutTab(CustomerLoginPage.java:53)
  com.bank.pages.CustomerLoginPage.verifyLogoutTab(CustomerLoginPage.java:53)
  com.bank.pages.CustomerLoginPage.verifyLogoutTab(CustomerLoginPage.java:53)
  com.bank.pages.CustomerLoginPage.verifyLogoutTab(CustomerLoginPage.java:53)
  com.bank.pages.CustomerLoginPage.verifyLogoutTab(CustomerLoginPage.java:53)
  com.bank.pages.CustomerLoginPage.verifyLogoutTab(CustomerLoginPage.java:53)
  com.bank.pages.CustomerLoginPage.verifyLogoutTab(CustomerLoginPage.java:53)
  com.bank.pages.CustomerLoginPage.verifyLogoutTab(CustomerLoginPage.java:53)
  com.bank.pages.CustomerLoginPage.verifyLogoutTab(CustomerLoginPage.java:53)
  com.bank.pages.CustomerLoginPage.verifyLogoutTab(CustomerLoginPage.java:53)
  com.bank.pages.CustomerLoginPage.verifyLogoutTab(CustomerLoginPage.java:53)
  com.bank.pages.CustomerLoginPage.verifyLogoutTab(CustomerLoginPage.java:53)
  com.bank.pages.CustomerLoginPage.verifyLogoutTab(CustomerLoginPage.java:53)
  com.bank.pages.CustomerLoginPage.verifyLogoutTab(CustomerLoginPage.java:53)
  com.bank.pages.CustomerLoginPage.verifyLogoutTab(CustomerLoginPage.java:53)
  com.bank.pages.CustomerLoginPage.verifyLogoutTab(CustomerLoginPage.java:53)
  com.bank.pages.CustomerLoginPage.verifyLogoutTab(CustomerLoginPage.java:53)
  com.bank.pages.CustomerLoginPage.verifyLogoutTab(CustomerLoginPage.java:53)
  com.bank.pages.CustomerLoginPage.verifyLogoutTab(CustomerLoginPage.java:53)
  com.bank.pages.CustomerLoginPage.verifyLogoutTab(CustomerLoginPage.java:53)
  com.bank.pages.CustomerLoginPage.verifyLogoutTab(CustomerLoginPage.java:53)
  com.bank.pages.CustomerLoginPage.verifyLogoutTab(CustomerLoginPage.java:53)
  com.bank.pages.CustomerLoginPage.verifyLogoutTab(CustomerLoginPage.java:53)
  com.bank.pages.CustomerLoginPage.verifyLogoutTab(CustomerLoginPage.java:53)
  com.bank.pages.CustomerLoginPage.verifyLogoutTab(CustomerLoginPage.java:53)
  com.bank.pages.CustomerLoginPage.verifyLogoutTab(CustomerLoginPage.java:53)
  com.bank.pages.CustomerLoginPage.verifyLogoutTab(CustomerLoginPage.java:53)
  com.bank.pages.CustomerLoginPage.verifyLogoutTab(CustomerLoginPage.java:53)
  com.bank.pages.CustomerLoginPage.verifyLogoutTab(CustomerLoginPage.java:53)
  com.bank.pages.CustomerLoginPage.verifyLogoutTab(CustomerLoginPage.java:53)
  com.bank.pages.CustomerLoginPage.verifyLogoutTab(CustomerLoginPage.java:53)
  com.bank.pages.CustomerLoginPage.verifyLogoutTab(CustomerLoginPage.java:53)
  com.bank.pages.CustomerLoginPage.verifyLogoutTab(CustomerLoginPage.java:53)
  com.bank.pages.CustomerLoginPage.verifyLogoutTab(CustomerLoginPage.java:53)
  com.bank.pages.CustomerLoginPage.verifyLogoutTab(CustomerLoginPage.java:53)
  com.bank.pages.CustomerLoginPage.verifyLogoutTab(CustomerLoginPage.java:53)
  com.bank.pages.CustomerLoginPage.verifyLogoutTab(CustomerLoginPage.java:53)
  com.bank.pages.CustomerLoginPage.verifyLogoutTab(CustomerLoginPage.java:53)
  com.bank.pages.CustomerLoginPage.verifyLogoutTab(CustomerLoginPage.java:53)
  com.bank.pages.CustomerLoginPage.verifyLogoutTab(CustomerLoginPage.java:53)
  com.bank.pages.CustomerLoginPage.verifyLogoutTab(CustomerLoginPage.java:53)
  com.bank.pages.CustomerLoginPage.verifyLogoutTab(CustomerLoginPage.java:53)
  com.bank.pages.CustomerLoginPage.verifyLogoutTab(CustomerLoginPage.java:53)
  com.bank.pages.CustomerLoginPage.verifyLogoutTab(CustomerLoginPage.java:53)
  com.bank.pages.CustomerLoginPage.verifyLogoutTab(CustomerLoginPage.java:53)
  com.bank.pages.CustomerLoginPage.verifyLogoutTab(CustomerLoginPage.java:53)
  com.bank.pages.CustomerLoginPage.verifyLogoutTab(CustomerLoginPage.java:53)
  com.bank.pages.CustomerLoginPage.verifyLogoutTab(CustomerLoginPage.java:53)
  com.bank.pages.CustomerLoginPage.verifyLogoutTab(CustomerLoginPage.java:53)
  com.bank.pages.CustomerLoginPage.verifyLogoutTab(CustomerLoginPage.java:53)
  com.bank.pages.CustomerLoginPage.verifyLogoutTab(CustomerLoginPage.java:53)
  com.bank.pages.CustomerLoginPage.verifyLogoutTab(CustomerLoginPage.java:53)
  com.bank.pages.CustomerLoginPage.verifyLogoutTab(CustomerLoginPage.java:53)
  com.bank.pages.CustomerLoginPage.verifyLogoutTab(CustomerLoginPage.java:53)
  com.bank.pages.CustomerLoginPage.verifyLogoutTab(CustomerLoginPage.java:53)
  com.bank.pages.CustomerLoginPage.verifyLogoutTab(CustomerLoginPage.java:53)
  com.bank.pages.CustomerLoginPage.verifyLogoutTab(CustomerLoginPage.java:53)
  com.bank.pages.CustomerLoginPage.verifyLogoutTab(CustomerLoginPage.java:53)
  com.bank.pages.CustomerLoginPage.verifyLogoutTab(CustomerLoginPage.java:53)
  com.bank.pages.CustomerLoginPage.verifyLogoutTab(CustomerLoginPage.java:53)
  com.bank.pages.CustomerLoginPage.verifyLogoutTab(CustomerLoginPage.java:53)
  com.bank.pages.CustomerLoginPage.verifyLogoutTab(CustomerLoginPage.java:53)
  com.bank.pages.CustomerLoginPage.verifyLogoutTab(CustomerLoginPage.java:53)
  com.bank.pages.CustomerLoginPage.verifyLogoutTab(CustomerLoginPage.java:53)
  com.bank.pages.CustomerLoginPage.verifyLogoutTab(CustomerLoginPage.java:53)
  com.bank.pages.CustomerLoginPage.verifyLogoutTab(CustomerLoginPage.java:53)
  com.bank.pages.CustomerLoginPage.verifyLogoutTab(CustomerLoginPage.java:53)
  com.bank.pages.CustomerLoginPage.verifyLogoutTab(CustomerLoginPage.java:53)
  com.bank.pages.CustomerLoginPage.verifyLogoutTab(CustomerLoginPage.java:53)
  com.bank.pages.CustomerLoginPage.verifyLogoutTab(CustomerLoginPage.java:53)
  com.bank.pages.CustomerLoginPage.verifyLogoutTab(CustomerLoginPage.java:53)
  com.bank.pages.CustomerLoginPage.verifyLogoutTab(CustomerLoginPage.java:53)
  com.bank.pages.CustomerLoginPage.verifyLogoutTab(CustomerLoginPage.java:53)
  com.bank.pages.CustomerLoginPage.verifyLogoutTab(CustomerLoginPage.java:53)
  com.bank.pages.CustomerLoginPage.verifyLogoutTab(CustomerLoginPage.java:53)
  com.bank.pages.CustomerLoginPage.verifyLogoutTab(CustomerLoginPage.java:53)
  com.bank.pages.CustomerLoginPage.verifyLogoutTab(CustomerLoginPage.java:53)
  com.bank.pages.CustomerLoginPage.verifyLogoutTab(CustomerLoginPage.java:53)
  com.bank.pages.CustomerLoginPage.verifyLogoutTab(CustomerLoginPage.java:53)
  com.bank.pages.CustomerLoginPage.verifyLogoutTab(CustomerLoginPage.java:53)
  com.bank.pages.CustomerLoginPage.verifyLogoutTab(CustomerLoginPage.java:53)
  com.bank.pages.CustomerLoginPage.verifyLogoutTab(CustomerLoginPage.java:53)
  com.bank.pages.CustomerLoginPage.verifyLogoutTab(CustomerLoginPage.java:53)
  com.bank.pages.CustomerLoginPage.verifyLogoutTab(CustomerLoginPage.java:53)
  com.bank.pages.CustomerLoginPage.verifyLogoutTab(CustomerLoginPage.java:53)
  com.bank.pages.CustomerLoginPage.verifyLogoutTab(CustomerLoginPage.java:53)
  com.bank.pages.CustomerLoginPage.verifyLogoutTab(CustomerLoginPage.java:53)
  com.bank.pages.CustomerLoginPage.verifyLogoutTab(CustomerLoginPage.java:53)
  com.bank.pages.CustomerLoginPage.verifyLogoutTab(CustomerLoginPage.java:53)
  com.bank.pages.CustomerLoginPage.verifyLogoutTab(CustomerLoginPage.java:53)
  com.bank.pages.CustomerLoginPage.verifyLogoutTab(CustomerLoginPage.java:53)
  com.bank.pages.CustomerLoginPage.verifyLogoutTab(CustomerLoginPage.java:53)
  com.bank.pages.CustomerLoginPage.verifyLogoutTab(CustomerLoginPage.java:53)
  com.bank.pages.CustomerLoginPage.verifyLogoutTab(CustomerLoginPage.java:53)
  com.bank.pages.CustomerLoginPage.verifyLogoutTab(CustomerLoginPage.java:53)
  com.bank.pages.CustomerLoginPage.verifyLogoutTab(CustomerLoginPage.java:53)
  com.bank.pages.CustomerLoginPage.verifyLogoutTab(CustomerLoginPage.java:53)
  com.bank.pages.CustomerLoginPage.verifyLogoutTab(CustomerLoginPage.java:53)
  com.bank.pages.CustomerLoginPage.verifyLogoutTab(CustomerLoginPage.java:53)
  com.bank.pages.CustomerLoginPage.verifyLogoutTab(CustomerLoginPage.java:53)
  com.bank.pages.CustomerLoginPage.verifyLogoutTab(CustomerLoginPage.java:53)
  com.bank.pages.CustomerLoginPage.verifyLogoutTab(CustomerLoginPage.java:53)
  com.bank.pages.CustomerLoginPage.verifyLogoutTab(CustomerLoginPage.java:53)
  com.bank.pages.CustomerLoginPage.verifyLogoutTab(CustomerLoginPage.java:53)
  com.bank.pages.CustomerLoginPage.verifyLogoutTab(CustomerLoginPage.java:53)
  com.bank.pages.CustomerLoginPage.verifyLogoutTab(CustomerLoginPage.java:53)
  com.bank.pages.CustomerLoginPage.verifyLogoutTab(CustomerLoginPage.java:53)
  com.bank.pages.CustomerLoginPage.verifyLogoutTab(CustomerLoginPage.java:53)
  com.bank.pages.CustomerLoginPage.verifyLogoutTab(CustomerLoginPage.java:53)
  com.bank.pages.CustomerLoginPage.verifyLogoutTab(CustomerLoginPage.java:53)
  com.bank.pages.CustomerLoginPage.verifyLogoutTab(CustomerLoginPage.java:53)
  com.bank.pages.CustomerLoginPage.verifyLogoutTab(CustomerLoginPage.java:53)
  com.bank.pages.CustomerLoginPage.verifyLogoutTab(CustomerLoginPage.java:53)
  com.bank.pages.CustomerLoginPage.verifyLogoutTab(CustomerLoginPage.java:53)
  com.bank.pages.CustomerLoginPage.verifyLogoutTab(CustomerLoginPage.java:53)
  com.bank.pages.CustomerLoginPage.verifyLogoutTab(CustomerLoginPage.java:53)
  com.bank.pages.CustomerLoginPage.verifyLogoutTab(CustomerLoginPage.java:53)
  com.bank.pages.CustomerLoginPage.verifyLogoutTab(CustomerLoginPage.java:53)
  com.bank.pages.CustomerLoginPage.verifyLogoutTab(CustomerLoginPage.java:53)
  com.bank.pages.CustomerLoginPage.verifyLogoutTab(CustomerLoginPage.java:53)
  com.bank.pages.CustomerLoginPage.verifyLogoutTab(CustomerLoginPage.java:53)
  com.bank.pages.CustomerLoginPage.verifyLogoutTab(CustomerLoginPage.java:53)
  com.bank.pages.CustomerLoginPage.verifyLogoutTab(CustomerLoginPage.java:53)
  com.bank.pages.CustomerLoginPage.verifyLogoutTab(CustomerLoginPage.java:53)
  com.bank.pages.CustomerLoginPage.verifyLogoutTab(CustomerLoginPage.java:53)
  com.bank.pages.CustomerLoginPage.verifyLogoutTab(CustomerLoginPage.java:53)
  com.bank.pages.CustomerLoginPage.verifyLogoutTab(CustomerLoginPage.java:53)
  com.bank.pages.CustomerLoginPage.verifyLogoutTab(CustomerLoginPage.java:53)
  com.bank.pages.CustomerLoginPage.verifyLogoutTab(CustomerLoginPage.java:53)
  com.bank.pages.CustomerLoginPage.verifyLogoutTab(CustomerLoginPage.java:53)
  com.bank.pages.CustomerLoginPage.verifyLogoutTab(CustomerLoginPage.java:53)
  com.bank.pages.CustomerLoginPage.verifyLogoutTab(CustomerLoginPage.java:53)
  com.bank.pages.CustomerLoginPage.verifyLogoutTab(CustomerLoginPage.java:53)
  com.bank.pages.CustomerLoginPage.verifyLogoutTab(CustomerLoginPage.java:53)
  com.bank.pages.CustomerLoginPage.verifyLogoutTab(CustomerLoginPage.java:53)
  com.bank.pages.CustomerLoginPage.verifyLogoutTab(CustomerLoginPage.java:53)
  com.bank.pages.CustomerLoginPage.verifyLogoutTab(CustomerLoginPage.java:53)
  com.bank.pages.CustomerLoginPage.verifyLogoutTab(CustomerLoginPage.java:53)
  com.bank.pages.CustomerLoginPage.verifyLogoutTab(CustomerLoginPage.java:53)
  com.bank.pages.CustomerLoginPage.verifyLogoutTab(CustomerLoginPage.java:53)
  com.bank.pages.CustomerLoginPage.verifyLogoutTab(CustomerLoginPage.java:53)
  com.bank.pages.CustomerLoginPage.verifyLogoutTab(CustomerLoginPage.java:53)
  com.bank.pages.CustomerLoginPage.verifyLogoutTab(CustomerLoginPage.java:53)
  com.bank.pages.CustomerLoginPage.verifyLogoutTab(CustomerLoginPage.java:53)
  com.bank.pages.CustomerLoginPage.verifyLogoutTab(CustomerLoginPage.java:53)
  com.bank.pages.CustomerLoginPage.verifyLogoutTab(CustomerLoginPage.java:53)
  com.bank.pages.CustomerLoginPage.verifyLogoutTab(CustomerLoginPage.java:53)
  com.bank.pages.CustomerLoginPage.verifyLogoutTab(CustomerLoginPage.java:53)
  com.bank.pages.CustomerLoginPage.verifyLogoutTab(CustomerLoginPage.java:53)
  com.bank.pages.CustomerLoginPage.verifyLogoutTab(CustomerLoginPage.java:53)
  com.bank.pages.CustomerLoginPage.verifyLogoutTab(CustomerLoginPage.java:53)
  com.bank.pages.CustomerLoginPage.verifyLogoutTab(CustomerLoginPage.java:53)
  com.bank.pages.CustomerLoginPage.verifyLogoutTab(CustomerLoginPage.java:53)
  com.bank.pages.CustomerLoginPage.verifyLogoutTab(CustomerLoginPage.java:53)
  com.bank.pages.CustomerLoginPage.verifyLogoutTab(CustomerLoginPage.java:53)
  com.bank.pages.CustomerLoginPage.verifyLogoutTab(CustomerLoginPage.java:53)
  com.bank.pages.CustomerLoginPage.verifyLogoutTab(CustomerLoginPage.java:53)
  com.bank.pages.CustomerLoginPage.verifyLogoutTab(CustomerLoginPage.java:53)
  com.bank.pages.CustomerLoginPage.verifyLogoutTab(CustomerLoginPage.java:53)
  com.bank.pages.CustomerLoginPage.verifyLogoutTab(CustomerLoginPage.java:53)
  com.bank.pages.CustomerLoginPage.verifyLogoutTab(CustomerLoginPage.java:53)
  com.bank.pages.CustomerLoginPage.verifyLogoutTab(CustomerLoginPage.java:53)
  com.bank.pages.CustomerLoginPage.verifyLogoutTab(CustomerLoginPage.java:53)
  com.bank.pages.CustomerLoginPage.verifyLogoutTab(CustomerLoginPage.java:53)
  com.bank.pages.CustomerLoginPage.verifyLogoutTab(CustomerLoginPage.java:53)
  com.bank.pages.CustomerLoginPage.verifyLogoutTab(CustomerLoginPage.java:53)
  com.bank.pages.CustomerLoginPage.verifyLogoutTab(CustomerLoginPage.java:53)
  com.bank.pages.CustomerLoginPage.verifyLogoutTab(CustomerLoginPage.java:53)
  com.bank.pages.CustomerLoginPage.verifyLogoutTab(CustomerLoginPage.java:53)
  com.bank.pages.CustomerLoginPage.verifyLogoutTab(CustomerLoginPage.java:53)
  com.bank.pages.CustomerLoginPage.verifyLogoutTab(CustomerLoginPage.java:53)
  com.bank.pages.CustomerLoginPage.verifyLogoutTab(CustomerLoginPage.java:53)
  com.bank.pages.CustomerLoginPage.verifyLogoutTab(CustomerLoginPage.java:53)
  com.bank.pages.CustomerLoginPage.verifyLogoutTab(CustomerLoginPage.java:53)
  com.bank.pages.CustomerLoginPage.verifyLogoutTab(CustomerLoginPage.java:53)
  com.bank.pages.CustomerLoginPage.verifyLogoutTab(CustomerLoginPage.java:53)
  com.bank.pages.CustomerLoginPage.verifyLogoutTab(CustomerLoginPage.java:53)
  com.bank.pages.CustomerLoginPage.verifyLogoutTab(CustomerLoginPage.java:53)
  com.bank.pages.CustomerLoginPage.verifyLogoutTab(CustomerLoginPage.java:53)
  com.bank.pages.CustomerLoginPage.verifyLogoutTab(CustomerLoginPage.java:53)
  com.bank.pages.CustomerLoginPage.verifyLogoutTab(CustomerLoginPage.java:53)
  com.bank.pages.CustomerLoginPage.verifyLogoutTab(CustomerLoginPage.java:53)
  com.bank.pages.CustomerLoginPage.verifyLogoutTab(CustomerLoginPage.java:53)
  com.bank.pages.CustomerLoginPage.verifyLogoutTab(CustomerLoginPage.java:53)
  com.bank.pages.CustomerLoginPage.verifyLogoutTab(CustomerLoginPage.java:53)
  com.bank.pages.CustomerLoginPage.verifyLogoutTab(CustomerLoginPage.java:53)
  com.bank.pages.CustomerLoginPage.verifyLogoutTab(CustomerLoginPage.java:53)
  com.bank.pages.CustomerLoginPage.verifyLogoutTab(CustomerLoginPage.java:53)
  com.bank.pages.CustomerLoginPage.verifyLogoutTab(CustomerLoginPage.java:53)
  com.bank.pages.CustomerLoginPage.verifyLogoutTab(CustomerLoginPage.java:53)
  com.bank.pages.CustomerLoginPage.verifyLogoutTab(CustomerLoginPage.java:53)
  com.bank.pages.CustomerLoginPage.verifyLogoutTab(CustomerLoginPage.java:53)
  com.bank.pages.CustomerLoginPage.verifyLogoutTab(CustomerLoginPage.java:53)
  com.bank.pages.CustomerLoginPage.verifyLogoutTab(CustomerLoginPage.java:53)
  com.bank.pages.CustomerLoginPage.verifyLogoutTab(CustomerLoginPage.java:53)
  com.bank.pages.CustomerLoginPage.verifyLogoutTab(CustomerLoginPage.java:53)
  com.bank.pages.CustomerLoginPage.verifyLogoutTab(CustomerLoginPage.java:53)
  com.bank.pages.CustomerLoginPage.verifyLogoutTab(CustomerLoginPage.java:53)
  com.bank.pages.CustomerLoginPage.verifyLogoutTab(CustomerLoginPage.java:53)
  com.bank.pages.CustomerLoginPage.verifyLogoutTab(CustomerLoginPage.java:53)
  com.bank.pages.CustomerLoginPage.verifyLogoutTab(CustomerLoginPage.java:53)
  com.bank.pages.CustomerLoginPage.verifyLogoutTab(CustomerLoginPage.java:53)
  com.bank.pages.CustomerLoginPage.verifyLogoutTab(CustomerLoginPage.java:53)
  com.bank.pages.CustomerLoginPage.verifyLogoutTab(CustomerLoginPage.java:53)
  com.bank.pages.CustomerLoginPage.verifyLogoutTab(CustomerLoginPage.java:53)
  com.bank.pages.CustomerLoginPage.verifyLogoutTab(CustomerLoginPage.java:53)
  com.bank.pages.CustomerLoginPage.verifyLogoutTab(CustomerLoginPage.java:53)
  com.bank.pages.CustomerLoginPage.verifyLogoutTab(CustomerLoginPage.java:53)
  com.bank.pages.CustomerLoginPage.verifyLogoutTab(CustomerLoginPage.java:53)
  com.bank.pages.CustomerLoginPage.verifyLogoutTab(CustomerLoginPage.java:53)
  com.bank.pages.CustomerLoginPage.verifyLogoutTab(CustomerLoginPage.java:53)
  com.bank.pages.CustomerLoginPage.verifyLogoutTab(CustomerLoginPage.java:53)
  com.bank.pages.CustomerLoginPage.verifyLogoutTab(CustomerLoginPage.java:53)
  com.bank.pages.CustomerLoginPage.verifyLogoutTab(CustomerLoginPage.java:53)
  com.bank.pages.CustomerLoginPage.verifyLogoutTab(CustomerLoginPage.java:53)
  com.bank.pages.CustomerLoginPage.verifyLogoutTab(CustomerLoginPage.java:53)
  com.bank.pages.CustomerLoginPage.verifyLogoutTab(CustomerLoginPage.java:53)
  com.bank.pages.CustomerLoginPage.verifyLogoutTab(CustomerLoginPage.java:53)
  com.bank.pages.CustomerLoginPage.verifyLogoutTab(CustomerLoginPage.java:53)
  com.bank.pages.CustomerLoginPage.verifyLogoutTab(CustomerLoginPage.java:53)
  com.bank.pages.CustomerLoginPage.verifyLogoutTab(CustomerLoginPage.java:53)
  com.bank.pages.CustomerLoginPage.verifyLogoutTab(CustomerLoginPage.java:53)
  com.bank.pages.CustomerLoginPage.verifyLogoutTab(CustomerLoginPage.java:53)
  com.bank.pages.CustomerLoginPage.verifyLogoutTab(CustomerLoginPage.java:53)
  com.bank.pages.CustomerLoginPage.verifyLogoutTab(CustomerLoginPage.java:53)
  com.bank.pages.CustomerLoginPage.verifyLogoutTab(CustomerLoginPage.java:53)
  com.bank.pages.CustomerLoginPage.verifyLogoutTab(CustomerLoginPage.java:53)
  com.bank.pages.CustomerLoginPage.verifyLogoutTab(CustomerLoginPage.java:53)
  com.bank.pages.CustomerLoginPage.verifyLogoutTab(CustomerLoginPage.java:53)
  com.bank.pages.CustomerLoginPage.verifyLogoutTab(CustomerLoginPage.java:53)
  com.bank.pages.CustomerLoginPage.verifyLogoutTab(CustomerLoginPage.java:53)
  com.bank.pages.CustomerLoginPage.verifyLogoutTab(CustomerLoginPage.java:53)
  com.bank.pages.CustomerLoginPage.verifyLogoutTab(CustomerLoginPage.java:53)
  com.bank.pages.CustomerLoginPage.verifyLogoutTab(CustomerLoginPage.java:53)
  com.bank.pages.CustomerLoginPage.verifyLogoutTab(CustomerLoginPage.java:53)
  com.bank.pages.CustomerLoginPage.verifyLogoutTab(CustomerLoginPage.java:53)
  com.bank.pages.CustomerLoginPage.verifyLogoutTab(CustomerLoginPage.java:53)
  com.bank.pages.CustomerLoginPage.verifyLogoutTab(CustomerLoginPage.java:53)
  com.bank.pages.CustomerLoginPage.verifyLogoutTab(CustomerLoginPage.java:53)
  com.bank.pages.CustomerLoginPage.verifyLogoutTab(CustomerLoginPage.java:53)
  com.bank.pages.CustomerLoginPage.verifyLogoutTab(CustomerLoginPage.java:53)
  com.bank.pages.CustomerLoginPage.verifyLogoutTab(CustomerLoginPage.java:53)
  com.bank.pages.CustomerLoginPage.verifyLogoutTab(CustomerLoginPage.java:53)
  com.bank.pages.CustomerLoginPage.verifyLogoutTab(CustomerLoginPage.java:53)
  com.bank.pages.CustomerLoginPage.verifyLogoutTab(CustomerLoginPage.java:53)
  com.bank.pages.CustomerLoginPage.verifyLogoutTab(CustomerLoginPage.java:53)
  com.bank.pages.CustomerLoginPage.verifyLogoutTab(CustomerLoginPage.java:53)
  com.bank.pages.CustomerLoginPage.verifyLogoutTab(CustomerLoginPage.java:53)
  com.bank.pages.CustomerLoginPage.verifyLogoutTab(CustomerLoginPage.java:53)
  com.bank.pages.CustomerLoginPage.verifyLogoutTab(CustomerLoginPage.java:53)
  com.bank.pages.CustomerLoginPage.verifyLogoutTab(CustomerLoginPage.java:53)
  com.bank.pages.CustomerLoginPage.verifyLogoutTab(CustomerLoginPage.java:53)
  com.bank.pages.CustomerLoginPage.verifyLogoutTab(CustomerLoginPage.java:53)
  com.bank.pages.CustomerLoginPage.verifyLogoutTab(CustomerLoginPage.java:53)
  com.bank.pages.CustomerLoginPage.verifyLogoutTab(CustomerLoginPage.java:53)
  com.bank.pages.CustomerLoginPage.verifyLogoutTab(CustomerLoginPage.java:53)
  com.bank.pages.CustomerLoginPage.verifyLogoutTab(CustomerLoginPage.java:53)
  com.bank.pages.CustomerLoginPage.verifyLogoutTab(CustomerLoginPage.java:53)
  com.bank.pages.CustomerLoginPage.verifyLogoutTab(CustomerLoginPage.java:53)
  com.bank.pages.CustomerLoginPage.verifyLogoutTab(CustomerLoginPage.java:53)
  com.bank.pages.CustomerLoginPage.verifyLogoutTab(CustomerLoginPage.java:53)
  com.bank.pages.CustomerLoginPage.verifyLogoutTab(CustomerLoginPage.java:53)
  com.bank.pages.CustomerLoginPage.verifyLogoutTab(CustomerLoginPage.java:53)
  com.bank.pages.CustomerLoginPage.verifyLogoutTab(CustomerLoginPage.java:53)
  com.bank.pages.CustomerLoginPage.verifyLogoutTab(CustomerLoginPage.java:53)
  com.bank.pages.CustomerLoginPage.verifyLogoutTab(CustomerLoginPage.java:53)
  com.bank.pages.CustomerLoginPage.verifyLogoutTab(CustomerLoginPage.java:53)
  com.bank.pages.CustomerLoginPage.verifyLogoutTab(CustomerLoginPage.java:53)
  com.bank.pages.CustomerLoginPage.verifyLogoutTab(CustomerLoginPage.java:53)
  com.bank.pages.CustomerLoginPage.verifyLogoutTab(CustomerLoginPage.java:53)
  com.bank.pages.CustomerLoginPage.verifyLogoutTab(CustomerLoginPage.java:53)
  com.bank.pages.CustomerLoginPage.verifyLogoutTab(CustomerLoginPage.java:53)
  com.bank.pages.CustomerLoginPage.verifyLogoutTab(CustomerLoginPage.java:53)
  com.bank.pages.CustomerLoginPage.verifyLogoutTab(CustomerLoginPage.java:53)
  com.bank.pages.CustomerLoginPage.verifyLogoutTab(CustomerLoginPage.java:53)
  com.bank.pages.CustomerLoginPage.verifyLogoutTab(CustomerLoginPage.java:53)
  com.bank.pages.CustomerLoginPage.verifyLogoutTab(CustomerLoginPage.java:53)
  com.bank.pages.CustomerLoginPage.verifyLogoutTab(CustomerLoginPage.java:53)
  com.bank.pages.CustomerLoginPage.verifyLogoutTab(CustomerLoginPage.java:53)
  com.bank.pages.CustomerLoginPage.verifyLogoutTab(CustomerLoginPage.java:53)
  com.bank.pages.CustomerLoginPage.verifyLogoutTab(CustomerLoginPage.java:53)
  com.bank.pages.CustomerLoginPage.verifyLogoutTab(CustomerLoginPage.java:53)
  com.bank.pages.CustomerLoginPage.verifyLogoutTab(CustomerLoginPage.java:53)
  com.bank.pages.CustomerLoginPage.verifyLogoutTab(CustomerLoginPage.java:53)
  com.bank.pages.CustomerLoginPage.verifyLogoutTab(CustomerLoginPage.java:53)
  com.bank.pages.CustomerLoginPage.verifyLogoutTab(CustomerLoginPage.java:53)
  com.bank.pages.CustomerLoginPage.verifyLogoutTab(CustomerLoginPage.java:53)
  com.bank.pages.CustomerLoginPage.verifyLogoutTab(CustomerLoginPage.java:53)
  com.bank.pages.CustomerLoginPage.verifyLogoutTab(CustomerLoginPage.java:53)
  com.bank.pages.CustomerLoginPage.verifyLogoutTab(CustomerLoginPage.java:53)
  com.bank.pages.CustomerLoginPage.verifyLogoutTab(CustomerLoginPage.java:53)
  com.bank.pages.CustomerLoginPage.verifyLogoutTab(CustomerLoginPage.java:53)
  com.bank.pages.CustomerLoginPage.verifyLogoutTab(CustomerLoginPage.java:53)
  com.bank.pages.CustomerLoginPage.verifyLogoutTab(CustomerLoginPage.java:53)
  com.bank.pages.CustomerLoginPage.verifyLogoutTab(CustomerLoginPage.java:53)
  com.bank.pages.CustomerLoginPage.verifyLogoutTab(CustomerLoginPage.java:53)
  com.bank.pages.CustomerLoginPage.verifyLogoutTab(CustomerLoginPage.java:53)
  com.bank.pages.CustomerLoginPage.verifyLogoutTab(CustomerLoginPage.java:53)
  com.bank.pages.CustomerLoginPage.verifyLogoutTab(CustomerLoginPage.java:53)
  com.bank.pages.CustomerLoginPage.verifyLogoutTab(CustomerLoginPage.java:53)
  com.bank.pages.CustomerLoginPage.verifyLogoutTab(CustomerLoginPage.java:53)
  com.bank.pages.CustomerLoginPage.verifyLogoutTab(CustomerLoginPage.java:53)
  com.bank.pages.CustomerLoginPage.verifyLogoutTab(CustomerLoginPage.java:53)
  com.bank.pages.CustomerLoginPage.verifyLogoutTab(CustomerLoginPage.java:53)
  com.bank.pages.CustomerLoginPage.verifyLogoutTab(CustomerLoginPage.java:53)
  com.bank.pages.CustomerLoginPage.verifyLogoutTab(CustomerLoginPage.java:53)
  com.bank.pages.CustomerLoginPage.verifyLogoutTab(CustomerLoginPage.java:53)
  com.bank.pages.CustomerLoginPage.verifyLogoutTab(CustomerLoginPage.java:53)
  com.bank.pages.CustomerLoginPage.verifyLogoutTab(CustomerLoginPage.java:53)
  com.bank.pages.CustomerLoginPage.verifyLogoutTab(CustomerLoginPage.java:53)
  com.bank.pages.CustomerLoginPage.verifyLogoutTab(CustomerLoginPage.java:53)
  com.bank.pages.CustomerLoginPage.verifyLogoutTab(CustomerLoginPage.java:53)
  com.bank.pages.CustomerLoginPage.verifyLogoutTab(CustomerLoginPage.java:53)
  com.bank.pages.CustomerLoginPage.verifyLogoutTab(CustomerLoginPage.java:53)
  com.bank.pages.CustomerLoginPage.verifyLogoutTab(CustomerLoginPage.java:53)
  com.bank.pages.CustomerLoginPage.verifyLogoutTab(CustomerLoginPage.java:53)
  com.bank.pages.CustomerLoginPage.verifyLogoutTab(CustomerLoginPage.java:53)
  com.bank.pages.CustomerLoginPage.verifyLogoutTab(CustomerLoginPage.java:53)
  com.bank.pages.CustomerLoginPage.verifyLogoutTab(CustomerLoginPage.java:53)
  com.bank.pages.CustomerLoginPage.verifyLogoutTab(CustomerLoginPage.java:53)
  com.bank.pages.CustomerLoginPage.verifyLogoutTab(CustomerLoginPage.java:53)
  com.bank.pages.CustomerLoginPage.verifyLogoutTab(CustomerLoginPage.java:53)
  com.bank.pages.CustomerLoginPage.verifyLogoutTab(CustomerLoginPage.java:53)
  com.bank.pages.CustomerLoginPage.verifyLogoutTab(CustomerLoginPage.java:53)
  com.bank.pages.CustomerLoginPage.verifyLogoutTab(CustomerLoginPage.java:53)
  com.bank.pages.CustomerLoginPage.verifyLogoutTab(CustomerLoginPage.java:53)
  com.bank.pages.CustomerLoginPage.verifyLogoutTab(CustomerLoginPage.java:53)
  com.bank.pages.CustomerLoginPage.verifyLogoutTab(CustomerLoginPage.java:53)
  com.bank.pages.CustomerLoginPage.verifyLogoutTab(CustomerLoginPage.java:53)
  com.bank.pages.CustomerLoginPage.verifyLogoutTab(CustomerLoginPage.java:53)
  com.bank.pages.CustomerLoginPage.verifyLogoutTab(CustomerLoginPage.java:53)
  com.bank.pages.CustomerLoginPage.verifyLogoutTab(CustomerLoginPage.java:53)
  com.bank.pages.CustomerLoginPage.verifyLogoutTab(CustomerLoginPage.java:53)
  com.bank.pages.CustomerLoginPage.verifyLogoutTab(CustomerLoginPage.java:53)
  com.bank.pages.CustomerLoginPage.verifyLogoutTab(CustomerLoginPage.java:53)
  com.bank.pages.CustomerLoginPage.verifyLogoutTab(CustomerLoginPage.java:53)
  com.bank.pages.CustomerLoginPage.verifyLogoutTab(CustomerLoginPage.java:53)
  com.bank.pages.CustomerLoginPage.verifyLogoutTab(CustomerLoginPage.java:53)
  com.bank.pages.CustomerLoginPage.verifyLogoutTab(CustomerLoginPage.java:53)
  com.bank.pages.CustomerLoginPage.verifyLogoutTab(CustomerLoginPage.java:53)
  com.bank.pages.CustomerLoginPage.verifyLogoutTab(CustomerLoginPage.java:53)
  com.bank.pages.CustomerLoginPage.verifyLogoutTab(CustomerLoginPage.java:53)
  com.bank.pages.CustomerLoginPage.verifyLogoutTab(CustomerLoginPage.java:53)
  com.bank.pages.CustomerLoginPage.verifyLogoutTab(CustomerLoginPage.java:53)
  com.bank.pages.CustomerLoginPage.verifyLogoutTab(CustomerLoginPage.java:53)
  com.bank.pages.CustomerLoginPage.verifyLogoutTab(CustomerLoginPage.java:53)
  com.bank.pages.CustomerLoginPage.verifyLogoutTab(CustomerLoginPage.java:53)
  com.bank.pages.CustomerLoginPage.verifyLogoutTab(CustomerLoginPage.java:53)
  com.bank.pages.CustomerLoginPage.verifyLogoutTab(CustomerLoginPage.java:53)
  com.bank.pages.CustomerLoginPage.verifyLogoutTab(CustomerLoginPage.java:53)
  com.bank.pages.CustomerLoginPage.verifyLogoutTab(CustomerLoginPage.java:53)
  com.bank.pages.CustomerLoginPage.verifyLogoutTab(CustomerLoginPage.java:53)
  com.bank.pages.CustomerLoginPage.verifyLogoutTab(CustomerLoginPage.java:53)
  com.bank.pages.CustomerLoginPage.verifyLogoutTab(CustomerLoginPage.java:53)
  com.bank.pages.CustomerLoginPage.verifyLogoutTab(CustomerLoginPage.java:53)
  com.bank.pages.CustomerLoginPage.verifyLogoutTab(CustomerLoginPage.java:53)
  com.bank.pages.CustomerLoginPage.verifyLogoutTab(CustomerLoginPage.java:53)
  com.bank.pages.CustomerLoginPage.verifyLogoutTab(CustomerLoginPage.java:53)
  com.bank.pages.CustomerLoginPage.verifyLogoutTab(CustomerLoginPage.java:53)
  com.bank.pages.CustomerLoginPage.verifyLogoutTab(CustomerLoginPage.java:53)
  com.bank.pages.CustomerLoginPage.verifyLogoutTab(CustomerLoginPage.java:53)
  com.bank.pages.CustomerLoginPage.verifyLogoutTab(CustomerLoginPage.java:53)
  com.bank.pages.CustomerLoginPage.verifyLogoutTab(CustomerLoginPage.java:53)
  com.bank.pages.CustomerLoginPage.verifyLogoutTab(CustomerLoginPage.java:53)
  com.bank.pages.CustomerLoginPage.verifyLogoutTab(CustomerLoginPage.java:53)
  com.bank.pages.CustomerLoginPage.verifyLogoutTab(CustomerLoginPage.java:53)
  com.bank.pages.CustomerLoginPage.verifyLogoutTab(CustomerLoginPage.java:53)
  com.bank.pages.CustomerLoginPage.verifyLogoutTab(CustomerLoginPage.java:53)
  com.bank.pages.CustomerLoginPage.verifyLogoutTab(CustomerLoginPage.java:53)
  com.bank.pages.CustomerLoginPage.verifyLogoutTab(CustomerLoginPage.java:53)
  com.bank.pages.CustomerLoginPage.verifyLogoutTab(CustomerLoginPage.java:53)
  com.bank.pages.CustomerLoginPage.verifyLogoutTab(CustomerLoginPage.java:53)
  com.bank.pages.CustomerLoginPage.verifyLogoutTab(CustomerLoginPage.java:53)
  com.bank.pages.CustomerLoginPage.verifyLogoutTab(CustomerLoginPage.java:53)
  com.bank.pages.CustomerLoginPage.verifyLogoutTab(CustomerLoginPage.java:53)
  com.bank.pages.CustomerLoginPage.verifyLogoutTab(CustomerLoginPage.java:53)
  com.bank.pages.CustomerLoginPage.verifyLogoutTab(CustomerLoginPage.java:53)
  com.bank.pages.CustomerLoginPage.verifyLogoutTab(CustomerLoginPage.java:53)
  com.bank.pages.CustomerLoginPage.verifyLogoutTab(CustomerLoginPage.java:53)
  com.bank.pages.CustomerLoginPage.verifyLogoutTab(CustomerLoginPage.java:53)
  com.bank.pages.CustomerLoginPage.verifyLogoutTab(CustomerLoginPage.java:53)
  com.bank.pages.CustomerLoginPage.verifyLogoutTab(CustomerLoginPage.java:53)
  com.bank.pages.CustomerLoginPage.verifyLogoutTab(CustomerLoginPage.java:53)
  com.bank.pages.CustomerLoginPage.verifyLogoutTab(CustomerLoginPage.java:53)
  com.bank.pages.CustomerLoginPage.verifyLogoutTab(CustomerLoginPage.java:53)
  com.bank.pages.CustomerLoginPage.verifyLogoutTab(CustomerLoginPage.java:53)
  com.bank.pages.CustomerLoginPage.verifyLogoutTab(CustomerLoginPage.java:53)
  com.bank.pages.CustomerLoginPage.verifyLogoutTab(CustomerLoginPage.java:53)
  com.bank.pages.CustomerLoginPage.verifyLogoutTab(CustomerLoginPage.java:53)
  com.bank.pages.CustomerLoginPage.verifyLogoutTab(CustomerLoginPage.java:53)
  com.bank.pages.CustomerLoginPage.verifyLogoutTab(CustomerLoginPage.java:53)
  com.bank.pages.CustomerLoginPage.verifyLogoutTab(CustomerLoginPage.java:53)
  com.bank.pages.CustomerLoginPage.verifyLogoutTab(CustomerLoginPage.java:53)
  com.bank.pages.CustomerLoginPage.verifyLogoutTab(CustomerLoginPage.java:53)
  com.bank.pages.CustomerLoginPage.verifyLogoutTab(CustomerLoginPage.java:53)
  com.bank.pages.CustomerLoginPage.verifyLogoutTab(CustomerLoginPage.java:53)
  com.bank.pages.CustomerLoginPage.verifyLogoutTab(CustomerLoginPage.java:53)
  com.bank.pages.CustomerLoginPage.verifyLogoutTab(CustomerLoginPage.java:53)
  com.bank.pages.CustomerLoginPage.verifyLogoutTab(CustomerLoginPage.java:53)
  com.bank.pages.CustomerLoginPage.verifyLogoutTab(CustomerLoginPage.java:53)
  com.bank.pages.CustomerLoginPage.verifyLogoutTab(CustomerLoginPage.java:53)
  com.bank.pages.CustomerLoginPage.verifyLogoutTab(CustomerLoginPage.java:53)
  com.bank.pages.CustomerLoginPage.verifyLogoutTab(CustomerLoginPage.java:53)
  com.bank.pages.CustomerLoginPage.verifyLogoutTab(CustomerLoginPage.java:53)
  com.bank.pages.CustomerLoginPage.verifyLogoutTab(CustomerLoginPage.java:53)
  com.bank.pages.CustomerLoginPage.verifyLogoutTab(CustomerLoginPage.java:53)
  com.bank.pages.CustomerLoginPage.verifyLogoutTab(CustomerLoginPage.java:53)
  com.bank.pages.CustomerLoginPage.verifyLogoutTab(CustomerLoginPage.java:53)
  com.bank.pages.CustomerLoginPage.verifyLogoutTab(CustomerLoginPage.java:53)
  com.bank.pages.CustomerLoginPage.verifyLogoutTab(CustomerLoginPage.java:53)
  com.bank.pages.CustomerLoginPage.verifyLogoutTab(CustomerLoginPage.java:53)
  com.bank.pages.CustomerLoginPage.verifyLogoutTab(CustomerLoginPage.java:53)
  com.bank.pages.CustomerLoginPage.verifyLogoutTab(CustomerLoginPage.java:53)
  com.bank.pages.CustomerLoginPage.verifyLogoutTab(CustomerLoginPage.java:53)
  com.bank.pages.CustomerLoginPage.verifyLogoutTab(CustomerLoginPage.java:53)
  com.bank.pages.CustomerLoginPage.verifyLogoutTab(CustomerLoginPage.java:53)
  com.bank.pages.CustomerLoginPage.verifyLogoutTab(CustomerLoginPage.java:53)
  com.bank.pages.CustomerLoginPage.verifyLogoutTab(CustomerLoginPage.java:53)
  com.bank.pages.CustomerLoginPage.verifyLogoutTab(CustomerLoginPage.java:53)
  com.bank.pages.CustomerLoginPage.verifyLogoutTab(CustomerLoginPage.java:53)
  com.bank.pages.CustomerLoginPage.verifyLogoutTab(CustomerLoginPage.java:53)
  com.bank.pages.CustomerLoginPage.verifyLogoutTab(CustomerLoginPage.java:53)
  com.bank.pages.CustomerLoginPage.verifyLogoutTab(CustomerLoginPage.java:53)
  com.bank.pages.CustomerLoginPage.verifyLogoutTab(CustomerLoginPage.java:53)
  com.bank.pages.CustomerLoginPage.verifyLogoutTab(CustomerLoginPage.java:53)
  com.bank.pages.CustomerLoginPage.verifyLogoutTab(CustomerLoginPage.java:53)
  com.bank.pages.CustomerLoginPage.verifyLogoutTab(CustomerLoginPage.java:53)
  com.bank.pages.CustomerLoginPage.verifyLogoutTab(CustomerLoginPage.java:53)
  com.bank.pages.CustomerLoginPage.verifyLogoutTab(CustomerLoginPage.java:53)
  com.bank.pages.CustomerLoginPage.verifyLogoutTab(CustomerLoginPage.java:53)
  com.bank.pages.CustomerLoginPage.verifyLogoutTab(CustomerLoginPage.java:53)
  com.bank.pages.CustomerLoginPage.verifyLogoutTab(CustomerLoginPage.java:53)
  com.bank.pages.CustomerLoginPage.verifyLogoutTab(CustomerLoginPage.java:53)
  com.bank.pages.CustomerLoginPage.verifyLogoutTab(CustomerLoginPage.java:53)
  com.bank.pages.CustomerLoginPage.verifyLogoutTab(CustomerLoginPage.java:53)
  com.bank.pages.CustomerLoginPage.verifyLogoutTab(CustomerLoginPage.java:53)
  com.bank.pages.CustomerLoginPage.verifyLogoutTab(CustomerLoginPage.java:53)
  com.bank.pages.CustomerLoginPage.verifyLogoutTab(CustomerLoginPage.java:53)
  com.bank.pages.CustomerLoginPage.verifyLogoutTab(CustomerLoginPage.java:53)
  com.bank.pages.CustomerLoginPage.verifyLogoutTab(CustomerLoginPage.java:53)
  com.bank.pages.CustomerLoginPage.verifyLogoutTab(CustomerLoginPage.java:53)
  com.bank.pages.CustomerLoginPage.verifyLogoutTab(CustomerLoginPage.java:53)
  com.bank.pages.CustomerLoginPage.verifyLogoutTab(CustomerLoginPage.java:53)
  com.bank.pages.CustomerLoginPage.verifyLogoutTab(CustomerLoginPage.java:53)
  com.bank.pages.CustomerLoginPage.verifyLogoutTab(CustomerLoginPage.java:53)
  com.bank.pages.CustomerLoginPage.verifyLogoutTab(CustomerLoginPage.java:53)
  com.bank.pages.CustomerLoginPage.verifyLogoutTab(CustomerLoginPage.java:53)
  com.bank.pages.CustomerLoginPage.verifyLogoutTab(CustomerLoginPage.java:53)
  com.bank.pages.CustomerLoginPage.verifyLogoutTab(CustomerLoginPage.java:53)
  com.bank.pages.CustomerLoginPage.verifyLogoutTab(CustomerLoginPage.java:53)
  com.bank.pages.CustomerLoginPage.verifyLogoutTab(CustomerLoginPage.java:53)
  com.bank.pages.CustomerLoginPage.verifyLogoutTab(CustomerLoginPage.java:53)
  com.bank.pages.CustomerLoginPage.verifyLogoutTab(CustomerLoginPage.java:53)
  com.bank.pages.CustomerLoginPage.verifyLogoutTab(CustomerLoginPage.java:53)
  com.bank.pages.CustomerLoginPage.verifyLogoutTab(CustomerLoginPage.java:53)
  com.bank.pages.CustomerLoginPage.verifyLogoutTab(CustomerLoginPage.java:53)
  com.bank.pages.CustomerLoginPage.verifyLogoutTab(CustomerLoginPage.java:53)
  com.bank.pages.CustomerLoginPage.verifyLogoutTab(CustomerLoginPage.java:53)
  com.bank.pages.CustomerLoginPage.verifyLogoutTab(CustomerLoginPage.java:53)
  com.bank.pages.CustomerLoginPage.verifyLogoutTab(CustomerLoginPage.java:53)
  com.bank.pages.CustomerLoginPage.verifyLogoutTab(CustomerLoginPage.java:53)
  com.bank.pages.CustomerLoginPage.verifyLogoutTab(CustomerLoginPage.java:53)
  com.bank.pages.CustomerLoginPage.verifyLogoutTab(CustomerLoginPage.java:53)
  com.bank.pages.CustomerLoginPage.verifyLogoutTab(CustomerLoginPage.java:53)
  com.bank.pages.CustomerLoginPage.verifyLogoutTab(CustomerLoginPage.java:53)
  com.bank.pages.CustomerLoginPage.verifyLogoutTab(CustomerLoginPage.java:53)
  com.bank.pages.CustomerLoginPage.verifyLogoutTab(CustomerLoginPage.java:53)
  com.bank.pages.CustomerLoginPage.verifyLogoutTab(CustomerLoginPage.java:53)
  com.bank.pages.CustomerLoginPage.verifyLogoutTab(CustomerLoginPage.java:53)
  com.bank.pages.CustomerLoginPage.verifyLogoutTab(CustomerLoginPage.java:53)
  com.bank.pages.CustomerLoginPage.verifyLogoutTab(CustomerLoginPage.java:53)
  com.bank.pages.CustomerLoginPage.verifyLogoutTab(CustomerLoginPage.java:53)
  com.bank.pages.CustomerLoginPage.verifyLogoutTab(CustomerLoginPage.java:53)
  com.bank.pages.CustomerLoginPage.verifyLogoutTab(CustomerLoginPage.java:53)
  com.bank.pages.CustomerLoginPage.verifyLogoutTab(CustomerLoginPage.java:53)
  com.bank.pages.CustomerLoginPage.verifyLogoutTab(CustomerLoginPage.java:53)
  com.bank.pages.CustomerLoginPage.verifyLogoutTab(CustomerLoginPage.java:53)
  com.bank.pages.CustomerLoginPage.verifyLogoutTab(CustomerLoginPage.java:53)
  com.bank.pages.CustomerLoginPage.verifyLogoutTab(CustomerLoginPage.java:53)
  com.bank.pages.CustomerLoginPage.verifyLogoutTab(CustomerLoginPage.java:53)
  com.bank.pages.CustomerLoginPage.verifyLogoutTab(CustomerLoginPage.java:53)
  com.bank.pages.CustomerLoginPage.verifyLogoutTab(CustomerLoginPage.java:53)
  com.bank.pages.CustomerLoginPage.verifyLogoutTab(CustomerLoginPage.java:53)
  com.bank.pages.CustomerLoginPage.verifyLogoutTab(CustomerLoginPage.java:53)
  com.bank.pages.CustomerLoginPage.verifyLogoutTab(CustomerLoginPage.java:53)
  com.bank.pages.CustomerLoginPage.verifyLogoutTab(CustomerLoginPage.java:53)
  com.bank.pages.CustomerLoginPage.verifyLogoutTab(CustomerLoginPage.java:53)
  com.bank.pages.CustomerLoginPage.verifyLogoutTab(CustomerLoginPage.java:53)
  com.bank.pages.CustomerLoginPage.verifyLogoutTab(CustomerLoginPage.java:53)
  com.bank.pages.CustomerLoginPage.verifyLogoutTab(CustomerLoginPage.java:53)
  com.bank.pages.CustomerLoginPage.verifyLogoutTab(CustomerLoginPage.java:53)
  com.bank.pages.CustomerLoginPage.verifyLogoutTab(CustomerLoginPage.java:53)
  com.bank.pages.CustomerLoginPage.verifyLogoutTab(CustomerLoginPage.java:53)
  com.bank.pages.CustomerLoginPage.verifyLogoutTab(CustomerLoginPage.java:53)
  com.bank.pages.CustomerLoginPage.verifyLogoutTab(CustomerLoginPage.java:53)
  com.bank.pages.CustomerLoginPage.verifyLogoutTab(CustomerLoginPage.java:53)
  com.bank.pages.CustomerLoginPage.verifyLogoutTab(CustomerLoginPage.java:53)
  com.bank.pages.CustomerLoginPage.verifyLogoutTab(CustomerLoginPage.java:53)
  com.bank.pages.CustomerLoginPage.verifyLogoutTab(CustomerLoginPage.java:53)
  com.bank.pages.CustomerLoginPage.verifyLogoutTab(CustomerLoginPage.java:53)
  com.bank.pages.CustomerLoginPage.verifyLogoutTab(CustomerLoginPage.java:53)
  com.bank.pages.CustomerLoginPage.verifyLogoutTab(CustomerLoginPage.java:53)
  com.bank.pages.CustomerLoginPage.verifyLogoutTab(CustomerLoginPage.java:53)
  com.bank.pages.CustomerLoginPage.verifyLogoutTab(CustomerLoginPage.java:53)
  com.bank.pages.CustomerLoginPage.verifyLogoutTab(CustomerLoginPage.java:53)
  com.bank.pages.CustomerLoginPage.verifyLogoutTab(CustomerLoginPage.java:53)
  com.bank.pages.CustomerLoginPage.verifyLogoutTab(CustomerLoginPage.java:53)
  com.bank.pages.CustomerLoginPage.verifyLogoutTab(CustomerLoginPage.java:53)
  com.bank.pages.CustomerLoginPage.verifyLogoutTab(CustomerLoginPage.java:53)
  com.bank.pages.CustomerLoginPage.verifyLogoutTab(CustomerLoginPage.java:53)
  com.bank.pages.CustomerLoginPage.verifyLogoutTab(CustomerLoginPage.java:53)
  com.bank.pages.CustomerLoginPage.verifyLogoutTab(CustomerLoginPage.java:53)
  com.bank.pages.CustomerLoginPage.verifyLogoutTab(CustomerLoginPage.java:53)
  com.bank.pages.CustomerLoginPage.verifyLogoutTab(CustomerLoginPage.java:53)
  com.bank.pages.CustomerLoginPage.verifyLogoutTab(CustomerLoginPage.java:53)
  com.bank.pages.CustomerLoginPage.verifyLogoutTab(CustomerLoginPage.java:53)
  com.bank.pages.CustomerLoginPage.verifyLogoutTab(CustomerLoginPage.java:53)
  com.bank.pages.CustomerLoginPage.verifyLogoutTab(CustomerLoginPage.java:53)
  com.bank.pages.CustomerLoginPage.verifyLogoutTab(CustomerLoginPage.java:53)
  com.bank.pages.CustomerLoginPage.verifyLogoutTab(CustomerLoginPage.java:53)
  com.bank.pages.CustomerLoginPage.verifyLogoutTab(CustomerLoginPage.java:53)
  com.bank.pages.CustomerLoginPage.verifyLogoutTab(CustomerLoginPage.java:53)
  com.bank.pages.CustomerLoginPage.verifyLogoutTab(CustomerLoginPage.java:53)
  com.bank.pages.CustomerLoginPage.verifyLogoutTab(CustomerLoginPage.java:53)
  com.bank.pages.CustomerLoginPage.verifyLogoutTab(CustomerLoginPage.java:53)
  com.bank.pages.CustomerLoginPage.verifyLogoutTab(CustomerLoginPage.java:53)
  com.bank.pages.CustomerLoginPage.verifyLogoutTab(CustomerLoginPage.java:53)
]]>
      </failure>

          </testcase>
            <testcase name="customerShouldDepositMoneySuccessfully" time="0.739" classname="com.bank.testsuite.BankTest">
                <failure type="org.openqa.selenium.support.ui.UnexpectedTagNameException"
                  message="Element should have been &quot;select&quot; but was &quot;option&quot;
Build info: version: &apos;4.6.0&apos;, revision: &apos;79f1c02ae20&apos;
System info: os.name: &apos;Windows 10&apos;, os.arch: &apos;amd64&apos;, os.version: &apos;10.0&apos;, java.version: &apos;1.8.0_121&apos;
Driver info: driver.version: unknown"
              >
<![CDATA[org.openqa.selenium.support.ui.UnexpectedTagNameException: Element should have been "select" but was "option"
Build info: version: '4.6.0', revision: '79f1c02ae20'
System info: os.name: 'Windows 10', os.arch: 'amd64', os.version: '10.0', java.version: '1.8.0_121'
Driver info: driver.version: unknown
  org.openqa.selenium.support.ui.Select.<init>(Select.java:49)
  com.bank.utility.UtilityClass.selectByVisibleTextFromDropDown(UtilityClass.java:146)
  com.bank.pages.CustomerLoginPage.selectYourNameFromDropDown(CustomerLoginPage.java:34)
  com.bank.testsuite.BankTest.customerShouldDepositMoneySuccessfully(BankTest.java:72)
  sun.reflect.NativeMethodAccessorImpl.invoke0(Native Method)
  sun.reflect.NativeMethodAccessorImpl.invoke(NativeMethodAccessorImpl.java:62)
  sun.reflect.DelegatingMethodAccessorImpl.invoke(DelegatingMethodAccessorImpl.java:43)
  java.lang.reflect.Method.invoke(Method.java:498)
  org.testng.internal.invokers.MethodInvocationHelper.invokeMethod(MethodInvocationHelper.java:135)
  org.testng.internal.invokers.TestInvoker.invokeMethod(TestInvoker.java:673)
  org.testng.internal.invokers.TestInvoker.invokeTestMethod(TestInvoker.java:220)
  org.testng.internal.invokers.MethodRunner.runInSequence(MethodRunner.java:50)
  org.testng.internal.invokers.TestInvoker$MethodInvocationAgent.invoke(TestInvoker.java:945)
  org.testng.internal.invokers.TestInvoker.invokeTestMethods(TestInvoker.java:193)
  org.testng.internal.invokers.TestMethodWorker.invokeTestMethods(TestMethodWorker.java:146)
  org.testng.internal.invokers.TestMethodWorker.run(TestMethodWorker.java:128)
  java.util.ArrayList.forEach(ArrayList.java:1249)
  org.testng.TestRunner.privateRun(TestRunner.java:808)
  org.testng.TestRunner.run(TestRunner.java:603)
  org.testng.SuiteRunner.runTest(SuiteRunner.java:429)
  org.testng.SuiteRunner.runSequentially(SuiteRunner.java:423)
  org.testng.SuiteRunner.privateRun(SuiteRunner.java:383)
  org.testng.SuiteRunner.run(SuiteRunner.java:326)
  org.testng.SuiteRunnerWorker.runSuite(SuiteRunnerWorker.java:52)
  org.testng.SuiteRunnerWorker.run(SuiteRunnerWorker.java:95)
  org.testng.TestNG.runSuitesSequentially(TestNG.java:1249)
  org.testng.TestNG.runSuitesLocally(TestNG.java:1169)
  org.testng.TestNG.runSuites(TestNG.java:1092)
  org.testng.TestNG.run(TestNG.java:1060)
  com.intellij.rt.testng.IDEARemoteTestNG.run(IDEARemoteTestNG.java:66)
  com.intellij.rt.testng.RemoteTestNGStarter.main(RemoteTestNGStarter.java:109)
]]>
      </failure>

          </testcase>
            <testcase name="customerShouldWithdrawMoneySuccessfully" time="0.652" classname="com.bank.testsuite.BankTest">
                <failure type="org.openqa.selenium.support.ui.UnexpectedTagNameException"
                  message="Element should have been &quot;select&quot; but was &quot;option&quot;
Build info: version: &apos;4.6.0&apos;, revision: &apos;79f1c02ae20&apos;
System info: os.name: &apos;Windows 10&apos;, os.arch: &apos;amd64&apos;, os.version: &apos;10.0&apos;, java.version: &apos;1.8.0_121&apos;
Driver info: driver.version: unknown"
              >
<![CDATA[org.openqa.selenium.support.ui.UnexpectedTagNameException: Element should have been "select" but was "option"
Build info: version: '4.6.0', revision: '79f1c02ae20'
System info: os.name: 'Windows 10', os.arch: 'amd64', os.version: '10.0', java.version: '1.8.0_121'
Driver info: driver.version: unknown
  org.openqa.selenium.support.ui.Select.<init>(Select.java:49)
  com.bank.utility.UtilityClass.selectByVisibleTextFromDropDown(UtilityClass.java:146)
  com.bank.pages.CustomerLoginPage.selectYourNameFromDropDown(CustomerLoginPage.java:34)
  com.bank.testsuite.BankTest.customerShouldWithdrawMoneySuccessfully(BankTest.java:86)
  sun.reflect.NativeMethodAccessorImpl.invoke0(Native Method)
  sun.reflect.NativeMethodAccessorImpl.invoke(NativeMethodAccessorImpl.java:62)
  sun.reflect.DelegatingMethodAccessorImpl.invoke(DelegatingMethodAccessorImpl.java:43)
  java.lang.reflect.Method.invoke(Method.java:498)
  org.testng.internal.invokers.MethodInvocationHelper.invokeMethod(MethodInvocationHelper.java:135)
  org.testng.internal.invokers.TestInvoker.invokeMethod(TestInvoker.java:673)
  org.testng.internal.invokers.TestInvoker.invokeTestMethod(TestInvoker.java:220)
  org.testng.internal.invokers.MethodRunner.runInSequence(MethodRunner.java:50)
  org.testng.internal.invokers.TestInvoker$MethodInvocationAgent.invoke(TestInvoker.java:945)
  org.testng.internal.invokers.TestInvoker.invokeTestMethods(TestInvoker.java:193)
  org.testng.internal.invokers.TestMethodWorker.invokeTestMethods(TestMethodWorker.java:146)
  org.testng.internal.invokers.TestMethodWorker.run(TestMethodWorker.java:128)
  java.util.ArrayList.forEach(ArrayList.java:1249)
  org.testng.TestRunner.privateRun(TestRunner.java:808)
  org.testng.TestRunner.run(TestRunner.java:603)
  org.testng.SuiteRunner.runTest(SuiteRunner.java:429)
  org.testng.SuiteRunner.runSequentially(SuiteRunner.java:423)
  org.testng.SuiteRunner.privateRun(SuiteRunner.java:383)
  org.testng.SuiteRunner.run(SuiteRunner.java:326)
  org.testng.SuiteRunnerWorker.runSuite(SuiteRunnerWorker.java:52)
  org.testng.SuiteRunnerWorker.run(SuiteRunnerWorker.java:95)
  org.testng.TestNG.runSuitesSequentially(TestNG.java:1249)
  org.testng.TestNG.runSuitesLocally(TestNG.java:1169)
  org.testng.TestNG.runSuites(TestNG.java:1092)
  org.testng.TestNG.run(TestNG.java:1060)
  com.intellij.rt.testng.IDEARemoteTestNG.run(IDEARemoteTestNG.java:66)
  com.intellij.rt.testng.RemoteTestNGStarter.main(RemoteTestNGStarter.java:109)
]]>
      </failure>

          </testcase>
  
  
            <testcase name="bankManagerShouldAddCustomerSuccessfully" time="12.111" classname="com.bank.testsuite.BankTest" />
                <testcase name="bankManagerShouldOpenAccountSuccessfully" time="1.328" classname="com.bank.testsuite.BankTest" />
      
</testsuite>
